[2022-03-13 03:29:23.759] [exthost] [info] Extension host with pid 265048 started
[2022-03-13 03:29:23.776] [exthost] [info] Lock '/opt/projectcode/MightyWarriors/.vscode-server/data/User/workspaceStorage/34374b986d6c75f0046fb3f4b330f69e/vscode.lock': Lock acquired.
[2022-03-13 03:29:23.941] [exthost] [info] ExtensionService#_doActivateExtension vscode.debug-auto-launch, startup: true, activationEvent: '*'
[2022-03-13 03:29:23.946] [exthost] [info] ExtensionService#_doActivateExtension vscode.git-base, startup: true, activationEvent: '*', root cause: vscode.github
[2022-03-13 03:29:23.949] [exthost] [info] ExtensionService#_doActivateExtension vscode.ipynb, startup: true, activationEvent: '*'
[2022-03-13 03:29:24.610] [exthost] [info] ExtensionService#_doActivateExtension vscode.git, startup: true, activationEvent: '*'
[2022-03-13 03:29:24.671] [exthost] [info] ExtensionService#_doActivateExtension vscode.github, startup: true, activationEvent: '*'
[2022-03-13 03:29:24.764] [exthost] [info] ExtensionService#_doActivateExtension vscode.emmet, startup: false, activationEvent: 'onStartupFinished'
[2022-03-13 03:29:24.780] [exthost] [info] ExtensionService#_doActivateExtension vscode.merge-conflict, startup: false, activationEvent: 'onStartupFinished'
[2022-03-13 03:29:24.783] [exthost] [info] Eager extensions activated
[2022-03-13 03:29:40.234] [exthost] [info] ExtensionService#_doActivateExtension vscode.debug-server-ready, startup: false, activationEvent: 'onDebugResolve'
[2022-03-13 03:29:40.273] [exthost] [info] ExtensionService#_doActivateExtension vscode.grunt, startup: false, activationEvent: 'onTaskType:grunt'
[2022-03-13 03:29:40.282] [exthost] [info] ExtensionService#_doActivateExtension vscode.gulp, startup: false, activationEvent: 'onTaskType:gulp'
[2022-03-13 03:29:40.291] [exthost] [info] ExtensionService#_doActivateExtension vscode.jake, startup: false, activationEvent: 'onTaskType:jake'
[2022-03-13 03:29:40.298] [exthost] [info] ExtensionService#_doActivateExtension vscode.npm, startup: false, activationEvent: 'onTaskType:npm'
[2022-03-13 03:29:40.334] [exthost] [info] ExtensionService#_doActivateExtension vscode.typescript-language-features, startup: false, activationEvent: 'onTaskType:typescript'
[2022-03-13 03:29:40.512] [exthost] [info] ExtensionService#_doActivateExtension vscode.configuration-editing, startup: false, activationEvent: 'onLanguage:json'
[2022-03-13 03:29:40.520] [exthost] [info] ExtensionService#_doActivateExtension vscode.extension-editing, startup: false, activationEvent: 'onLanguage:json'
[2022-03-13 03:29:40.539] [exthost] [info] ExtensionService#_doActivateExtension vscode.json-language-features, startup: false, activationEvent: 'onLanguage:json'
[2022-03-13 03:50:31.007] [exthost] [info] ExtensionService#_doActivateExtension vscode.markdown-language-features, startup: false, activationEvent: 'onLanguage:markdown'
[2022-03-13 03:50:31.445] [exthost] [info] ExtensionService#_doActivateExtension vscode.markdown-math, startup: false, activationEvent: 'api', root cause: vscode.markdown-language-features
[2022-03-13 05:39:22.005] [exthost] [info] extension host terminating: received terminate message from renderer
[2022-03-13 05:39:22.006] [exthost] [info] Lock '/opt/projectcode/MightyWarriors/.vscode-server/data/User/workspaceStorage/34374b986d6c75f0046fb3f4b330f69e/vscode.lock': Marking the lockfile as scheduled to be released in 6000 ms.
[2022-03-13 05:39:22.044] [exthost] [info] Extension host with pid 265048 exiting with code 0
