[2022-03-15T05:36:59.697Z] Validating found git in: git
[2022-03-15T05:36:59.739Z] Using git 2.25.1 from git
[2022-03-15T05:36:59.774Z] > git rev-parse --git-dir [1ms]
[2022-03-15T05:36:59.780Z] Open repository: /opt/projectcode/MightyWarriors
[2022-03-15T05:36:59.813Z] > git symbolic-ref --short HEAD [1ms]
[2022-03-15T05:36:59.817Z] > git for-each-ref --format=%(refname)%00%(upstream:short)%00%(objectname)%00%(upstream:track) refs/heads/Server refs/remotes/Server [1ms]
[2022-03-15T05:36:59.823Z] > git remote --verbose [1ms]
[2022-03-15T05:36:59.824Z] > git for-each-ref --sort -committerdate --format %(refname) %(objectname) %(*objectname) [4ms]
[2022-03-15T05:36:59.831Z] > git config --get commit.template [1ms]
[2022-03-15T05:37:00.158Z] > git fetch [374ms]
[2022-03-15T05:37:00.158Z] Missing or invalid credentials.
Skip silent fetch commands
Missing or invalid credentials.
Skip silent fetch commands
remote: Repository not found.
fatal: Authentication failed for 'https://github.com/TheBuilderHero/MightyWarriors.git/'
[2022-03-15T05:37:00.422Z] > git ls-files --stage -- /opt/projectcode/MightyWarriors/source.cpp [4ms]
[2022-03-15T05:37:00.427Z] > git cat-file -s d68800753b296ef9d664a7537a4cddfd6afe9130 [2ms]
[2022-03-15T05:37:01.250Z] > git ls-files --stage -- /opt/projectcode/MightyWarriors/source.cpp [2ms]
[2022-03-15T05:37:01.254Z] > git cat-file -s d68800753b296ef9d664a7537a4cddfd6afe9130 [1ms]
[2022-03-15T05:37:04.422Z] > git log --format=%H%n%aN%n%aE%n%at%n%ct%n%P%n%B -z -n21 -- /opt/projectcode/MightyWarriors/source.cpp [9ms]
[2022-03-15T05:37:09.209Z] > git symbolic-ref --short HEAD [1ms]
[2022-03-15T05:37:09.213Z] > git for-each-ref --format=%(refname)%00%(upstream:short)%00%(objectname)%00%(upstream:track) refs/heads/Server refs/remotes/Server [1ms]
[2022-03-15T05:37:09.220Z] > git for-each-ref --sort -committerdate --format %(refname) %(objectname) %(*objectname) [4ms]
[2022-03-15T05:37:09.221Z] > git remote --verbose [2ms]
[2022-03-15T05:37:09.227Z] > git config --get commit.template [1ms]
[2022-03-15T05:37:14.281Z] > git symbolic-ref --short HEAD [3ms]
[2022-03-15T05:37:14.293Z] > git for-each-ref --format=%(refname)%00%(upstream:short)%00%(objectname)%00%(upstream:track) refs/heads/Server refs/remotes/Server [4ms]
[2022-03-15T05:37:14.313Z] > git for-each-ref --sort -committerdate --format %(refname) %(objectname) %(*objectname) [11ms]
[2022-03-15T05:37:14.317Z] > git remote --verbose [8ms]
[2022-03-15T05:37:14.327Z] > git config --get commit.template [1ms]
[2022-03-15T05:37:19.379Z] > git symbolic-ref --short HEAD [3ms]
[2022-03-15T05:37:19.391Z] > git for-each-ref --format=%(refname)%00%(upstream:short)%00%(objectname)%00%(upstream:track) refs/heads/Server refs/remotes/Server [4ms]
[2022-03-15T05:37:19.410Z] > git for-each-ref --sort -committerdate --format %(refname) %(objectname) %(*objectname) [11ms]
[2022-03-15T05:37:19.412Z] > git remote --verbose [5ms]
[2022-03-15T05:37:19.426Z] > git config --get commit.template [2ms]
[2022-03-15T05:37:24.451Z] > git symbolic-ref --short HEAD [1ms]
[2022-03-15T05:37:24.454Z] > git for-each-ref --format=%(refname)%00%(upstream:short)%00%(objectname)%00%(upstream:track) refs/heads/Server refs/remotes/Server [1ms]
[2022-03-15T05:37:24.460Z] > git for-each-ref --sort -committerdate --format %(refname) %(objectname) %(*objectname) [4ms]
[2022-03-15T05:37:24.461Z] > git remote --verbose [2ms]
[2022-03-15T05:37:24.466Z] > git config --get commit.template [1ms]
[2022-03-15T05:37:29.489Z] > git symbolic-ref --short HEAD [1ms]
[2022-03-15T05:37:29.493Z] > git for-each-ref --format=%(refname)%00%(upstream:short)%00%(objectname)%00%(upstream:track) refs/heads/Server refs/remotes/Server [1ms]
[2022-03-15T05:37:29.499Z] > git for-each-ref --sort -committerdate --format %(refname) %(objectname) %(*objectname) [4ms]
[2022-03-15T05:37:29.499Z] > git remote --verbose [1ms]
[2022-03-15T05:37:29.506Z] > git config --get commit.template [1ms]
[2022-03-15T05:37:35.227Z] > git symbolic-ref --short HEAD [2ms]
[2022-03-15T05:37:35.235Z] > git for-each-ref --format=%(refname)%00%(upstream:short)%00%(objectname)%00%(upstream:track) refs/heads/Server refs/remotes/Server [3ms]
[2022-03-15T05:37:35.247Z] > git for-each-ref --sort -committerdate --format %(refname) %(objectname) %(*objectname) [7ms]
[2022-03-15T05:37:35.248Z] > git remote --verbose [3ms]
[2022-03-15T05:37:35.260Z] > git config --get commit.template [2ms]
[2022-03-15T05:37:39.461Z] > git rev-list --count be75aa83fc036b6c6f64aa66fbe238a2162f25be.. -- /opt/projectcode/MightyWarriors/source.cpp [6ms]
[2022-03-15T05:37:39.476Z] > git log --format=%H%n%aN%n%aE%n%at%n%ct%n%P%n%B -z -n8 -- /opt/projectcode/MightyWarriors/source.cpp [2ms]
[2022-03-15T05:37:40.284Z] > git symbolic-ref --short HEAD [1ms]
[2022-03-15T05:37:40.289Z] > git for-each-ref --format=%(refname)%00%(upstream:short)%00%(objectname)%00%(upstream:track) refs/heads/Server refs/remotes/Server [2ms]
[2022-03-15T05:37:40.296Z] > git for-each-ref --sort -committerdate --format %(refname) %(objectname) %(*objectname) [4ms]
[2022-03-15T05:37:40.297Z] > git remote --verbose [2ms]
[2022-03-15T05:37:40.305Z] > git config --get commit.template [1ms]
[2022-03-15T05:37:45.324Z] > git symbolic-ref --short HEAD [0ms]
[2022-03-15T05:37:45.328Z] > git for-each-ref --format=%(refname)%00%(upstream:short)%00%(objectname)%00%(upstream:track) refs/heads/Server refs/remotes/Server [1ms]
[2022-03-15T05:37:45.333Z] > git for-each-ref --sort -committerdate --format %(refname) %(objectname) %(*objectname) [3ms]
[2022-03-15T05:37:45.333Z] > git remote --verbose [1ms]
[2022-03-15T05:37:45.338Z] > git config --get commit.template [1ms]
[2022-03-15T05:37:50.386Z] > git symbolic-ref --short HEAD [1ms]
[2022-03-15T05:37:50.391Z] > git for-each-ref --format=%(refname)%00%(upstream:short)%00%(objectname)%00%(upstream:track) refs/heads/Server refs/remotes/Server [1ms]
[2022-03-15T05:37:50.397Z] > git for-each-ref --sort -committerdate --format %(refname) %(objectname) %(*objectname) [4ms]
[2022-03-15T05:37:50.397Z] > git remote --verbose [1ms]
[2022-03-15T05:37:50.402Z] > git config --get commit.template [0ms]
[2022-03-15T05:37:55.454Z] > git symbolic-ref --short HEAD [3ms]
[2022-03-15T05:37:55.467Z] > git for-each-ref --format=%(refname)%00%(upstream:short)%00%(objectname)%00%(upstream:track) refs/heads/Server refs/remotes/Server [5ms]
[2022-03-15T05:37:55.479Z] > git for-each-ref --sort -committerdate --format %(refname) %(objectname) %(*objectname) [6ms]
[2022-03-15T05:37:55.480Z] > git remote --verbose [2ms]
[2022-03-15T05:37:55.491Z] > git config --get commit.template [2ms]
[2022-03-15T05:38:00.542Z] > git symbolic-ref --short HEAD [2ms]
[2022-03-15T05:38:00.554Z] > git for-each-ref --format=%(refname)%00%(upstream:short)%00%(objectname)%00%(upstream:track) refs/heads/Server refs/remotes/Server [3ms]
[2022-03-15T05:38:00.571Z] > git for-each-ref --sort -committerdate --format %(refname) %(objectname) %(*objectname) [9ms]
[2022-03-15T05:38:00.572Z] > git remote --verbose [3ms]
[2022-03-15T05:38:00.580Z] > git config --get commit.template [1ms]
[2022-03-15T05:38:05.601Z] > git symbolic-ref --short HEAD [1ms]
[2022-03-15T05:38:05.605Z] > git for-each-ref --format=%(refname)%00%(upstream:short)%00%(objectname)%00%(upstream:track) refs/heads/Server refs/remotes/Server [1ms]
[2022-03-15T05:38:05.610Z] > git for-each-ref --sort -committerdate --format %(refname) %(objectname) %(*objectname) [3ms]
[2022-03-15T05:38:05.610Z] > git remote --verbose [1ms]
[2022-03-15T05:38:05.615Z] > git config --get commit.template [0ms]
[2022-03-15T05:38:10.666Z] > git symbolic-ref --short HEAD [3ms]
[2022-03-15T05:38:10.678Z] > git for-each-ref --format=%(refname)%00%(upstream:short)%00%(objectname)%00%(upstream:track) refs/heads/Server refs/remotes/Server [4ms]
[2022-03-15T05:38:10.695Z] > git for-each-ref --sort -committerdate --format %(refname) %(objectname) %(*objectname) [9ms]
[2022-03-15T05:38:10.696Z] > git remote --verbose [3ms]
[2022-03-15T05:38:10.704Z] > git config --get commit.template [1ms]
[2022-03-15T05:38:16.239Z] > git symbolic-ref --short HEAD [3ms]
[2022-03-15T05:38:16.251Z] > git for-each-ref --format=%(refname)%00%(upstream:short)%00%(objectname)%00%(upstream:track) refs/heads/Server refs/remotes/Server [3ms]
[2022-03-15T05:38:16.270Z] > git for-each-ref --sort -committerdate --format %(refname) %(objectname) %(*objectname) [10ms]
[2022-03-15T05:38:16.271Z] > git remote --verbose [3ms]
[2022-03-15T05:38:16.284Z] > git config --get commit.template [1ms]
[2022-03-15T05:38:21.335Z] > git symbolic-ref --short HEAD [3ms]
[2022-03-15T05:38:21.347Z] > git for-each-ref --format=%(refname)%00%(upstream:short)%00%(objectname)%00%(upstream:track) refs/heads/Server refs/remotes/Server [4ms]
[2022-03-15T05:38:21.366Z] > git for-each-ref --sort -committerdate --format %(refname) %(objectname) %(*objectname) [10ms]
[2022-03-15T05:38:21.367Z] > git remote --verbose [4ms]
[2022-03-15T05:38:21.377Z] > git config --get commit.template [1ms]
[2022-03-15T05:38:36.500Z] > git symbolic-ref --short HEAD [1ms]
[2022-03-15T05:38:36.505Z] > git for-each-ref --format=%(refname)%00%(upstream:short)%00%(objectname)%00%(upstream:track) refs/heads/Server refs/remotes/Server [2ms]
[2022-03-15T05:38:36.511Z] > git for-each-ref --sort -committerdate --format %(refname) %(objectname) %(*objectname) [3ms]
[2022-03-15T05:38:36.512Z] > git remote --verbose [1ms]
[2022-03-15T05:38:36.517Z] > git config --get commit.template [1ms]
[2022-03-15T05:38:41.565Z] > git symbolic-ref --short HEAD [2ms]
[2022-03-15T05:38:41.571Z] > git for-each-ref --format=%(refname)%00%(upstream:short)%00%(objectname)%00%(upstream:track) refs/heads/Server refs/remotes/Server [2ms]
[2022-03-15T05:38:41.581Z] > git for-each-ref --sort -committerdate --format %(refname) %(objectname) %(*objectname) [5ms]
[2022-03-15T05:38:41.582Z] > git remote --verbose [2ms]
[2022-03-15T05:38:41.590Z] > git config --get commit.template [1ms]
[2022-03-15T05:38:46.614Z] > git symbolic-ref --short HEAD [1ms]
[2022-03-15T05:38:46.617Z] > git for-each-ref --format=%(refname)%00%(upstream:short)%00%(objectname)%00%(upstream:track) refs/heads/Server refs/remotes/Server [1ms]
[2022-03-15T05:38:46.623Z] > git for-each-ref --sort -committerdate --format %(refname) %(objectname) %(*objectname) [3ms]
[2022-03-15T05:38:46.623Z] > git remote --verbose [1ms]
[2022-03-15T05:38:46.628Z] > git config --get commit.template [1ms]
[2022-03-15T05:38:51.651Z] > git symbolic-ref --short HEAD [1ms]
[2022-03-15T05:38:51.655Z] > git for-each-ref --format=%(refname)%00%(upstream:short)%00%(objectname)%00%(upstream:track) refs/heads/Server refs/remotes/Server [1ms]
[2022-03-15T05:38:51.661Z] > git for-each-ref --sort -committerdate --format %(refname) %(objectname) %(*objectname) [4ms]
[2022-03-15T05:38:51.661Z] > git remote --verbose [1ms]
[2022-03-15T05:38:51.666Z] > git config --get commit.template [1ms]
[2022-03-15T05:38:56.713Z] > git symbolic-ref --short HEAD [2ms]
[2022-03-15T05:38:56.720Z] > git for-each-ref --format=%(refname)%00%(upstream:short)%00%(objectname)%00%(upstream:track) refs/heads/Server refs/remotes/Server [2ms]
[2022-03-15T05:38:56.730Z] > git for-each-ref --sort -committerdate --format %(refname) %(objectname) %(*objectname) [6ms]
[2022-03-15T05:38:56.730Z] > git remote --verbose [2ms]
[2022-03-15T05:38:56.739Z] > git config --get commit.template [2ms]
[2022-03-15T05:39:01.762Z] > git symbolic-ref --short HEAD [1ms]
[2022-03-15T05:39:01.766Z] > git for-each-ref --format=%(refname)%00%(upstream:short)%00%(objectname)%00%(upstream:track) refs/heads/Server refs/remotes/Server [1ms]
[2022-03-15T05:39:01.772Z] > git for-each-ref --sort -committerdate --format %(refname) %(objectname) %(*objectname) [4ms]
[2022-03-15T05:39:01.772Z] > git remote --verbose [1ms]
[2022-03-15T05:39:01.777Z] > git config --get commit.template [1ms]
[2022-03-15T05:39:06.801Z] > git symbolic-ref --short HEAD [1ms]
[2022-03-15T05:39:06.805Z] > git for-each-ref --format=%(refname)%00%(upstream:short)%00%(objectname)%00%(upstream:track) refs/heads/Server refs/remotes/Server [1ms]
[2022-03-15T05:39:06.811Z] > git for-each-ref --sort -committerdate --format %(refname) %(objectname) %(*objectname) [3ms]
[2022-03-15T05:39:06.811Z] > git remote --verbose [1ms]
[2022-03-15T05:39:06.817Z] > git config --get commit.template [0ms]
[2022-03-15T05:39:11.836Z] > git symbolic-ref --short HEAD [1ms]
[2022-03-15T05:39:11.840Z] > git for-each-ref --format=%(refname)%00%(upstream:short)%00%(objectname)%00%(upstream:track) refs/heads/Server refs/remotes/Server [1ms]
[2022-03-15T05:39:11.847Z] > git for-each-ref --sort -committerdate --format %(refname) %(objectname) %(*objectname) [4ms]
[2022-03-15T05:39:11.847Z] > git remote --verbose [2ms]
[2022-03-15T05:39:11.852Z] > git config --get commit.template [1ms]
[2022-03-15T05:39:16.872Z] > git symbolic-ref --short HEAD [1ms]
[2022-03-15T05:39:16.877Z] > git for-each-ref --format=%(refname)%00%(upstream:short)%00%(objectname)%00%(upstream:track) refs/heads/Server refs/remotes/Server [2ms]
[2022-03-15T05:39:16.883Z] > git for-each-ref --sort -committerdate --format %(refname) %(objectname) %(*objectname) [4ms]
[2022-03-15T05:39:16.884Z] > git remote --verbose [2ms]
[2022-03-15T05:39:16.889Z] > git config --get commit.template [1ms]
[2022-03-15T05:39:21.940Z] > git symbolic-ref --short HEAD [3ms]
[2022-03-15T05:39:21.952Z] > git for-each-ref --format=%(refname)%00%(upstream:short)%00%(objectname)%00%(upstream:track) refs/heads/Server refs/remotes/Server [4ms]
[2022-03-15T05:39:21.971Z] > git for-each-ref --sort -committerdate --format %(refname) %(objectname) %(*objectname) [11ms]
[2022-03-15T05:39:21.972Z] > git remote --verbose [3ms]
[2022-03-15T05:39:21.989Z] > git config --get commit.template [3ms]
[2022-03-15T05:39:27.013Z] > git symbolic-ref --short HEAD [1ms]
[2022-03-15T05:39:27.017Z] > git for-each-ref --format=%(refname)%00%(upstream:short)%00%(objectname)%00%(upstream:track) refs/heads/Server refs/remotes/Server [2ms]
[2022-03-15T05:39:27.022Z] > git for-each-ref --sort -committerdate --format %(refname) %(objectname) %(*objectname) [3ms]
[2022-03-15T05:39:27.023Z] > git remote --verbose [1ms]
[2022-03-15T05:39:27.027Z] > git config --get commit.template [0ms]
[2022-03-15T05:39:32.051Z] > git symbolic-ref --short HEAD [1ms]
[2022-03-15T05:39:32.055Z] > git for-each-ref --format=%(refname)%00%(upstream:short)%00%(objectname)%00%(upstream:track) refs/heads/Server refs/remotes/Server [1ms]
[2022-03-15T05:39:32.061Z] > git for-each-ref --sort -committerdate --format %(refname) %(objectname) %(*objectname) [4ms]
[2022-03-15T05:39:32.061Z] > git remote --verbose [1ms]
[2022-03-15T05:39:32.066Z] > git config --get commit.template [1ms]
[2022-03-15T05:39:37.090Z] > git symbolic-ref --short HEAD [1ms]
[2022-03-15T05:39:37.094Z] > git for-each-ref --format=%(refname)%00%(upstream:short)%00%(objectname)%00%(upstream:track) refs/heads/Server refs/remotes/Server [1ms]
[2022-03-15T05:39:37.100Z] > git for-each-ref --sort -committerdate --format %(refname) %(objectname) %(*objectname) [3ms]
[2022-03-15T05:39:37.101Z] > git remote --verbose [1ms]
[2022-03-15T05:39:37.107Z] > git config --get commit.template [1ms]
[2022-03-15T05:39:42.131Z] > git symbolic-ref --short HEAD [1ms]
[2022-03-15T05:39:42.135Z] > git for-each-ref --format=%(refname)%00%(upstream:short)%00%(objectname)%00%(upstream:track) refs/heads/Server refs/remotes/Server [1ms]
[2022-03-15T05:39:42.141Z] > git for-each-ref --sort -committerdate --format %(refname) %(objectname) %(*objectname) [3ms]
[2022-03-15T05:39:42.142Z] > git remote --verbose [2ms]
[2022-03-15T05:39:42.147Z] > git config --get commit.template [1ms]
[2022-03-15T05:39:47.170Z] > git symbolic-ref --short HEAD [0ms]
[2022-03-15T05:39:47.174Z] > git for-each-ref --format=%(refname)%00%(upstream:short)%00%(objectname)%00%(upstream:track) refs/heads/Server refs/remotes/Server [1ms]
[2022-03-15T05:39:47.180Z] > git for-each-ref --sort -committerdate --format %(refname) %(objectname) %(*objectname) [3ms]
[2022-03-15T05:39:47.181Z] > git remote --verbose [1ms]
[2022-03-15T05:39:47.186Z] > git config --get commit.template [1ms]
[2022-03-15T05:39:52.210Z] > git symbolic-ref --short HEAD [1ms]
[2022-03-15T05:39:52.214Z] > git for-each-ref --format=%(refname)%00%(upstream:short)%00%(objectname)%00%(upstream:track) refs/heads/Server refs/remotes/Server [1ms]
[2022-03-15T05:39:52.220Z] > git for-each-ref --sort -committerdate --format %(refname) %(objectname) %(*objectname) [3ms]
[2022-03-15T05:39:52.220Z] > git remote --verbose [1ms]
[2022-03-15T05:39:52.225Z] > git config --get commit.template [1ms]
[2022-03-15T05:39:57.248Z] > git symbolic-ref --short HEAD [1ms]
[2022-03-15T05:39:57.252Z] > git for-each-ref --format=%(refname)%00%(upstream:short)%00%(objectname)%00%(upstream:track) refs/heads/Server refs/remotes/Server [1ms]
[2022-03-15T05:39:57.259Z] > git for-each-ref --sort -committerdate --format %(refname) %(objectname) %(*objectname) [4ms]
[2022-03-15T05:39:57.259Z] > git remote --verbose [2ms]
[2022-03-15T05:39:57.264Z] > git config --get commit.template [1ms]
[2022-03-15T05:40:02.317Z] > git symbolic-ref --short HEAD [3ms]
[2022-03-15T05:40:02.329Z] > git for-each-ref --format=%(refname)%00%(upstream:short)%00%(objectname)%00%(upstream:track) refs/heads/Server refs/remotes/Server [3ms]
[2022-03-15T05:40:02.343Z] > git for-each-ref --sort -committerdate --format %(refname) %(objectname) %(*objectname) [6ms]
[2022-03-15T05:40:02.343Z] > git remote --verbose [2ms]
[2022-03-15T05:40:02.351Z] > git config --get commit.template [1ms]
[2022-03-15T05:40:07.402Z] > git symbolic-ref --short HEAD [3ms]
[2022-03-15T05:40:07.414Z] > git for-each-ref --format=%(refname)%00%(upstream:short)%00%(objectname)%00%(upstream:track) refs/heads/Server refs/remotes/Server [4ms]
[2022-03-15T05:40:07.430Z] > git for-each-ref --sort -committerdate --format %(refname) %(objectname) %(*objectname) [7ms]
[2022-03-15T05:40:07.430Z] > git remote --verbose [2ms]
[2022-03-15T05:40:07.438Z] > git config --get commit.template [1ms]
[2022-03-15T05:40:12.462Z] > git symbolic-ref --short HEAD [1ms]
[2022-03-15T05:40:12.466Z] > git for-each-ref --format=%(refname)%00%(upstream:short)%00%(objectname)%00%(upstream:track) refs/heads/Server refs/remotes/Server [1ms]
[2022-03-15T05:40:12.473Z] > git for-each-ref --sort -committerdate --format %(refname) %(objectname) %(*objectname) [4ms]
[2022-03-15T05:40:12.473Z] > git remote --verbose [1ms]
[2022-03-15T05:40:12.478Z] > git config --get commit.template [1ms]
[2022-03-15T05:40:17.501Z] > git symbolic-ref --short HEAD [1ms]
[2022-03-15T05:40:17.505Z] > git for-each-ref --format=%(refname)%00%(upstream:short)%00%(objectname)%00%(upstream:track) refs/heads/Server refs/remotes/Server [1ms]
[2022-03-15T05:40:17.510Z] > git for-each-ref --sort -committerdate --format %(refname) %(objectname) %(*objectname) [3ms]
[2022-03-15T05:40:17.511Z] > git remote --verbose [1ms]
[2022-03-15T05:40:17.516Z] > git config --get commit.template [1ms]
[2022-03-15T05:40:22.540Z] > git symbolic-ref --short HEAD [1ms]
[2022-03-15T05:40:22.545Z] > git for-each-ref --format=%(refname)%00%(upstream:short)%00%(objectname)%00%(upstream:track) refs/heads/Server refs/remotes/Server [2ms]
[2022-03-15T05:40:22.554Z] > git for-each-ref --sort -committerdate --format %(refname) %(objectname) %(*objectname) [5ms]
[2022-03-15T05:40:22.554Z] > git remote --verbose [1ms]
[2022-03-15T05:40:22.561Z] > git config --get commit.template [1ms]
[2022-03-15T05:40:27.582Z] > git symbolic-ref --short HEAD [1ms]
[2022-03-15T05:40:27.586Z] > git for-each-ref --format=%(refname)%00%(upstream:short)%00%(objectname)%00%(upstream:track) refs/heads/Server refs/remotes/Server [1ms]
[2022-03-15T05:40:27.593Z] > git for-each-ref --sort -committerdate --format %(refname) %(objectname) %(*objectname) [4ms]
[2022-03-15T05:40:27.594Z] > git remote --verbose [2ms]
[2022-03-15T05:40:27.600Z] > git config --get commit.template [1ms]
[2022-03-15T05:40:32.621Z] > git symbolic-ref --short HEAD [1ms]
[2022-03-15T05:40:32.624Z] > git for-each-ref --format=%(refname)%00%(upstream:short)%00%(objectname)%00%(upstream:track) refs/heads/Server refs/remotes/Server [1ms]
[2022-03-15T05:40:32.630Z] > git for-each-ref --sort -committerdate --format %(refname) %(objectname) %(*objectname) [3ms]
[2022-03-15T05:40:32.630Z] > git remote --verbose [1ms]
[2022-03-15T05:40:32.636Z] > git config --get commit.template [1ms]
[2022-03-15T05:40:37.660Z] > git symbolic-ref --short HEAD [1ms]
[2022-03-15T05:40:37.664Z] > git for-each-ref --format=%(refname)%00%(upstream:short)%00%(objectname)%00%(upstream:track) refs/heads/Server refs/remotes/Server [1ms]
[2022-03-15T05:40:37.670Z] > git for-each-ref --sort -committerdate --format %(refname) %(objectname) %(*objectname) [3ms]
[2022-03-15T05:40:37.670Z] > git remote --verbose [1ms]
[2022-03-15T05:40:37.676Z] > git config --get commit.template [1ms]
[2022-03-15T05:40:42.722Z] > git symbolic-ref --short HEAD [2ms]
[2022-03-15T05:40:42.733Z] > git for-each-ref --format=%(refname)%00%(upstream:short)%00%(objectname)%00%(upstream:track) refs/heads/Server refs/remotes/Server [3ms]
[2022-03-15T05:40:42.751Z] > git for-each-ref --sort -committerdate --format %(refname) %(objectname) %(*objectname) [10ms]
[2022-03-15T05:40:42.752Z] > git remote --verbose [3ms]
[2022-03-15T05:40:42.764Z] > git config --get commit.template [1ms]
[2022-03-15T05:40:47.814Z] > git symbolic-ref --short HEAD [3ms]
[2022-03-15T05:40:47.823Z] > git for-each-ref --format=%(refname)%00%(upstream:short)%00%(objectname)%00%(upstream:track) refs/heads/Server refs/remotes/Server [3ms]
[2022-03-15T05:40:47.835Z] > git for-each-ref --sort -committerdate --format %(refname) %(objectname) %(*objectname) [6ms]
[2022-03-15T05:40:47.836Z] > git remote --verbose [2ms]
[2022-03-15T05:40:47.849Z] > git config --get commit.template [1ms]
[2022-03-15T05:40:52.873Z] > git symbolic-ref --short HEAD [0ms]
[2022-03-15T05:40:52.878Z] > git for-each-ref --format=%(refname)%00%(upstream:short)%00%(objectname)%00%(upstream:track) refs/heads/Server refs/remotes/Server [2ms]
[2022-03-15T05:40:52.884Z] > git for-each-ref --sort -committerdate --format %(refname) %(objectname) %(*objectname) [4ms]
[2022-03-15T05:40:52.884Z] > git remote --verbose [1ms]
[2022-03-15T05:40:52.889Z] > git config --get commit.template [1ms]
[2022-03-15T05:40:58.275Z] > git symbolic-ref --short HEAD [3ms]
[2022-03-15T05:40:58.286Z] > git for-each-ref --format=%(refname)%00%(upstream:short)%00%(objectname)%00%(upstream:track) refs/heads/Server refs/remotes/Server [3ms]
[2022-03-15T05:40:58.298Z] > git for-each-ref --sort -committerdate --format %(refname) %(objectname) %(*objectname) [7ms]
[2022-03-15T05:40:58.299Z] > git remote --verbose [3ms]
[2022-03-15T05:40:58.308Z] > git config --get commit.template [1ms]
[2022-03-15T05:41:03.366Z] > git symbolic-ref --short HEAD [3ms]
[2022-03-15T05:41:03.379Z] > git for-each-ref --format=%(refname)%00%(upstream:short)%00%(objectname)%00%(upstream:track) refs/heads/Server refs/remotes/Server [4ms]
[2022-03-15T05:41:03.396Z] > git for-each-ref --sort -committerdate --format %(refname) %(objectname) %(*objectname) [8ms]
[2022-03-15T05:41:03.397Z] > git remote --verbose [2ms]
[2022-03-15T05:41:03.406Z] > git config --get commit.template [1ms]
[2022-03-15T05:41:08.430Z] > git symbolic-ref --short HEAD [1ms]
[2022-03-15T05:41:08.434Z] > git for-each-ref --format=%(refname)%00%(upstream:short)%00%(objectname)%00%(upstream:track) refs/heads/Server refs/remotes/Server [1ms]
[2022-03-15T05:41:08.440Z] > git for-each-ref --sort -committerdate --format %(refname) %(objectname) %(*objectname) [3ms]
[2022-03-15T05:41:08.440Z] > git remote --verbose [1ms]
[2022-03-15T05:41:08.447Z] > git config --get commit.template [1ms]
[2022-03-15T05:42:26.518Z] > git symbolic-ref --short HEAD [1ms]
[2022-03-15T05:42:26.525Z] > git for-each-ref --format=%(refname)%00%(upstream:short)%00%(objectname)%00%(upstream:track) refs/heads/Server refs/remotes/Server [2ms]
[2022-03-15T05:42:26.535Z] > git for-each-ref --sort -committerdate --format %(refname) %(objectname) %(*objectname) [5ms]
[2022-03-15T05:42:26.536Z] > git remote --verbose [2ms]
[2022-03-15T05:42:26.545Z] > git config --get commit.template [2ms]
[2022-03-15T05:42:31.597Z] > git symbolic-ref --short HEAD [3ms]
[2022-03-15T05:42:31.611Z] > git for-each-ref --format=%(refname)%00%(upstream:short)%00%(objectname)%00%(upstream:track) refs/heads/Server refs/remotes/Server [4ms]
[2022-03-15T05:42:31.631Z] > git for-each-ref --sort -committerdate --format %(refname) %(objectname) %(*objectname) [11ms]
[2022-03-15T05:42:31.632Z] > git remote --verbose [3ms]
[2022-03-15T05:42:31.644Z] > git config --get commit.template [2ms]
[2022-03-15T05:42:36.693Z] > git symbolic-ref --short HEAD [2ms]
[2022-03-15T05:42:36.699Z] > git for-each-ref --format=%(refname)%00%(upstream:short)%00%(objectname)%00%(upstream:track) refs/heads/Server refs/remotes/Server [2ms]
[2022-03-15T05:42:36.709Z] > git for-each-ref --sort -committerdate --format %(refname) %(objectname) %(*objectname) [5ms]
[2022-03-15T05:42:36.710Z] > git remote --verbose [2ms]
[2022-03-15T05:42:36.718Z] > git config --get commit.template [1ms]
[2022-03-15T05:42:41.744Z] > git symbolic-ref --short HEAD [1ms]
[2022-03-15T05:42:41.748Z] > git for-each-ref --format=%(refname)%00%(upstream:short)%00%(objectname)%00%(upstream:track) refs/heads/Server refs/remotes/Server [1ms]
[2022-03-15T05:42:41.754Z] > git for-each-ref --sort -committerdate --format %(refname) %(objectname) %(*objectname) [3ms]
[2022-03-15T05:42:41.755Z] > git remote --verbose [1ms]
[2022-03-15T05:42:41.760Z] > git config --get commit.template [1ms]
[2022-03-15T05:42:53.883Z] > git symbolic-ref --short HEAD [1ms]
[2022-03-15T05:42:53.889Z] > git for-each-ref --format=%(refname)%00%(upstream:short)%00%(objectname)%00%(upstream:track) refs/heads/Server refs/remotes/Server [2ms]
[2022-03-15T05:42:53.897Z] > git for-each-ref --sort -committerdate --format %(refname) %(objectname) %(*objectname) [5ms]
[2022-03-15T05:42:53.898Z] > git remote --verbose [2ms]
[2022-03-15T05:42:53.904Z] > git config --get commit.template [1ms]
[2022-03-15T05:42:58.927Z] > git symbolic-ref --short HEAD [1ms]
[2022-03-15T05:42:58.931Z] > git for-each-ref --format=%(refname)%00%(upstream:short)%00%(objectname)%00%(upstream:track) refs/heads/Server refs/remotes/Server [1ms]
[2022-03-15T05:42:58.938Z] > git for-each-ref --sort -committerdate --format %(refname) %(objectname) %(*objectname) [4ms]
[2022-03-15T05:42:58.938Z] > git remote --verbose [1ms]
[2022-03-15T05:42:58.944Z] > git config --get commit.template [1ms]
[2022-03-15T05:43:03.997Z] > git symbolic-ref --short HEAD [3ms]
[2022-03-15T05:43:04.009Z] > git for-each-ref --format=%(refname)%00%(upstream:short)%00%(objectname)%00%(upstream:track) refs/heads/Server refs/remotes/Server [4ms]
[2022-03-15T05:43:04.029Z] > git for-each-ref --sort -committerdate --format %(refname) %(objectname) %(*objectname) [10ms]
[2022-03-15T05:43:04.031Z] > git remote --verbose [4ms]
[2022-03-15T05:43:04.043Z] > git config --get commit.template [1ms]
[2022-03-15T05:43:09.069Z] > git symbolic-ref --short HEAD [1ms]
[2022-03-15T05:43:09.073Z] > git for-each-ref --format=%(refname)%00%(upstream:short)%00%(objectname)%00%(upstream:track) refs/heads/Server refs/remotes/Server [1ms]
[2022-03-15T05:43:09.079Z] > git for-each-ref --sort -committerdate --format %(refname) %(objectname) %(*objectname) [3ms]
[2022-03-15T05:43:09.079Z] > git remote --verbose [1ms]
[2022-03-15T05:43:09.085Z] > git config --get commit.template [1ms]
[2022-03-15T05:43:14.104Z] > git symbolic-ref --short HEAD [1ms]
[2022-03-15T05:43:14.108Z] > git for-each-ref --format=%(refname)%00%(upstream:short)%00%(objectname)%00%(upstream:track) refs/heads/Server refs/remotes/Server [1ms]
[2022-03-15T05:43:14.115Z] > git for-each-ref --sort -committerdate --format %(refname) %(objectname) %(*objectname) [3ms]
[2022-03-15T05:43:14.117Z] > git remote --verbose [2ms]
[2022-03-15T05:43:14.122Z] > git config --get commit.template [1ms]
[2022-03-15T05:43:19.146Z] > git symbolic-ref --short HEAD [1ms]
[2022-03-15T05:43:19.150Z] > git for-each-ref --format=%(refname)%00%(upstream:short)%00%(objectname)%00%(upstream:track) refs/heads/Server refs/remotes/Server [1ms]
[2022-03-15T05:43:19.156Z] > git for-each-ref --sort -committerdate --format %(refname) %(objectname) %(*objectname) [4ms]
[2022-03-15T05:43:19.156Z] > git remote --verbose [1ms]
[2022-03-15T05:43:19.163Z] > git config --get commit.template [1ms]
[2022-03-15T05:43:24.217Z] > git symbolic-ref --short HEAD [4ms]
[2022-03-15T05:43:24.228Z] > git for-each-ref --format=%(refname)%00%(upstream:short)%00%(objectname)%00%(upstream:track) refs/heads/Server refs/remotes/Server [2ms]
[2022-03-15T05:43:24.240Z] > git for-each-ref --sort -committerdate --format %(refname) %(objectname) %(*objectname) [7ms]
[2022-03-15T05:43:24.240Z] > git remote --verbose [1ms]
[2022-03-15T05:43:24.247Z] > git config --get commit.template [1ms]
[2022-03-15T05:43:29.269Z] > git symbolic-ref --short HEAD [1ms]
[2022-03-15T05:43:29.274Z] > git for-each-ref --format=%(refname)%00%(upstream:short)%00%(objectname)%00%(upstream:track) refs/heads/Server refs/remotes/Server [2ms]
[2022-03-15T05:43:29.281Z] > git for-each-ref --sort -committerdate --format %(refname) %(objectname) %(*objectname) [3ms]
[2022-03-15T05:43:29.281Z] > git remote --verbose [1ms]
[2022-03-15T05:43:29.287Z] > git config --get commit.template [1ms]
[2022-03-15T05:43:34.319Z] > git symbolic-ref --short HEAD [1ms]
[2022-03-15T05:43:34.323Z] > git for-each-ref --format=%(refname)%00%(upstream:short)%00%(objectname)%00%(upstream:track) refs/heads/Server refs/remotes/Server [2ms]
[2022-03-15T05:43:34.328Z] > git for-each-ref --sort -committerdate --format %(refname) %(objectname) %(*objectname) [3ms]
[2022-03-15T05:43:34.329Z] > git remote --verbose [1ms]
[2022-03-15T05:43:34.334Z] > git config --get commit.template [1ms]
[2022-03-15T05:43:39.359Z] > git symbolic-ref --short HEAD [1ms]
[2022-03-15T05:43:39.364Z] > git for-each-ref --format=%(refname)%00%(upstream:short)%00%(objectname)%00%(upstream:track) refs/heads/Server refs/remotes/Server [1ms]
[2022-03-15T05:43:39.370Z] > git for-each-ref --sort -committerdate --format %(refname) %(objectname) %(*objectname) [3ms]
[2022-03-15T05:43:39.371Z] > git remote --verbose [1ms]
[2022-03-15T05:43:39.376Z] > git config --get commit.template [1ms]
[2022-03-15T05:43:44.405Z] > git symbolic-ref --short HEAD [0ms]
[2022-03-15T05:43:44.408Z] > git for-each-ref --format=%(refname)%00%(upstream:short)%00%(objectname)%00%(upstream:track) refs/heads/Server refs/remotes/Server [1ms]
[2022-03-15T05:43:44.415Z] > git for-each-ref --sort -committerdate --format %(refname) %(objectname) %(*objectname) [4ms]
[2022-03-15T05:43:44.415Z] > git remote --verbose [1ms]
[2022-03-15T05:43:44.420Z] > git config --get commit.template [1ms]
[2022-03-15T05:43:49.467Z] > git symbolic-ref --short HEAD [2ms]
[2022-03-15T05:43:49.476Z] > git for-each-ref --format=%(refname)%00%(upstream:short)%00%(objectname)%00%(upstream:track) refs/heads/Server refs/remotes/Server [3ms]
[2022-03-15T05:43:49.488Z] > git for-each-ref --sort -committerdate --format %(refname) %(objectname) %(*objectname) [6ms]
[2022-03-15T05:43:49.489Z] > git remote --verbose [2ms]
[2022-03-15T05:43:49.499Z] > git config --get commit.template [1ms]
[2022-03-15T05:43:54.521Z] > git symbolic-ref --short HEAD [1ms]
[2022-03-15T05:43:54.525Z] > git for-each-ref --format=%(refname)%00%(upstream:short)%00%(objectname)%00%(upstream:track) refs/heads/Server refs/remotes/Server [2ms]
[2022-03-15T05:43:54.531Z] > git for-each-ref --sort -committerdate --format %(refname) %(objectname) %(*objectname) [3ms]
[2022-03-15T05:43:54.531Z] > git remote --verbose [1ms]
[2022-03-15T05:43:54.537Z] > git config --get commit.template [1ms]
[2022-03-15T05:43:59.567Z] > git symbolic-ref --short HEAD [1ms]
[2022-03-15T05:43:59.571Z] > git for-each-ref --format=%(refname)%00%(upstream:short)%00%(objectname)%00%(upstream:track) refs/heads/Server refs/remotes/Server [1ms]
[2022-03-15T05:43:59.577Z] > git for-each-ref --sort -committerdate --format %(refname) %(objectname) %(*objectname) [4ms]
[2022-03-15T05:43:59.577Z] > git remote --verbose [1ms]
[2022-03-15T05:43:59.582Z] > git config --get commit.template [1ms]
[2022-03-15T05:44:04.613Z] > git symbolic-ref --short HEAD [1ms]
[2022-03-15T05:44:04.617Z] > git for-each-ref --format=%(refname)%00%(upstream:short)%00%(objectname)%00%(upstream:track) refs/heads/Server refs/remotes/Server [1ms]
[2022-03-15T05:44:04.623Z] > git for-each-ref --sort -committerdate --format %(refname) %(objectname) %(*objectname) [4ms]
[2022-03-15T05:44:04.623Z] > git remote --verbose [1ms]
[2022-03-15T05:44:04.628Z] > git config --get commit.template [1ms]
[2022-03-15T05:44:10.339Z] > git symbolic-ref --short HEAD [3ms]
[2022-03-15T05:44:10.351Z] > git for-each-ref --format=%(refname)%00%(upstream:short)%00%(objectname)%00%(upstream:track) refs/heads/Server refs/remotes/Server [3ms]
[2022-03-15T05:44:10.365Z] > git for-each-ref --sort -committerdate --format %(refname) %(objectname) %(*objectname) [7ms]
[2022-03-15T05:44:10.365Z] > git remote --verbose [2ms]
[2022-03-15T05:44:10.372Z] > git config --get commit.template [1ms]
[2022-03-15T05:44:16.308Z] > git symbolic-ref --short HEAD [1ms]
[2022-03-15T05:44:16.312Z] > git for-each-ref --format=%(refname)%00%(upstream:short)%00%(objectname)%00%(upstream:track) refs/heads/Server refs/remotes/Server [1ms]
[2022-03-15T05:44:16.318Z] > git for-each-ref --sort -committerdate --format %(refname) %(objectname) %(*objectname) [3ms]
[2022-03-15T05:44:16.319Z] > git remote --verbose [1ms]
[2022-03-15T05:44:16.324Z] > git config --get commit.template [1ms]
[2022-03-15T05:44:21.347Z] > git symbolic-ref --short HEAD [1ms]
[2022-03-15T05:44:21.352Z] > git for-each-ref --format=%(refname)%00%(upstream:short)%00%(objectname)%00%(upstream:track) refs/heads/Server refs/remotes/Server [2ms]
[2022-03-15T05:44:21.358Z] > git for-each-ref --sort -committerdate --format %(refname) %(objectname) %(*objectname) [3ms]
[2022-03-15T05:44:21.359Z] > git remote --verbose [2ms]
[2022-03-15T05:44:21.365Z] > git config --get commit.template [1ms]
[2022-03-15T05:44:26.389Z] > git symbolic-ref --short HEAD [1ms]
[2022-03-15T05:44:26.393Z] > git for-each-ref --format=%(refname)%00%(upstream:short)%00%(objectname)%00%(upstream:track) refs/heads/Server refs/remotes/Server [1ms]
[2022-03-15T05:44:26.399Z] > git for-each-ref --sort -committerdate --format %(refname) %(objectname) %(*objectname) [3ms]
[2022-03-15T05:44:26.400Z] > git remote --verbose [1ms]
[2022-03-15T05:44:26.405Z] > git config --get commit.template [1ms]
[2022-03-15T05:44:31.430Z] > git symbolic-ref --short HEAD [1ms]
[2022-03-15T05:44:31.434Z] > git for-each-ref --format=%(refname)%00%(upstream:short)%00%(objectname)%00%(upstream:track) refs/heads/Server refs/remotes/Server [1ms]
[2022-03-15T05:44:31.441Z] > git for-each-ref --sort -committerdate --format %(refname) %(objectname) %(*objectname) [4ms]
[2022-03-15T05:44:31.441Z] > git remote --verbose [1ms]
[2022-03-15T05:44:31.447Z] > git config --get commit.template [1ms]
[2022-03-15T05:44:36.468Z] > git symbolic-ref --short HEAD [1ms]
[2022-03-15T05:44:36.472Z] > git for-each-ref --format=%(refname)%00%(upstream:short)%00%(objectname)%00%(upstream:track) refs/heads/Server refs/remotes/Server [1ms]
[2022-03-15T05:44:36.478Z] > git for-each-ref --sort -committerdate --format %(refname) %(objectname) %(*objectname) [3ms]
[2022-03-15T05:44:36.478Z] > git remote --verbose [1ms]
[2022-03-15T05:44:36.483Z] > git config --get commit.template [1ms]
[2022-03-15T05:44:41.536Z] > git symbolic-ref --short HEAD [3ms]
[2022-03-15T05:44:41.548Z] > git for-each-ref --format=%(refname)%00%(upstream:short)%00%(objectname)%00%(upstream:track) refs/heads/Server refs/remotes/Server [4ms]
[2022-03-15T05:44:41.560Z] > git for-each-ref --sort -committerdate --format %(refname) %(objectname) %(*objectname) [6ms]
[2022-03-15T05:44:41.560Z] > git remote --verbose [1ms]
[2022-03-15T05:44:41.568Z] > git config --get commit.template [2ms]
[2022-03-15T05:44:46.591Z] > git symbolic-ref --short HEAD [1ms]
[2022-03-15T05:44:46.596Z] > git for-each-ref --format=%(refname)%00%(upstream:short)%00%(objectname)%00%(upstream:track) refs/heads/Server refs/remotes/Server [2ms]
[2022-03-15T05:44:46.605Z] > git for-each-ref --sort -committerdate --format %(refname) %(objectname) %(*objectname) [5ms]
[2022-03-15T05:44:46.605Z] > git remote --verbose [2ms]
[2022-03-15T05:44:46.612Z] > git config --get commit.template [1ms]
[2022-03-15T05:44:51.633Z] > git symbolic-ref --short HEAD [1ms]
[2022-03-15T05:44:51.637Z] > git for-each-ref --format=%(refname)%00%(upstream:short)%00%(objectname)%00%(upstream:track) refs/heads/Server refs/remotes/Server [2ms]
[2022-03-15T05:44:51.643Z] > git for-each-ref --sort -committerdate --format %(refname) %(objectname) %(*objectname) [4ms]
[2022-03-15T05:44:51.643Z] > git remote --verbose [1ms]
[2022-03-15T05:44:51.649Z] > git config --get commit.template [1ms]
[2022-03-15T05:44:56.695Z] > git symbolic-ref --short HEAD [2ms]
[2022-03-15T05:44:56.702Z] > git for-each-ref --format=%(refname)%00%(upstream:short)%00%(objectname)%00%(upstream:track) refs/heads/Server refs/remotes/Server [2ms]
[2022-03-15T05:44:56.712Z] > git for-each-ref --sort -committerdate --format %(refname) %(objectname) %(*objectname) [6ms]
[2022-03-15T05:44:56.713Z] > git remote --verbose [2ms]
[2022-03-15T05:44:56.721Z] > git config --get commit.template [1ms]
[2022-03-15T05:45:01.772Z] > git symbolic-ref --short HEAD [2ms]
[2022-03-15T05:45:01.780Z] > git for-each-ref --format=%(refname)%00%(upstream:short)%00%(objectname)%00%(upstream:track) refs/heads/Server refs/remotes/Server [2ms]
[2022-03-15T05:45:01.793Z] > git for-each-ref --sort -committerdate --format %(refname) %(objectname) %(*objectname) [7ms]
[2022-03-15T05:45:01.793Z] > git remote --verbose [2ms]
[2022-03-15T05:45:01.805Z] > git config --get commit.template [2ms]
[2022-03-15T05:45:06.853Z] > git symbolic-ref --short HEAD [2ms]
[2022-03-15T05:45:06.861Z] > git for-each-ref --format=%(refname)%00%(upstream:short)%00%(objectname)%00%(upstream:track) refs/heads/Server refs/remotes/Server [3ms]
[2022-03-15T05:45:06.875Z] > git for-each-ref --sort -committerdate --format %(refname) %(objectname) %(*objectname) [8ms]
[2022-03-15T05:45:06.876Z] > git remote --verbose [4ms]
[2022-03-15T05:45:06.887Z] > git config --get commit.template [2ms]
[2022-03-15T05:45:11.912Z] > git symbolic-ref --short HEAD [0ms]
[2022-03-15T05:45:11.916Z] > git for-each-ref --format=%(refname)%00%(upstream:short)%00%(objectname)%00%(upstream:track) refs/heads/Server refs/remotes/Server [1ms]
[2022-03-15T05:45:11.922Z] > git for-each-ref --sort -committerdate --format %(refname) %(objectname) %(*objectname) [3ms]
[2022-03-15T05:45:11.923Z] > git remote --verbose [2ms]
[2022-03-15T05:45:11.927Z] > git config --get commit.template [0ms]
[2022-03-15T05:45:16.949Z] > git symbolic-ref --short HEAD [1ms]
[2022-03-15T05:45:16.953Z] > git for-each-ref --format=%(refname)%00%(upstream:short)%00%(objectname)%00%(upstream:track) refs/heads/Server refs/remotes/Server [1ms]
[2022-03-15T05:45:16.959Z] > git for-each-ref --sort -committerdate --format %(refname) %(objectname) %(*objectname) [3ms]
[2022-03-15T05:45:16.959Z] > git remote --verbose [1ms]
[2022-03-15T05:45:16.964Z] > git config --get commit.template [1ms]
[2022-03-15T05:45:21.988Z] > git symbolic-ref --short HEAD [1ms]
[2022-03-15T05:45:21.991Z] > git for-each-ref --format=%(refname)%00%(upstream:short)%00%(objectname)%00%(upstream:track) refs/heads/Server refs/remotes/Server [1ms]
[2022-03-15T05:45:21.999Z] > git remote --verbose [1ms]
[2022-03-15T05:45:21.999Z] > git for-each-ref --sort -committerdate --format %(refname) %(objectname) %(*objectname) [5ms]
[2022-03-15T05:45:22.004Z] > git config --get commit.template [1ms]
[2022-03-15T05:45:27.027Z] > git symbolic-ref --short HEAD [1ms]
[2022-03-15T05:45:27.031Z] > git for-each-ref --format=%(refname)%00%(upstream:short)%00%(objectname)%00%(upstream:track) refs/heads/Server refs/remotes/Server [1ms]
[2022-03-15T05:45:27.037Z] > git for-each-ref --sort -committerdate --format %(refname) %(objectname) %(*objectname) [4ms]
[2022-03-15T05:45:27.037Z] > git remote --verbose [1ms]
[2022-03-15T05:45:27.043Z] > git config --get commit.template [1ms]
[2022-03-15T05:45:32.098Z] > git symbolic-ref --short HEAD [6ms]
[2022-03-15T05:45:32.112Z] > git for-each-ref --format=%(refname)%00%(upstream:short)%00%(objectname)%00%(upstream:track) refs/heads/Server refs/remotes/Server [3ms]
[2022-03-15T05:45:32.125Z] > git for-each-ref --sort -committerdate --format %(refname) %(objectname) %(*objectname) [6ms]
[2022-03-15T05:45:32.125Z] > git remote --verbose [1ms]
[2022-03-15T05:45:32.131Z] > git config --get commit.template [1ms]
[2022-03-15T05:45:37.183Z] > git symbolic-ref --short HEAD [3ms]
[2022-03-15T05:45:37.195Z] > git for-each-ref --format=%(refname)%00%(upstream:short)%00%(objectname)%00%(upstream:track) refs/heads/Server refs/remotes/Server [4ms]
[2022-03-15T05:45:37.214Z] > git for-each-ref --sort -committerdate --format %(refname) %(objectname) %(*objectname) [10ms]
[2022-03-15T05:45:37.215Z] > git remote --verbose [3ms]
[2022-03-15T05:45:37.230Z] > git config --get commit.template [2ms]
[2022-03-15T05:45:42.284Z] > git symbolic-ref --short HEAD [3ms]
[2022-03-15T05:45:42.296Z] > git for-each-ref --format=%(refname)%00%(upstream:short)%00%(objectname)%00%(upstream:track) refs/heads/Server refs/remotes/Server [4ms]
[2022-03-15T05:45:42.318Z] > git remote --verbose [2ms]
[2022-03-15T05:45:42.318Z] > git for-each-ref --sort -committerdate --format %(refname) %(objectname) %(*objectname) [14ms]
[2022-03-15T05:45:42.330Z] > git config --get commit.template [2ms]
[2022-03-15T05:45:47.374Z] > git symbolic-ref --short HEAD [1ms]
[2022-03-15T05:45:47.380Z] > git for-each-ref --format=%(refname)%00%(upstream:short)%00%(objectname)%00%(upstream:track) refs/heads/Server refs/remotes/Server [2ms]
[2022-03-15T05:45:47.388Z] > git for-each-ref --sort -committerdate --format %(refname) %(objectname) %(*objectname) [5ms]
[2022-03-15T05:45:47.388Z] > git remote --verbose [1ms]
[2022-03-15T05:45:47.396Z] > git config --get commit.template [1ms]
[2022-03-15T05:45:53.514Z] > git symbolic-ref --short HEAD [3ms]
[2022-03-15T05:45:53.526Z] > git for-each-ref --format=%(refname)%00%(upstream:short)%00%(objectname)%00%(upstream:track) refs/heads/Server refs/remotes/Server [4ms]
[2022-03-15T05:45:53.545Z] > git for-each-ref --sort -committerdate --format %(refname) %(objectname) %(*objectname) [10ms]
[2022-03-15T05:45:53.546Z] > git remote --verbose [3ms]
[2022-03-15T05:45:53.559Z] > git config --get commit.template [2ms]
[2022-03-15T05:45:58.608Z] > git symbolic-ref --short HEAD [1ms]
[2022-03-15T05:45:58.614Z] > git for-each-ref --format=%(refname)%00%(upstream:short)%00%(objectname)%00%(upstream:track) refs/heads/Server refs/remotes/Server [1ms]
[2022-03-15T05:45:58.625Z] > git for-each-ref --sort -committerdate --format %(refname) %(objectname) %(*objectname) [6ms]
[2022-03-15T05:45:58.625Z] > git remote --verbose [1ms]
[2022-03-15T05:45:58.634Z] > git config --get commit.template [2ms]
[2022-03-15T05:46:03.658Z] > git symbolic-ref --short HEAD [1ms]
[2022-03-15T05:46:03.662Z] > git for-each-ref --format=%(refname)%00%(upstream:short)%00%(objectname)%00%(upstream:track) refs/heads/Server refs/remotes/Server [1ms]
[2022-03-15T05:46:03.670Z] > git remote --verbose [1ms]
[2022-03-15T05:46:03.670Z] > git for-each-ref --sort -committerdate --format %(refname) %(objectname) %(*objectname) [4ms]
[2022-03-15T05:46:03.675Z] > git config --get commit.template [1ms]
[2022-03-15T05:46:27.795Z] > git symbolic-ref --short HEAD [2ms]
[2022-03-15T05:46:27.801Z] > git for-each-ref --format=%(refname)%00%(upstream:short)%00%(objectname)%00%(upstream:track) refs/heads/Server refs/remotes/Server [2ms]
[2022-03-15T05:46:27.812Z] > git for-each-ref --sort -committerdate --format %(refname) %(objectname) %(*objectname) [6ms]
[2022-03-15T05:46:27.813Z] > git remote --verbose [2ms]
[2022-03-15T05:46:27.820Z] > git config --get commit.template [1ms]
[2022-03-15T05:48:01.093Z] > git symbolic-ref --short HEAD [1ms]
[2022-03-15T05:48:01.097Z] > git for-each-ref --format=%(refname)%00%(upstream:short)%00%(objectname)%00%(upstream:track) refs/heads/Server refs/remotes/Server [1ms]
[2022-03-15T05:48:01.104Z] > git for-each-ref --sort -committerdate --format %(refname) %(objectname) %(*objectname) [4ms]
[2022-03-15T05:48:01.104Z] > git remote --verbose [1ms]
[2022-03-15T05:48:01.110Z] > git config --get commit.template [1ms]
[2022-03-15T05:48:06.135Z] > git symbolic-ref --short HEAD [1ms]
[2022-03-15T05:48:06.139Z] > git for-each-ref --format=%(refname)%00%(upstream:short)%00%(objectname)%00%(upstream:track) refs/heads/Server refs/remotes/Server [1ms]
[2022-03-15T05:48:06.146Z] > git for-each-ref --sort -committerdate --format %(refname) %(objectname) %(*objectname) [3ms]
[2022-03-15T05:48:06.146Z] > git remote --verbose [1ms]
[2022-03-15T05:48:06.152Z] > git config --get commit.template [1ms]
[2022-03-15T05:48:11.175Z] > git symbolic-ref --short HEAD [1ms]
[2022-03-15T05:48:11.180Z] > git for-each-ref --format=%(refname)%00%(upstream:short)%00%(objectname)%00%(upstream:track) refs/heads/Server refs/remotes/Server [2ms]
[2022-03-15T05:48:11.187Z] > git for-each-ref --sort -committerdate --format %(refname) %(objectname) %(*objectname) [4ms]
[2022-03-15T05:48:11.187Z] > git remote --verbose [1ms]
[2022-03-15T05:48:11.194Z] > git config --get commit.template [1ms]
[2022-03-15T05:48:16.217Z] > git symbolic-ref --short HEAD [0ms]
[2022-03-15T05:48:16.221Z] > git for-each-ref --format=%(refname)%00%(upstream:short)%00%(objectname)%00%(upstream:track) refs/heads/Server refs/remotes/Server [1ms]
[2022-03-15T05:48:16.228Z] > git for-each-ref --sort -committerdate --format %(refname) %(objectname) %(*objectname) [4ms]
[2022-03-15T05:48:16.228Z] > git remote --verbose [1ms]
[2022-03-15T05:48:16.234Z] > git config --get commit.template [1ms]
[2022-03-15T05:48:21.286Z] > git symbolic-ref --short HEAD [2ms]
[2022-03-15T05:48:21.299Z] > git for-each-ref --format=%(refname)%00%(upstream:short)%00%(objectname)%00%(upstream:track) refs/heads/Server refs/remotes/Server [4ms]
[2022-03-15T05:48:21.319Z] > git for-each-ref --sort -committerdate --format %(refname) %(objectname) %(*objectname) [11ms]
[2022-03-15T05:48:21.320Z] > git remote --verbose [4ms]
[2022-03-15T05:48:21.335Z] > git config --get commit.template [2ms]
[2022-03-15T05:48:26.360Z] > git symbolic-ref --short HEAD [0ms]
[2022-03-15T05:48:26.365Z] > git for-each-ref --format=%(refname)%00%(upstream:short)%00%(objectname)%00%(upstream:track) refs/heads/Server refs/remotes/Server [1ms]
[2022-03-15T05:48:26.371Z] > git for-each-ref --sort -committerdate --format %(refname) %(objectname) %(*objectname) [3ms]
[2022-03-15T05:48:26.372Z] > git remote --verbose [2ms]
[2022-03-15T05:48:26.377Z] > git config --get commit.template [1ms]
[2022-03-15T05:48:31.422Z] > git symbolic-ref --short HEAD [1ms]
[2022-03-15T05:48:31.429Z] > git for-each-ref --format=%(refname)%00%(upstream:short)%00%(objectname)%00%(upstream:track) refs/heads/Server refs/remotes/Server [3ms]
[2022-03-15T05:48:31.438Z] > git for-each-ref --sort -committerdate --format %(refname) %(objectname) %(*objectname) [5ms]
[2022-03-15T05:48:31.438Z] > git remote --verbose [1ms]
[2022-03-15T05:48:31.445Z] > git config --get commit.template [1ms]
[2022-03-15T05:48:36.501Z] > git symbolic-ref --short HEAD [1ms]
[2022-03-15T05:48:36.506Z] > git for-each-ref --format=%(refname)%00%(upstream:short)%00%(objectname)%00%(upstream:track) refs/heads/Server refs/remotes/Server [1ms]
[2022-03-15T05:48:36.516Z] > git for-each-ref --sort -committerdate --format %(refname) %(objectname) %(*objectname) [5ms]
[2022-03-15T05:48:36.516Z] > git remote --verbose [2ms]
[2022-03-15T05:48:36.523Z] > git config --get commit.template [1ms]
[2022-03-15T05:48:41.547Z] > git symbolic-ref --short HEAD [1ms]
[2022-03-15T05:48:41.551Z] > git for-each-ref --format=%(refname)%00%(upstream:short)%00%(objectname)%00%(upstream:track) refs/heads/Server refs/remotes/Server [1ms]
[2022-03-15T05:48:41.557Z] > git for-each-ref --sort -committerdate --format %(refname) %(objectname) %(*objectname) [3ms]
[2022-03-15T05:48:41.557Z] > git remote --verbose [1ms]
[2022-03-15T05:48:41.562Z] > git config --get commit.template [0ms]
[2022-03-15T05:48:46.613Z] > git symbolic-ref --short HEAD [3ms]
[2022-03-15T05:48:46.624Z] > git for-each-ref --format=%(refname)%00%(upstream:short)%00%(objectname)%00%(upstream:track) refs/heads/Server refs/remotes/Server [2ms]
[2022-03-15T05:48:46.639Z] > git for-each-ref --sort -committerdate --format %(refname) %(objectname) %(*objectname) [10ms]
[2022-03-15T05:48:46.640Z] > git remote --verbose [2ms]
[2022-03-15T05:48:46.651Z] > git config --get commit.template [2ms]
[2022-03-15T05:48:51.677Z] > git symbolic-ref --short HEAD [1ms]
[2022-03-15T05:48:51.681Z] > git for-each-ref --format=%(refname)%00%(upstream:short)%00%(objectname)%00%(upstream:track) refs/heads/Server refs/remotes/Server [1ms]
[2022-03-15T05:48:51.688Z] > git remote --verbose [1ms]
[2022-03-15T05:48:51.688Z] > git for-each-ref --sort -committerdate --format %(refname) %(objectname) %(*objectname) [4ms]
[2022-03-15T05:48:51.693Z] > git config --get commit.template [1ms]
[2022-03-15T05:48:56.744Z] > git symbolic-ref --short HEAD [2ms]
[2022-03-15T05:48:56.753Z] > git for-each-ref --format=%(refname)%00%(upstream:short)%00%(objectname)%00%(upstream:track) refs/heads/Server refs/remotes/Server [3ms]
[2022-03-15T05:48:56.766Z] > git for-each-ref --sort -committerdate --format %(refname) %(objectname) %(*objectname) [7ms]
[2022-03-15T05:48:56.767Z] > git remote --verbose [2ms]
[2022-03-15T05:48:56.776Z] > git config --get commit.template [1ms]
[2022-03-15T05:49:01.823Z] > git symbolic-ref --short HEAD [2ms]
[2022-03-15T05:49:01.829Z] > git for-each-ref --format=%(refname)%00%(upstream:short)%00%(objectname)%00%(upstream:track) refs/heads/Server refs/remotes/Server [2ms]
[2022-03-15T05:49:01.835Z] > git for-each-ref --sort -committerdate --format %(refname) %(objectname) %(*objectname) [3ms]
[2022-03-15T05:49:01.836Z] > git remote --verbose [1ms]
[2022-03-15T05:49:01.841Z] > git config --get commit.template [1ms]
[2022-03-15T05:49:06.893Z] > git symbolic-ref --short HEAD [3ms]
[2022-03-15T05:49:06.906Z] > git for-each-ref --format=%(refname)%00%(upstream:short)%00%(objectname)%00%(upstream:track) refs/heads/Server refs/remotes/Server [4ms]
[2022-03-15T05:49:06.927Z] > git for-each-ref --sort -committerdate --format %(refname) %(objectname) %(*objectname) [12ms]
[2022-03-15T05:49:06.928Z] > git remote --verbose [3ms]
[2022-03-15T05:49:06.943Z] > git config --get commit.template [2ms]
[2022-03-15T05:49:11.967Z] > git symbolic-ref --short HEAD [1ms]
[2022-03-15T05:49:11.971Z] > git for-each-ref --format=%(refname)%00%(upstream:short)%00%(objectname)%00%(upstream:track) refs/heads/Server refs/remotes/Server [1ms]
[2022-03-15T05:49:11.977Z] > git for-each-ref --sort -committerdate --format %(refname) %(objectname) %(*objectname) [4ms]
[2022-03-15T05:49:11.977Z] > git remote --verbose [1ms]
[2022-03-15T05:49:11.982Z] > git config --get commit.template [1ms]
[2022-03-15T05:49:17.002Z] > git symbolic-ref --short HEAD [0ms]
[2022-03-15T05:49:17.006Z] > git for-each-ref --format=%(refname)%00%(upstream:short)%00%(objectname)%00%(upstream:track) refs/heads/Server refs/remotes/Server [1ms]
[2022-03-15T05:49:17.014Z] > git remote --verbose [2ms]
[2022-03-15T05:49:17.015Z] > git for-each-ref --sort -committerdate --format %(refname) %(objectname) %(*objectname) [6ms]
[2022-03-15T05:49:17.021Z] > git config --get commit.template [1ms]
[2022-03-15T05:49:22.046Z] > git symbolic-ref --short HEAD [1ms]
[2022-03-15T05:49:22.050Z] > git for-each-ref --format=%(refname)%00%(upstream:short)%00%(objectname)%00%(upstream:track) refs/heads/Server refs/remotes/Server [1ms]
[2022-03-15T05:49:22.057Z] > git for-each-ref --sort -committerdate --format %(refname) %(objectname) %(*objectname) [4ms]
[2022-03-15T05:49:22.057Z] > git remote --verbose [1ms]
[2022-03-15T05:49:22.062Z] > git config --get commit.template [1ms]
[2022-03-15T05:49:27.109Z] > git symbolic-ref --short HEAD [2ms]
[2022-03-15T05:49:27.116Z] > git for-each-ref --format=%(refname)%00%(upstream:short)%00%(objectname)%00%(upstream:track) refs/heads/Server refs/remotes/Server [2ms]
[2022-03-15T05:49:27.123Z] > git for-each-ref --sort -committerdate --format %(refname) %(objectname) %(*objectname) [3ms]
[2022-03-15T05:49:27.124Z] > git remote --verbose [1ms]
[2022-03-15T05:49:27.129Z] > git config --get commit.template [1ms]
[2022-03-15T05:49:32.154Z] > git symbolic-ref --short HEAD [2ms]
[2022-03-15T05:49:32.158Z] > git for-each-ref --format=%(refname)%00%(upstream:short)%00%(objectname)%00%(upstream:track) refs/heads/Server refs/remotes/Server [1ms]
[2022-03-15T05:49:32.164Z] > git for-each-ref --sort -committerdate --format %(refname) %(objectname) %(*objectname) [3ms]
[2022-03-15T05:49:32.165Z] > git remote --verbose [1ms]
[2022-03-15T05:49:32.171Z] > git config --get commit.template [1ms]
[2022-03-15T05:49:37.194Z] > git symbolic-ref --short HEAD [0ms]
[2022-03-15T05:49:37.199Z] > git for-each-ref --format=%(refname)%00%(upstream:short)%00%(objectname)%00%(upstream:track) refs/heads/Server refs/remotes/Server [2ms]
[2022-03-15T05:49:37.205Z] > git for-each-ref --sort -committerdate --format %(refname) %(objectname) %(*objectname) [3ms]
[2022-03-15T05:49:37.205Z] > git remote --verbose [1ms]
[2022-03-15T05:49:37.211Z] > git config --get commit.template [1ms]
[2022-03-15T05:49:42.257Z] > git symbolic-ref --short HEAD [3ms]
[2022-03-15T05:49:42.268Z] > git for-each-ref --format=%(refname)%00%(upstream:short)%00%(objectname)%00%(upstream:track) refs/heads/Server refs/remotes/Server [3ms]
[2022-03-15T05:49:42.287Z] > git remote --verbose [4ms]
[2022-03-15T05:49:42.288Z] > git for-each-ref --sort -committerdate --format %(refname) %(objectname) %(*objectname) [12ms]
[2022-03-15T05:49:42.300Z] > git config --get commit.template [2ms]
[2022-03-15T05:49:47.351Z] > git symbolic-ref --short HEAD [3ms]
[2022-03-15T05:49:47.359Z] > git for-each-ref --format=%(refname)%00%(upstream:short)%00%(objectname)%00%(upstream:track) refs/heads/Server refs/remotes/Server [2ms]
[2022-03-15T05:49:47.372Z] > git for-each-ref --sort -committerdate --format %(refname) %(objectname) %(*objectname) [7ms]
[2022-03-15T05:49:47.373Z] > git remote --verbose [2ms]
[2022-03-15T05:49:47.384Z] > git config --get commit.template [2ms]
[2022-03-15T05:49:52.404Z] > git symbolic-ref --short HEAD [1ms]
[2022-03-15T05:49:52.407Z] > git for-each-ref --format=%(refname)%00%(upstream:short)%00%(objectname)%00%(upstream:track) refs/heads/Server refs/remotes/Server [1ms]
[2022-03-15T05:49:52.414Z] > git for-each-ref --sort -committerdate --format %(refname) %(objectname) %(*objectname) [4ms]
[2022-03-15T05:49:52.415Z] > git remote --verbose [1ms]
[2022-03-15T05:49:52.420Z] > git config --get commit.template [0ms]
[2022-03-15T05:49:57.442Z] > git symbolic-ref --short HEAD [1ms]
[2022-03-15T05:49:57.446Z] > git for-each-ref --format=%(refname)%00%(upstream:short)%00%(objectname)%00%(upstream:track) refs/heads/Server refs/remotes/Server [1ms]
[2022-03-15T05:49:57.452Z] > git for-each-ref --sort -committerdate --format %(refname) %(objectname) %(*objectname) [3ms]
[2022-03-15T05:49:57.453Z] > git remote --verbose [1ms]
[2022-03-15T05:49:57.458Z] > git config --get commit.template [1ms]
[2022-03-15T05:53:07.073Z] > git symbolic-ref --short HEAD [1ms]
[2022-03-15T05:53:07.079Z] > git for-each-ref --format=%(refname)%00%(upstream:short)%00%(objectname)%00%(upstream:track) refs/heads/Server refs/remotes/Server [1ms]
[2022-03-15T05:53:07.089Z] > git for-each-ref --sort -committerdate --format %(refname) %(objectname) %(*objectname) [5ms]
[2022-03-15T05:53:07.090Z] > git remote --verbose [2ms]
[2022-03-15T05:53:07.098Z] > git config --get commit.template [1ms]
[2022-03-15T05:53:12.153Z] > git symbolic-ref --short HEAD [3ms]
[2022-03-15T05:53:12.165Z] > git for-each-ref --format=%(refname)%00%(upstream:short)%00%(objectname)%00%(upstream:track) refs/heads/Server refs/remotes/Server [4ms]
[2022-03-15T05:53:12.184Z] > git for-each-ref --sort -committerdate --format %(refname) %(objectname) %(*objectname) [10ms]
[2022-03-15T05:53:12.186Z] > git remote --verbose [4ms]
[2022-03-15T05:53:12.206Z] > git config --get commit.template [2ms]
[2022-03-15T05:53:17.255Z] > git symbolic-ref --short HEAD [2ms]
[2022-03-15T05:53:17.263Z] > git for-each-ref --format=%(refname)%00%(upstream:short)%00%(objectname)%00%(upstream:track) refs/heads/Server refs/remotes/Server [2ms]
[2022-03-15T05:53:17.276Z] > git for-each-ref --sort -committerdate --format %(refname) %(objectname) %(*objectname) [7ms]
[2022-03-15T05:53:17.278Z] > git remote --verbose [3ms]
[2022-03-15T05:53:17.289Z] > git config --get commit.template [2ms]
[2022-03-15T05:53:22.337Z] > git symbolic-ref --short HEAD [2ms]
[2022-03-15T05:53:22.345Z] > git for-each-ref --format=%(refname)%00%(upstream:short)%00%(objectname)%00%(upstream:track) refs/heads/Server refs/remotes/Server [2ms]
[2022-03-15T05:53:22.362Z] > git for-each-ref --sort -committerdate --format %(refname) %(objectname) %(*objectname) [8ms]
[2022-03-15T05:53:22.363Z] > git remote --verbose [3ms]
[2022-03-15T05:53:22.371Z] > git config --get commit.template [1ms]
[2022-03-15T05:57:19.726Z] > git symbolic-ref --short HEAD [1ms]
[2022-03-15T05:57:19.732Z] > git for-each-ref --format=%(refname)%00%(upstream:short)%00%(objectname)%00%(upstream:track) refs/heads/Server refs/remotes/Server [2ms]
[2022-03-15T05:57:19.740Z] > git for-each-ref --sort -committerdate --format %(refname) %(objectname) %(*objectname) [4ms]
[2022-03-15T05:57:19.740Z] > git remote --verbose [1ms]
[2022-03-15T05:57:19.747Z] > git config --get commit.template [1ms]
[2022-03-15T05:57:24.865Z] > git symbolic-ref --short HEAD [3ms]
[2022-03-15T05:57:24.878Z] > git for-each-ref --format=%(refname)%00%(upstream:short)%00%(objectname)%00%(upstream:track) refs/heads/Server refs/remotes/Server [4ms]
[2022-03-15T05:57:24.898Z] > git for-each-ref --sort -committerdate --format %(refname) %(objectname) %(*objectname) [12ms]
[2022-03-15T05:57:24.899Z] > git remote --verbose [4ms]
[2022-03-15T05:57:24.910Z] > git config --get commit.template [1ms]
[2022-03-15T05:58:05.668Z] > git symbolic-ref --short HEAD [4ms]
[2022-03-15T05:58:05.680Z] > git for-each-ref --format=%(refname)%00%(upstream:short)%00%(objectname)%00%(upstream:track) refs/heads/Server refs/remotes/Server [4ms]
[2022-03-15T05:58:05.699Z] > git for-each-ref --sort -committerdate --format %(refname) %(objectname) %(*objectname) [10ms]
[2022-03-15T05:58:05.699Z] > git remote --verbose [2ms]
[2022-03-15T05:58:05.709Z] > git config --get commit.template [2ms]
[2022-03-15T05:58:10.765Z] > git symbolic-ref --short HEAD [2ms]
[2022-03-15T05:58:10.778Z] > git for-each-ref --format=%(refname)%00%(upstream:short)%00%(objectname)%00%(upstream:track) refs/heads/Server refs/remotes/Server [3ms]
[2022-03-15T05:58:10.791Z] > git for-each-ref --sort -committerdate --format %(refname) %(objectname) %(*objectname) [6ms]
[2022-03-15T05:58:10.791Z] > git remote --verbose [1ms]
[2022-03-15T05:58:10.797Z] > git config --get commit.template [1ms]
[2022-03-15T05:58:15.818Z] > git symbolic-ref --short HEAD [1ms]
[2022-03-15T05:58:15.822Z] > git for-each-ref --format=%(refname)%00%(upstream:short)%00%(objectname)%00%(upstream:track) refs/heads/Server refs/remotes/Server [1ms]
[2022-03-15T05:58:15.828Z] > git for-each-ref --sort -committerdate --format %(refname) %(objectname) %(*objectname) [3ms]
[2022-03-15T05:58:15.829Z] > git remote --verbose [2ms]
[2022-03-15T05:58:15.835Z] > git config --get commit.template [1ms]
[2022-03-15T05:58:20.887Z] > git symbolic-ref --short HEAD [3ms]
[2022-03-15T05:58:20.900Z] > git for-each-ref --format=%(refname)%00%(upstream:short)%00%(objectname)%00%(upstream:track) refs/heads/Server refs/remotes/Server [4ms]
[2022-03-15T05:58:20.920Z] > git for-each-ref --sort -committerdate --format %(refname) %(objectname) %(*objectname) [11ms]
[2022-03-15T05:58:20.921Z] > git remote --verbose [3ms]
[2022-03-15T05:58:20.936Z] > git config --get commit.template [3ms]
[2022-03-15T05:58:25.989Z] > git symbolic-ref --short HEAD [3ms]
[2022-03-15T05:58:26.001Z] > git for-each-ref --format=%(refname)%00%(upstream:short)%00%(objectname)%00%(upstream:track) refs/heads/Server refs/remotes/Server [3ms]
[2022-03-15T05:58:26.021Z] > git for-each-ref --sort -committerdate --format %(refname) %(objectname) %(*objectname) [11ms]
[2022-03-15T05:58:26.022Z] > git remote --verbose [3ms]
[2022-03-15T05:58:26.033Z] > git config --get commit.template [2ms]
[2022-03-15T05:58:31.081Z] > git symbolic-ref --short HEAD [1ms]
[2022-03-15T05:58:31.088Z] > git for-each-ref --format=%(refname)%00%(upstream:short)%00%(objectname)%00%(upstream:track) refs/heads/Server refs/remotes/Server [2ms]
[2022-03-15T05:58:31.099Z] > git for-each-ref --sort -committerdate --format %(refname) %(objectname) %(*objectname) [6ms]
[2022-03-15T05:58:31.099Z] > git remote --verbose [2ms]
[2022-03-15T05:58:31.109Z] > git config --get commit.template [2ms]
[2022-03-15T05:58:36.134Z] > git symbolic-ref --short HEAD [1ms]
[2022-03-15T05:58:36.138Z] > git for-each-ref --format=%(refname)%00%(upstream:short)%00%(objectname)%00%(upstream:track) refs/heads/Server refs/remotes/Server [1ms]
[2022-03-15T05:58:36.144Z] > git for-each-ref --sort -committerdate --format %(refname) %(objectname) %(*objectname) [4ms]
[2022-03-15T05:58:36.144Z] > git remote --verbose [1ms]
[2022-03-15T05:58:36.149Z] > git config --get commit.template [0ms]
