[2022-03-12T02:32:43.402Z] Validating found git in: git
[2022-03-12T02:32:43.446Z] Using git 2.25.1 from git
[2022-03-12T02:32:43.482Z] > git rev-parse --git-dir [2ms]
[2022-03-12T02:32:43.487Z] Open repository: /opt/projectcode/MightyWarriors
[2022-03-12T02:32:43.517Z] > git symbolic-ref --short HEAD [4ms]
[2022-03-12T02:32:43.521Z] > git for-each-ref --format=%(refname)%00%(upstream:short)%00%(objectname)%00%(upstream:track) refs/heads/Server refs/remotes/Server [1ms]
[2022-03-12T02:32:43.527Z] > git remote --verbose [1ms]
[2022-03-12T02:32:43.528Z] > git for-each-ref --sort -committerdate --format %(refname) %(objectname) %(*objectname) [4ms]
[2022-03-12T02:32:43.563Z] > git config --get commit.template [1ms]
[2022-03-12T02:32:44.912Z] > git ls-files --stage -- /opt/projectcode/MightyWarriors/source.cpp [7ms]
[2022-03-12T02:32:50.242Z] > git symbolic-ref --short HEAD [1ms]
[2022-03-12T02:32:50.247Z] > git for-each-ref --format=%(refname)%00%(upstream:short)%00%(objectname)%00%(upstream:track) refs/heads/Server refs/remotes/Server [1ms]
[2022-03-12T02:32:50.256Z] > git for-each-ref --sort -committerdate --format %(refname) %(objectname) %(*objectname) [5ms]
[2022-03-12T02:32:50.257Z] > git remote --verbose [2ms]
[2022-03-12T02:32:50.282Z] > git config --get commit.template [2ms]
[2022-03-12T02:33:06.759Z] > git symbolic-ref --short HEAD [1ms]
[2022-03-12T02:33:06.764Z] > git for-each-ref --format=%(refname)%00%(upstream:short)%00%(objectname)%00%(upstream:track) refs/heads/Server refs/remotes/Server [1ms]
[2022-03-12T02:33:06.772Z] > git for-each-ref --sort -committerdate --format %(refname) %(objectname) %(*objectname) [4ms]
[2022-03-12T02:33:06.773Z] > git remote --verbose [2ms]
[2022-03-12T02:33:06.800Z] > git config --get commit.template [1ms]
[2022-03-12T02:33:11.822Z] > git symbolic-ref --short HEAD [1ms]
[2022-03-12T02:33:11.827Z] > git for-each-ref --format=%(refname)%00%(upstream:short)%00%(objectname)%00%(upstream:track) refs/heads/Server refs/remotes/Server [1ms]
[2022-03-12T02:33:11.835Z] > git for-each-ref --sort -committerdate --format %(refname) %(objectname) %(*objectname) [5ms]
[2022-03-12T02:33:11.835Z] > git remote --verbose [1ms]
[2022-03-12T02:33:11.857Z] > git config --get commit.template [1ms]
[2022-03-12T02:33:16.883Z] > git symbolic-ref --short HEAD [2ms]
[2022-03-12T02:33:16.889Z] > git for-each-ref --format=%(refname)%00%(upstream:short)%00%(objectname)%00%(upstream:track) refs/heads/Server refs/remotes/Server [1ms]
[2022-03-12T02:33:16.899Z] > git for-each-ref --sort -committerdate --format %(refname) %(objectname) %(*objectname) [5ms]
[2022-03-12T02:33:16.899Z] > git remote --verbose [1ms]
[2022-03-12T02:33:16.922Z] > git config --get commit.template [1ms]
[2022-03-12T02:33:21.950Z] > git symbolic-ref --short HEAD [1ms]
[2022-03-12T02:33:21.955Z] > git for-each-ref --format=%(refname)%00%(upstream:short)%00%(objectname)%00%(upstream:track) refs/heads/Server refs/remotes/Server [1ms]
[2022-03-12T02:33:21.963Z] > git for-each-ref --sort -committerdate --format %(refname) %(objectname) %(*objectname) [4ms]
[2022-03-12T02:33:21.964Z] > git remote --verbose [2ms]
[2022-03-12T02:33:21.984Z] > git config --get commit.template [2ms]
[2022-03-12T02:33:27.009Z] > git symbolic-ref --short HEAD [1ms]
[2022-03-12T02:33:27.015Z] > git for-each-ref --format=%(refname)%00%(upstream:short)%00%(objectname)%00%(upstream:track) refs/heads/Server refs/remotes/Server [1ms]
[2022-03-12T02:33:27.025Z] > git for-each-ref --sort -committerdate --format %(refname) %(objectname) %(*objectname) [6ms]
[2022-03-12T02:33:27.025Z] > git remote --verbose [1ms]
[2022-03-12T02:33:27.045Z] > git config --get commit.template [1ms]
[2022-03-12T02:33:32.100Z] > git symbolic-ref --short HEAD [2ms]
[2022-03-12T02:33:32.106Z] > git for-each-ref --format=%(refname)%00%(upstream:short)%00%(objectname)%00%(upstream:track) refs/heads/Server refs/remotes/Server [1ms]
[2022-03-12T02:33:32.117Z] > git for-each-ref --sort -committerdate --format %(refname) %(objectname) %(*objectname) [6ms]
[2022-03-12T02:33:32.117Z] > git remote --verbose [1ms]
[2022-03-12T02:33:32.137Z] > git config --get commit.template [1ms]
[2022-03-12T02:33:37.194Z] > git symbolic-ref --short HEAD [1ms]
[2022-03-12T02:33:37.219Z] > git for-each-ref --format=%(refname)%00%(upstream:short)%00%(objectname)%00%(upstream:track) refs/heads/Server refs/remotes/Server [2ms]
[2022-03-12T02:33:37.233Z] > git for-each-ref --sort -committerdate --format %(refname) %(objectname) %(*objectname) [7ms]
[2022-03-12T02:33:37.233Z] > git remote --verbose [1ms]
[2022-03-12T02:33:37.257Z] > git config --get commit.template [1ms]
[2022-03-12T02:33:42.289Z] > git symbolic-ref --short HEAD [1ms]
[2022-03-12T02:33:42.295Z] > git for-each-ref --format=%(refname)%00%(upstream:short)%00%(objectname)%00%(upstream:track) refs/heads/Server refs/remotes/Server [1ms]
[2022-03-12T02:33:42.306Z] > git for-each-ref --sort -committerdate --format %(refname) %(objectname) %(*objectname) [6ms]
[2022-03-12T02:33:42.306Z] > git remote --verbose [1ms]
[2022-03-12T02:33:42.327Z] > git config --get commit.template [1ms]
[2022-03-12T02:33:47.354Z] > git symbolic-ref --short HEAD [1ms]
[2022-03-12T02:33:47.361Z] > git for-each-ref --format=%(refname)%00%(upstream:short)%00%(objectname)%00%(upstream:track) refs/heads/Server refs/remotes/Server [2ms]
[2022-03-12T02:33:47.372Z] > git for-each-ref --sort -committerdate --format %(refname) %(objectname) %(*objectname) [6ms]
[2022-03-12T02:33:47.373Z] > git remote --verbose [2ms]
[2022-03-12T02:33:47.393Z] > git config --get commit.template [1ms]
[2022-03-12T02:33:52.446Z] > git symbolic-ref --short HEAD [1ms]
[2022-03-12T02:33:52.453Z] > git for-each-ref --format=%(refname)%00%(upstream:short)%00%(objectname)%00%(upstream:track) refs/heads/Server refs/remotes/Server [1ms]
[2022-03-12T02:33:52.466Z] > git for-each-ref --sort -committerdate --format %(refname) %(objectname) %(*objectname) [7ms]
[2022-03-12T02:33:52.467Z] > git remote --verbose [1ms]
[2022-03-12T02:33:52.490Z] > git config --get commit.template [1ms]
[2022-03-12T02:33:57.547Z] > git symbolic-ref --short HEAD [2ms]
[2022-03-12T02:33:57.556Z] > git for-each-ref --format=%(refname)%00%(upstream:short)%00%(objectname)%00%(upstream:track) refs/heads/Server refs/remotes/Server [1ms]
[2022-03-12T02:33:57.570Z] > git for-each-ref --sort -committerdate --format %(refname) %(objectname) %(*objectname) [7ms]
[2022-03-12T02:33:57.571Z] > git remote --verbose [2ms]
[2022-03-12T02:33:57.594Z] > git config --get commit.template [1ms]
[2022-03-12T02:34:02.621Z] > git symbolic-ref --short HEAD [1ms]
[2022-03-12T02:34:02.627Z] > git for-each-ref --format=%(refname)%00%(upstream:short)%00%(objectname)%00%(upstream:track) refs/heads/Server refs/remotes/Server [1ms]
[2022-03-12T02:34:02.639Z] > git for-each-ref --sort -committerdate --format %(refname) %(objectname) %(*objectname) [6ms]
[2022-03-12T02:34:02.639Z] > git remote --verbose [1ms]
[2022-03-12T02:34:02.663Z] > git config --get commit.template [1ms]
[2022-03-12T02:34:07.687Z] > git symbolic-ref --short HEAD [1ms]
[2022-03-12T02:34:07.693Z] > git for-each-ref --format=%(refname)%00%(upstream:short)%00%(objectname)%00%(upstream:track) refs/heads/Server refs/remotes/Server [1ms]
[2022-03-12T02:34:07.704Z] > git for-each-ref --sort -committerdate --format %(refname) %(objectname) %(*objectname) [6ms]
[2022-03-12T02:34:07.704Z] > git remote --verbose [1ms]
[2022-03-12T02:34:07.725Z] > git config --get commit.template [1ms]
[2022-03-12T02:34:12.748Z] > git symbolic-ref --short HEAD [1ms]
[2022-03-12T02:34:12.754Z] > git for-each-ref --format=%(refname)%00%(upstream:short)%00%(objectname)%00%(upstream:track) refs/heads/Server refs/remotes/Server [1ms]
[2022-03-12T02:34:12.765Z] > git for-each-ref --sort -committerdate --format %(refname) %(objectname) %(*objectname) [6ms]
[2022-03-12T02:34:12.765Z] > git remote --verbose [1ms]
[2022-03-12T02:34:12.786Z] > git config --get commit.template [1ms]
[2022-03-12T02:34:17.837Z] > git symbolic-ref --short HEAD [1ms]
[2022-03-12T02:34:17.845Z] > git for-each-ref --format=%(refname)%00%(upstream:short)%00%(objectname)%00%(upstream:track) refs/heads/Server refs/remotes/Server [2ms]
[2022-03-12T02:34:17.859Z] > git for-each-ref --sort -committerdate --format %(refname) %(objectname) %(*objectname) [7ms]
[2022-03-12T02:34:17.859Z] > git remote --verbose [1ms]
[2022-03-12T02:34:17.884Z] > git config --get commit.template [1ms]
[2022-03-12T02:34:22.935Z] > git symbolic-ref --short HEAD [1ms]
[2022-03-12T02:34:22.942Z] > git for-each-ref --format=%(refname)%00%(upstream:short)%00%(objectname)%00%(upstream:track) refs/heads/Server refs/remotes/Server [1ms]
[2022-03-12T02:34:22.954Z] > git for-each-ref --sort -committerdate --format %(refname) %(objectname) %(*objectname) [6ms]
[2022-03-12T02:34:22.955Z] > git remote --verbose [2ms]
[2022-03-12T02:34:22.978Z] > git config --get commit.template [3ms]
[2022-03-12T02:34:28.008Z] > git symbolic-ref --short HEAD [1ms]
[2022-03-12T02:34:28.015Z] > git for-each-ref --format=%(refname)%00%(upstream:short)%00%(objectname)%00%(upstream:track) refs/heads/Server refs/remotes/Server [1ms]
[2022-03-12T02:34:28.025Z] > git for-each-ref --sort -committerdate --format %(refname) %(objectname) %(*objectname) [5ms]
[2022-03-12T02:34:28.026Z] > git remote --verbose [1ms]
[2022-03-12T02:34:28.045Z] > git config --get commit.template [0ms]
[2022-03-12T02:34:33.103Z] > git symbolic-ref --short HEAD [2ms]
[2022-03-12T02:34:33.111Z] > git for-each-ref --format=%(refname)%00%(upstream:short)%00%(objectname)%00%(upstream:track) refs/heads/Server refs/remotes/Server [1ms]
[2022-03-12T02:34:33.126Z] > git for-each-ref --sort -committerdate --format %(refname) %(objectname) %(*objectname) [8ms]
[2022-03-12T02:34:33.126Z] > git remote --verbose [1ms]
[2022-03-12T02:34:33.150Z] > git config --get commit.template [0ms]
[2022-03-12T02:34:38.182Z] > git symbolic-ref --short HEAD [1ms]
[2022-03-12T02:34:38.189Z] > git for-each-ref --format=%(refname)%00%(upstream:short)%00%(objectname)%00%(upstream:track) refs/heads/Server refs/remotes/Server [1ms]
[2022-03-12T02:34:38.202Z] > git for-each-ref --sort -committerdate --format %(refname) %(objectname) %(*objectname) [7ms]
[2022-03-12T02:34:38.202Z] > git remote --verbose [1ms]
[2022-03-12T02:34:38.223Z] > git config --get commit.template [0ms]
[2022-03-12T02:34:43.279Z] > git symbolic-ref --short HEAD [1ms]
[2022-03-12T02:34:43.287Z] > git for-each-ref --format=%(refname)%00%(upstream:short)%00%(objectname)%00%(upstream:track) refs/heads/Server refs/remotes/Server [2ms]
[2022-03-12T02:34:43.299Z] > git for-each-ref --sort -committerdate --format %(refname) %(objectname) %(*objectname) [7ms]
[2022-03-12T02:34:43.299Z] > git remote --verbose [1ms]
[2022-03-12T02:34:43.319Z] > git config --get commit.template [1ms]
[2022-03-12T02:34:48.352Z] > git symbolic-ref --short HEAD [1ms]
[2022-03-12T02:34:48.359Z] > git for-each-ref --format=%(refname)%00%(upstream:short)%00%(objectname)%00%(upstream:track) refs/heads/Server refs/remotes/Server [1ms]
[2022-03-12T02:34:48.373Z] > git for-each-ref --sort -committerdate --format %(refname) %(objectname) %(*objectname) [7ms]
[2022-03-12T02:34:48.373Z] > git remote --verbose [1ms]
[2022-03-12T02:34:48.397Z] > git config --get commit.template [1ms]
[2022-03-12T02:34:53.425Z] > git symbolic-ref --short HEAD [1ms]
[2022-03-12T02:34:53.432Z] > git for-each-ref --format=%(refname)%00%(upstream:short)%00%(objectname)%00%(upstream:track) refs/heads/Server refs/remotes/Server [1ms]
[2022-03-12T02:34:53.445Z] > git for-each-ref --sort -committerdate --format %(refname) %(objectname) %(*objectname) [6ms]
[2022-03-12T02:34:53.446Z] > git remote --verbose [2ms]
[2022-03-12T02:34:53.469Z] > git config --get commit.template [3ms]
[2022-03-12T02:34:58.496Z] > git symbolic-ref --short HEAD [1ms]
[2022-03-12T02:34:58.504Z] > git for-each-ref --format=%(refname)%00%(upstream:short)%00%(objectname)%00%(upstream:track) refs/heads/Server refs/remotes/Server [1ms]
[2022-03-12T02:34:58.517Z] > git for-each-ref --sort -committerdate --format %(refname) %(objectname) %(*objectname) [7ms]
[2022-03-12T02:34:58.518Z] > git remote --verbose [2ms]
[2022-03-12T02:34:58.539Z] > git config --get commit.template [1ms]
[2022-03-12T02:35:06.244Z] > git symbolic-ref --short HEAD [1ms]
[2022-03-12T02:35:06.254Z] > git for-each-ref --format=%(refname)%00%(upstream:short)%00%(objectname)%00%(upstream:track) refs/heads/Server refs/remotes/Server [1ms]
[2022-03-12T02:35:06.269Z] > git for-each-ref --sort -committerdate --format %(refname) %(objectname) %(*objectname) [7ms]
[2022-03-12T02:35:06.269Z] > git remote --verbose [1ms]
[2022-03-12T02:35:06.290Z] > git config --get commit.template [1ms]
[2022-03-12T02:35:11.346Z] > git symbolic-ref --short HEAD [1ms]
[2022-03-12T02:35:11.354Z] > git for-each-ref --format=%(refname)%00%(upstream:short)%00%(objectname)%00%(upstream:track) refs/heads/Server refs/remotes/Server [1ms]
[2022-03-12T02:35:11.368Z] > git for-each-ref --sort -committerdate --format %(refname) %(objectname) %(*objectname) [7ms]
[2022-03-12T02:35:11.369Z] > git remote --verbose [1ms]
[2022-03-12T02:35:11.390Z] > git config --get commit.template [1ms]
[2022-03-12T02:35:16.417Z] > git symbolic-ref --short HEAD [1ms]
[2022-03-12T02:35:16.425Z] > git for-each-ref --format=%(refname)%00%(upstream:short)%00%(objectname)%00%(upstream:track) refs/heads/Server refs/remotes/Server [1ms]
[2022-03-12T02:35:16.439Z] > git for-each-ref --sort -committerdate --format %(refname) %(objectname) %(*objectname) [8ms]
[2022-03-12T02:35:16.439Z] > git remote --verbose [1ms]
[2022-03-12T02:35:16.461Z] > git config --get commit.template [1ms]
[2022-03-12T02:35:37.015Z] > git symbolic-ref --short HEAD [1ms]
[2022-03-12T02:35:37.023Z] > git for-each-ref --format=%(refname)%00%(upstream:short)%00%(objectname)%00%(upstream:track) refs/heads/Server refs/remotes/Server [1ms]
[2022-03-12T02:35:37.038Z] > git for-each-ref --sort -committerdate --format %(refname) %(objectname) %(*objectname) [7ms]
[2022-03-12T02:35:37.039Z] > git remote --verbose [1ms]
[2022-03-12T02:35:37.063Z] > git config --get commit.template [4ms]
[2022-03-12T02:35:42.092Z] > git symbolic-ref --short HEAD [1ms]
[2022-03-12T02:35:42.100Z] > git for-each-ref --format=%(refname)%00%(upstream:short)%00%(objectname)%00%(upstream:track) refs/heads/Server refs/remotes/Server [1ms]
[2022-03-12T02:35:42.113Z] > git for-each-ref --sort -committerdate --format %(refname) %(objectname) %(*objectname) [7ms]
[2022-03-12T02:35:42.113Z] > git remote --verbose [1ms]
[2022-03-12T02:35:42.140Z] > git config --get commit.template [1ms]
[2022-03-12T02:35:47.189Z] > git symbolic-ref --short HEAD [1ms]
[2022-03-12T02:35:47.196Z] > git for-each-ref --format=%(refname)%00%(upstream:short)%00%(objectname)%00%(upstream:track) refs/heads/Server refs/remotes/Server [2ms]
[2022-03-12T02:35:47.208Z] > git for-each-ref --sort -committerdate --format %(refname) %(objectname) %(*objectname) [6ms]
[2022-03-12T02:35:47.208Z] > git remote --verbose [1ms]
[2022-03-12T02:35:47.234Z] > git config --get commit.template [1ms]
[2022-03-12T02:35:52.280Z] > git symbolic-ref --short HEAD [1ms]
[2022-03-12T02:35:52.286Z] > git for-each-ref --format=%(refname)%00%(upstream:short)%00%(objectname)%00%(upstream:track) refs/heads/Server refs/remotes/Server [1ms]
[2022-03-12T02:35:52.297Z] > git for-each-ref --sort -committerdate --format %(refname) %(objectname) %(*objectname) [6ms]
[2022-03-12T02:35:52.297Z] > git remote --verbose [1ms]
[2022-03-12T02:35:52.321Z] > git config --get commit.template [1ms]
[2022-03-12T02:35:57.349Z] > git symbolic-ref --short HEAD [1ms]
[2022-03-12T02:35:57.354Z] > git for-each-ref --format=%(refname)%00%(upstream:short)%00%(objectname)%00%(upstream:track) refs/heads/Server refs/remotes/Server [1ms]
[2022-03-12T02:35:57.364Z] > git for-each-ref --sort -committerdate --format %(refname) %(objectname) %(*objectname) [6ms]
[2022-03-12T02:35:57.364Z] > git remote --verbose [1ms]
[2022-03-12T02:35:57.385Z] > git config --get commit.template [1ms]
[2022-03-12T02:36:02.408Z] > git symbolic-ref --short HEAD [1ms]
[2022-03-12T02:36:02.414Z] > git for-each-ref --format=%(refname)%00%(upstream:short)%00%(objectname)%00%(upstream:track) refs/heads/Server refs/remotes/Server [1ms]
[2022-03-12T02:36:02.423Z] > git for-each-ref --sort -committerdate --format %(refname) %(objectname) %(*objectname) [5ms]
[2022-03-12T02:36:02.424Z] > git remote --verbose [2ms]
[2022-03-12T02:36:02.444Z] > git config --get commit.template [1ms]
[2022-03-12T02:36:07.496Z] > git symbolic-ref --short HEAD [1ms]
[2022-03-12T02:36:07.505Z] > git for-each-ref --format=%(refname)%00%(upstream:short)%00%(objectname)%00%(upstream:track) refs/heads/Server refs/remotes/Server [2ms]
[2022-03-12T02:36:07.519Z] > git for-each-ref --sort -committerdate --format %(refname) %(objectname) %(*objectname) [7ms]
[2022-03-12T02:36:07.520Z] > git remote --verbose [2ms]
[2022-03-12T02:36:07.544Z] > git config --get commit.template [0ms]
[2022-03-12T02:36:12.574Z] > git symbolic-ref --short HEAD [1ms]
[2022-03-12T02:36:12.580Z] > git for-each-ref --format=%(refname)%00%(upstream:short)%00%(objectname)%00%(upstream:track) refs/heads/Server refs/remotes/Server [1ms]
[2022-03-12T02:36:12.590Z] > git for-each-ref --sort -committerdate --format %(refname) %(objectname) %(*objectname) [5ms]
[2022-03-12T02:36:12.590Z] > git remote --verbose [1ms]
[2022-03-12T02:36:12.609Z] > git config --get commit.template [1ms]
[2022-03-12T02:36:17.633Z] > git symbolic-ref --short HEAD [1ms]
[2022-03-12T02:36:17.638Z] > git for-each-ref --format=%(refname)%00%(upstream:short)%00%(objectname)%00%(upstream:track) refs/heads/Server refs/remotes/Server [1ms]
[2022-03-12T02:36:17.648Z] > git for-each-ref --sort -committerdate --format %(refname) %(objectname) %(*objectname) [5ms]
[2022-03-12T02:36:17.648Z] > git remote --verbose [1ms]
[2022-03-12T02:36:17.667Z] > git config --get commit.template [1ms]
[2022-03-12T02:36:22.725Z] > git symbolic-ref --short HEAD [2ms]
[2022-03-12T02:36:22.734Z] > git for-each-ref --format=%(refname)%00%(upstream:short)%00%(objectname)%00%(upstream:track) refs/heads/Server refs/remotes/Server [2ms]
[2022-03-12T02:36:22.750Z] > git for-each-ref --sort -committerdate --format %(refname) %(objectname) %(*objectname) [8ms]
[2022-03-12T02:36:22.751Z] > git remote --verbose [2ms]
[2022-03-12T02:36:22.779Z] > git config --get commit.template [1ms]
[2022-03-12T02:36:27.801Z] > git symbolic-ref --short HEAD [1ms]
[2022-03-12T02:36:27.807Z] > git for-each-ref --format=%(refname)%00%(upstream:short)%00%(objectname)%00%(upstream:track) refs/heads/Server refs/remotes/Server [1ms]
[2022-03-12T02:36:27.818Z] > git for-each-ref --sort -committerdate --format %(refname) %(objectname) %(*objectname) [6ms]
[2022-03-12T02:36:27.818Z] > git remote --verbose [1ms]
[2022-03-12T02:36:27.835Z] > git config --get commit.template [0ms]
[2022-03-12T02:36:32.864Z] > git symbolic-ref --short HEAD [1ms]
[2022-03-12T02:36:32.872Z] > git for-each-ref --format=%(refname)%00%(upstream:short)%00%(objectname)%00%(upstream:track) refs/heads/Server refs/remotes/Server [2ms]
[2022-03-12T02:36:32.886Z] > git for-each-ref --sort -committerdate --format %(refname) %(objectname) %(*objectname) [8ms]
[2022-03-12T02:36:32.886Z] > git remote --verbose [1ms]
[2022-03-12T02:36:32.910Z] > git config --get commit.template [1ms]
[2022-03-12T02:36:37.941Z] > git symbolic-ref --short HEAD [1ms]
[2022-03-12T02:36:37.948Z] > git for-each-ref --format=%(refname)%00%(upstream:short)%00%(objectname)%00%(upstream:track) refs/heads/Server refs/remotes/Server [1ms]
[2022-03-12T02:36:37.960Z] > git for-each-ref --sort -committerdate --format %(refname) %(objectname) %(*objectname) [6ms]
[2022-03-12T02:36:37.960Z] > git remote --verbose [1ms]
[2022-03-12T02:36:37.980Z] > git config --get commit.template [1ms]
[2022-03-12T02:36:43.011Z] > git symbolic-ref --short HEAD [1ms]
[2022-03-12T02:36:43.018Z] > git for-each-ref --format=%(refname)%00%(upstream:short)%00%(objectname)%00%(upstream:track) refs/heads/Server refs/remotes/Server [1ms]
[2022-03-12T02:36:43.030Z] > git for-each-ref --sort -committerdate --format %(refname) %(objectname) %(*objectname) [6ms]
[2022-03-12T02:36:43.030Z] > git remote --verbose [1ms]
[2022-03-12T02:36:43.051Z] > git config --get commit.template [1ms]
[2022-03-12T02:36:48.098Z] > git symbolic-ref --short HEAD [1ms]
[2022-03-12T02:36:48.104Z] > git for-each-ref --format=%(refname)%00%(upstream:short)%00%(objectname)%00%(upstream:track) refs/heads/Server refs/remotes/Server [1ms]
[2022-03-12T02:36:48.114Z] > git for-each-ref --sort -committerdate --format %(refname) %(objectname) %(*objectname) [5ms]
[2022-03-12T02:36:48.115Z] > git remote --verbose [1ms]
[2022-03-12T02:36:48.135Z] > git config --get commit.template [0ms]
[2022-03-12T02:36:53.160Z] > git symbolic-ref --short HEAD [1ms]
[2022-03-12T02:36:53.166Z] > git for-each-ref --format=%(refname)%00%(upstream:short)%00%(objectname)%00%(upstream:track) refs/heads/Server refs/remotes/Server [1ms]
[2022-03-12T02:36:53.175Z] > git for-each-ref --sort -committerdate --format %(refname) %(objectname) %(*objectname) [4ms]
[2022-03-12T02:36:53.176Z] > git remote --verbose [1ms]
[2022-03-12T02:36:53.196Z] > git config --get commit.template [1ms]
[2022-03-12T02:36:58.222Z] > git symbolic-ref --short HEAD [1ms]
[2022-03-12T02:36:58.228Z] > git for-each-ref --format=%(refname)%00%(upstream:short)%00%(objectname)%00%(upstream:track) refs/heads/Server refs/remotes/Server [1ms]
[2022-03-12T02:36:58.239Z] > git for-each-ref --sort -committerdate --format %(refname) %(objectname) %(*objectname) [6ms]
[2022-03-12T02:36:58.239Z] > git remote --verbose [1ms]
[2022-03-12T02:36:58.267Z] > git config --get commit.template [1ms]
[2022-03-12T02:37:03.321Z] > git symbolic-ref --short HEAD [2ms]
[2022-03-12T02:37:03.329Z] > git for-each-ref --format=%(refname)%00%(upstream:short)%00%(objectname)%00%(upstream:track) refs/heads/Server refs/remotes/Server [2ms]
[2022-03-12T02:37:03.341Z] > git for-each-ref --sort -committerdate --format %(refname) %(objectname) %(*objectname) [6ms]
[2022-03-12T02:37:03.341Z] > git remote --verbose [1ms]
[2022-03-12T02:37:03.363Z] > git config --get commit.template [0ms]
[2022-03-12T02:37:08.392Z] > git symbolic-ref --short HEAD [1ms]
[2022-03-12T02:37:08.398Z] > git for-each-ref --format=%(refname)%00%(upstream:short)%00%(objectname)%00%(upstream:track) refs/heads/Server refs/remotes/Server [1ms]
[2022-03-12T02:37:08.409Z] > git for-each-ref --sort -committerdate --format %(refname) %(objectname) %(*objectname) [6ms]
[2022-03-12T02:37:08.409Z] > git remote --verbose [1ms]
[2022-03-12T02:37:08.428Z] > git config --get commit.template [0ms]
[2022-03-12T02:37:13.457Z] > git symbolic-ref --short HEAD [1ms]
[2022-03-12T02:37:13.463Z] > git for-each-ref --format=%(refname)%00%(upstream:short)%00%(objectname)%00%(upstream:track) refs/heads/Server refs/remotes/Server [1ms]
[2022-03-12T02:37:13.473Z] > git for-each-ref --sort -committerdate --format %(refname) %(objectname) %(*objectname) [5ms]
[2022-03-12T02:37:13.473Z] > git remote --verbose [1ms]
[2022-03-12T02:37:13.492Z] > git config --get commit.template [0ms]
[2022-03-12T02:37:18.517Z] > git symbolic-ref --short HEAD [1ms]
[2022-03-12T02:37:18.523Z] > git for-each-ref --format=%(refname)%00%(upstream:short)%00%(objectname)%00%(upstream:track) refs/heads/Server refs/remotes/Server [1ms]
[2022-03-12T02:37:18.534Z] > git for-each-ref --sort -committerdate --format %(refname) %(objectname) %(*objectname) [6ms]
[2022-03-12T02:37:18.534Z] > git remote --verbose [1ms]
[2022-03-12T02:37:18.554Z] > git config --get commit.template [1ms]
[2022-03-12T02:37:23.609Z] > git symbolic-ref --short HEAD [1ms]
[2022-03-12T02:37:23.618Z] > git for-each-ref --format=%(refname)%00%(upstream:short)%00%(objectname)%00%(upstream:track) refs/heads/Server refs/remotes/Server [2ms]
[2022-03-12T02:37:23.632Z] > git for-each-ref --sort -committerdate --format %(refname) %(objectname) %(*objectname) [7ms]
[2022-03-12T02:37:23.633Z] > git remote --verbose [2ms]
[2022-03-12T02:37:23.657Z] > git config --get commit.template [0ms]
[2022-03-12T02:37:28.681Z] > git symbolic-ref --short HEAD [1ms]
[2022-03-12T02:37:28.687Z] > git for-each-ref --format=%(refname)%00%(upstream:short)%00%(objectname)%00%(upstream:track) refs/heads/Server refs/remotes/Server [1ms]
[2022-03-12T02:37:28.698Z] > git for-each-ref --sort -committerdate --format %(refname) %(objectname) %(*objectname) [6ms]
[2022-03-12T02:37:28.698Z] > git remote --verbose [1ms]
[2022-03-12T02:37:28.719Z] > git config --get commit.template [1ms]
[2022-03-12T02:37:33.750Z] > git symbolic-ref --short HEAD [1ms]
[2022-03-12T02:37:33.757Z] > git for-each-ref --format=%(refname)%00%(upstream:short)%00%(objectname)%00%(upstream:track) refs/heads/Server refs/remotes/Server [1ms]
[2022-03-12T02:37:33.769Z] > git for-each-ref --sort -committerdate --format %(refname) %(objectname) %(*objectname) [6ms]
[2022-03-12T02:37:33.769Z] > git remote --verbose [1ms]
[2022-03-12T02:37:33.788Z] > git config --get commit.template [0ms]
[2022-03-12T02:37:38.819Z] > git symbolic-ref --short HEAD [0ms]
[2022-03-12T02:37:38.826Z] > git for-each-ref --format=%(refname)%00%(upstream:short)%00%(objectname)%00%(upstream:track) refs/heads/Server refs/remotes/Server [1ms]
[2022-03-12T02:37:38.838Z] > git for-each-ref --sort -committerdate --format %(refname) %(objectname) %(*objectname) [6ms]
[2022-03-12T02:37:38.839Z] > git remote --verbose [1ms]
[2022-03-12T02:37:38.858Z] > git config --get commit.template [0ms]
[2022-03-12T02:37:43.916Z] > git symbolic-ref --short HEAD [1ms]
[2022-03-12T02:37:43.925Z] > git for-each-ref --format=%(refname)%00%(upstream:short)%00%(objectname)%00%(upstream:track) refs/heads/Server refs/remotes/Server [1ms]
[2022-03-12T02:37:43.939Z] > git for-each-ref --sort -committerdate --format %(refname) %(objectname) %(*objectname) [7ms]
[2022-03-12T02:37:43.939Z] > git remote --verbose [1ms]
[2022-03-12T02:37:43.960Z] > git config --get commit.template [1ms]
[2022-03-12T02:37:48.987Z] > git symbolic-ref --short HEAD [2ms]
[2022-03-12T02:37:48.994Z] > git for-each-ref --format=%(refname)%00%(upstream:short)%00%(objectname)%00%(upstream:track) refs/heads/Server refs/remotes/Server [1ms]
[2022-03-12T02:37:49.007Z] > git for-each-ref --sort -committerdate --format %(refname) %(objectname) %(*objectname) [7ms]
[2022-03-12T02:37:49.008Z] > git remote --verbose [2ms]
[2022-03-12T02:37:49.031Z] > git config --get commit.template [2ms]
[2022-03-12T02:37:54.091Z] > git symbolic-ref --short HEAD [1ms]
[2022-03-12T02:37:54.101Z] > git for-each-ref --format=%(refname)%00%(upstream:short)%00%(objectname)%00%(upstream:track) refs/heads/Server refs/remotes/Server [1ms]
[2022-03-12T02:37:54.116Z] > git for-each-ref --sort -committerdate --format %(refname) %(objectname) %(*objectname) [8ms]
[2022-03-12T02:37:54.116Z] > git remote --verbose [1ms]
[2022-03-12T02:37:54.138Z] > git config --get commit.template [1ms]
[2022-03-12T02:37:59.192Z] > git symbolic-ref --short HEAD [1ms]
[2022-03-12T02:37:59.201Z] > git for-each-ref --format=%(refname)%00%(upstream:short)%00%(objectname)%00%(upstream:track) refs/heads/Server refs/remotes/Server [1ms]
[2022-03-12T02:37:59.215Z] > git for-each-ref --sort -committerdate --format %(refname) %(objectname) %(*objectname) [8ms]
[2022-03-12T02:37:59.215Z] > git remote --verbose [1ms]
[2022-03-12T02:37:59.235Z] > git config --get commit.template [0ms]
[2022-03-12T02:38:04.292Z] > git symbolic-ref --short HEAD [1ms]
[2022-03-12T02:38:04.304Z] > git for-each-ref --format=%(refname)%00%(upstream:short)%00%(objectname)%00%(upstream:track) refs/heads/Server refs/remotes/Server [2ms]
[2022-03-12T02:38:04.325Z] > git for-each-ref --sort -committerdate --format %(refname) %(objectname) %(*objectname) [11ms]
[2022-03-12T02:38:04.325Z] > git remote --verbose [1ms]
[2022-03-12T02:38:04.353Z] > git config --get commit.template [1ms]
[2022-03-12T02:38:09.387Z] > git symbolic-ref --short HEAD [0ms]
[2022-03-12T02:38:09.396Z] > git for-each-ref --format=%(refname)%00%(upstream:short)%00%(objectname)%00%(upstream:track) refs/heads/Server refs/remotes/Server [2ms]
[2022-03-12T02:38:09.411Z] > git for-each-ref --sort -committerdate --format %(refname) %(objectname) %(*objectname) [8ms]
[2022-03-12T02:38:09.411Z] > git remote --verbose [1ms]
[2022-03-12T02:38:09.433Z] > git config --get commit.template [1ms]
[2022-03-12T02:40:08.029Z] > git symbolic-ref --short HEAD [1ms]
[2022-03-12T02:40:08.035Z] > git for-each-ref --format=%(refname)%00%(upstream:short)%00%(objectname)%00%(upstream:track) refs/heads/Server refs/remotes/Server [2ms]
[2022-03-12T02:40:08.044Z] > git for-each-ref --sort -committerdate --format %(refname) %(objectname) %(*objectname) [5ms]
[2022-03-12T02:40:08.045Z] > git remote --verbose [2ms]
[2022-03-12T02:40:08.074Z] > git config --get commit.template [1ms]
[2022-03-12T02:40:13.101Z] > git symbolic-ref --short HEAD [1ms]
[2022-03-12T02:40:13.105Z] > git for-each-ref --format=%(refname)%00%(upstream:short)%00%(objectname)%00%(upstream:track) refs/heads/Server refs/remotes/Server [1ms]
[2022-03-12T02:40:13.112Z] > git for-each-ref --sort -committerdate --format %(refname) %(objectname) %(*objectname) [4ms]
[2022-03-12T02:40:13.113Z] > git remote --verbose [1ms]
[2022-03-12T02:40:13.140Z] > git config --get commit.template [5ms]
