[2022-03-12T02:23:48.963Z] Validating found git in: git
[2022-03-12T02:23:49.033Z] Using git 2.25.1 from git
[2022-03-12T02:23:49.051Z] > git rev-parse --git-dir [2ms]
[2022-03-12T02:23:49.056Z] Open repository: /opt/projectcode/MightyWarriors
[2022-03-12T02:23:49.088Z] > git symbolic-ref --short HEAD [1ms]
[2022-03-12T02:23:49.092Z] > git for-each-ref --format=%(refname)%00%(upstream:short)%00%(objectname)%00%(upstream:track) refs/heads/main refs/remotes/main [1ms]
[2022-03-12T02:23:49.099Z] > git remote --verbose [1ms]
[2022-03-12T02:23:49.100Z] > git for-each-ref --sort -committerdate --format %(refname) %(objectname) %(*objectname) [5ms]
[2022-03-12T02:23:49.135Z] > git config --get commit.template [1ms]
[2022-03-12T02:23:52.604Z] > git symbolic-ref --short HEAD [1ms]
[2022-03-12T02:23:52.609Z] > git for-each-ref --format=%(refname)%00%(upstream:short)%00%(objectname)%00%(upstream:track) refs/heads/main refs/remotes/main [2ms]
[2022-03-12T02:23:52.617Z] > git for-each-ref --sort -committerdate --format %(refname) %(objectname) %(*objectname) [4ms]
[2022-03-12T02:23:52.617Z] > git remote --verbose [1ms]
[2022-03-12T02:23:52.642Z] > git config --get commit.template [1ms]
[2022-03-12T02:23:57.666Z] > git symbolic-ref --short HEAD [1ms]
[2022-03-12T02:23:57.671Z] > git for-each-ref --format=%(refname)%00%(upstream:short)%00%(objectname)%00%(upstream:track) refs/heads/main refs/remotes/main [1ms]
[2022-03-12T02:23:57.679Z] > git for-each-ref --sort -committerdate --format %(refname) %(objectname) %(*objectname) [4ms]
[2022-03-12T02:23:57.680Z] > git remote --verbose [2ms]
[2022-03-12T02:23:57.705Z] > git config --get commit.template [1ms]
[2022-03-12T02:24:02.762Z] > git symbolic-ref --short HEAD [3ms]
[2022-03-12T02:24:02.774Z] > git for-each-ref --format=%(refname)%00%(upstream:short)%00%(objectname)%00%(upstream:track) refs/heads/main refs/remotes/main [3ms]
[2022-03-12T02:24:02.789Z] > git for-each-ref --sort -committerdate --format %(refname) %(objectname) %(*objectname) [7ms]
[2022-03-12T02:24:02.790Z] > git remote --verbose [2ms]
[2022-03-12T02:24:02.816Z] > git config --get commit.template [1ms]
[2022-03-12T02:24:07.870Z] > git symbolic-ref --short HEAD [2ms]
[2022-03-12T02:24:07.878Z] > git for-each-ref --format=%(refname)%00%(upstream:short)%00%(objectname)%00%(upstream:track) refs/heads/main refs/remotes/main [2ms]
[2022-03-12T02:24:07.892Z] > git for-each-ref --sort -committerdate --format %(refname) %(objectname) %(*objectname) [7ms]
[2022-03-12T02:24:07.892Z] > git remote --verbose [2ms]
[2022-03-12T02:24:07.919Z] > git config --get commit.template [1ms]
[2022-03-12T02:24:12.943Z] > git symbolic-ref --short HEAD [1ms]
[2022-03-12T02:24:12.949Z] > git for-each-ref --format=%(refname)%00%(upstream:short)%00%(objectname)%00%(upstream:track) refs/heads/main refs/remotes/main [1ms]
[2022-03-12T02:24:12.958Z] > git for-each-ref --sort -committerdate --format %(refname) %(objectname) %(*objectname) [5ms]
[2022-03-12T02:24:12.959Z] > git remote --verbose [2ms]
[2022-03-12T02:24:12.980Z] > git config --get commit.template [1ms]
[2022-03-12T02:24:18.031Z] > git symbolic-ref --short HEAD [2ms]
[2022-03-12T02:24:18.037Z] > git for-each-ref --format=%(refname)%00%(upstream:short)%00%(objectname)%00%(upstream:track) refs/heads/Server refs/remotes/Server [1ms]
[2022-03-12T02:24:18.049Z] > git for-each-ref --sort -committerdate --format %(refname) %(objectname) %(*objectname) [7ms]
[2022-03-12T02:24:18.050Z] > git remote --verbose [2ms]
[2022-03-12T02:24:18.075Z] > git config --get commit.template [1ms]
[2022-03-12T02:24:23.099Z] > git symbolic-ref --short HEAD [1ms]
[2022-03-12T02:24:23.104Z] > git for-each-ref --format=%(refname)%00%(upstream:short)%00%(objectname)%00%(upstream:track) refs/heads/Server refs/remotes/Server [1ms]
[2022-03-12T02:24:23.114Z] > git for-each-ref --sort -committerdate --format %(refname) %(objectname) %(*objectname) [6ms]
[2022-03-12T02:24:23.114Z] > git remote --verbose [1ms]
[2022-03-12T02:24:23.133Z] > git config --get commit.template [1ms]
[2022-03-12T02:24:28.155Z] > git symbolic-ref --short HEAD [1ms]
[2022-03-12T02:24:28.160Z] > git for-each-ref --format=%(refname)%00%(upstream:short)%00%(objectname)%00%(upstream:track) refs/heads/Server refs/remotes/Server [1ms]
[2022-03-12T02:24:28.168Z] > git for-each-ref --sort -committerdate --format %(refname) %(objectname) %(*objectname) [4ms]
[2022-03-12T02:24:28.168Z] > git remote --verbose [1ms]
[2022-03-12T02:24:28.189Z] > git config --get commit.template [1ms]
[2022-03-12T02:24:33.212Z] > git symbolic-ref --short HEAD [1ms]
[2022-03-12T02:24:33.217Z] > git for-each-ref --format=%(refname)%00%(upstream:short)%00%(objectname)%00%(upstream:track) refs/heads/Server refs/remotes/Server [1ms]
[2022-03-12T02:24:33.225Z] > git for-each-ref --sort -committerdate --format %(refname) %(objectname) %(*objectname) [5ms]
[2022-03-12T02:24:33.225Z] > git remote --verbose [1ms]
[2022-03-12T02:24:33.244Z] > git config --get commit.template [1ms]
[2022-03-12T02:24:38.888Z] > git symbolic-ref --short HEAD [2ms]
[2022-03-12T02:24:38.899Z] > git for-each-ref --format=%(refname)%00%(upstream:short)%00%(objectname)%00%(upstream:track) refs/heads/Server refs/remotes/Server [2ms]
[2022-03-12T02:24:38.917Z] > git for-each-ref --sort -committerdate --format %(refname) %(objectname) %(*objectname) [9ms]
[2022-03-12T02:24:38.918Z] > git remote --verbose [2ms]
[2022-03-12T02:24:38.942Z] > git config --get commit.template [1ms]
[2022-03-12T02:24:43.992Z] > git symbolic-ref --short HEAD [1ms]
[2022-03-12T02:24:44.001Z] > git for-each-ref --format=%(refname)%00%(upstream:short)%00%(objectname)%00%(upstream:track) refs/heads/Server refs/remotes/Server [2ms]
[2022-03-12T02:24:44.016Z] > git for-each-ref --sort -committerdate --format %(refname) %(objectname) %(*objectname) [8ms]
[2022-03-12T02:24:44.016Z] > git remote --verbose [2ms]
[2022-03-12T02:24:44.046Z] > git config --get commit.template [1ms]
[2022-03-12T02:24:49.072Z] > git symbolic-ref --short HEAD [2ms]
[2022-03-12T02:24:49.078Z] > git for-each-ref --format=%(refname)%00%(upstream:short)%00%(objectname)%00%(upstream:track) refs/heads/Server refs/remotes/Server [1ms]
[2022-03-12T02:24:49.088Z] > git for-each-ref --sort -committerdate --format %(refname) %(objectname) %(*objectname) [6ms]
[2022-03-12T02:24:49.088Z] > git remote --verbose [1ms]
[2022-03-12T02:24:49.110Z] > git config --get commit.template [1ms]
[2022-03-12T02:24:54.164Z] > git symbolic-ref --short HEAD [2ms]
[2022-03-12T02:24:54.175Z] > git for-each-ref --format=%(refname)%00%(upstream:short)%00%(objectname)%00%(upstream:track) refs/heads/Server refs/remotes/Server [2ms]
[2022-03-12T02:24:54.189Z] > git for-each-ref --sort -committerdate --format %(refname) %(objectname) %(*objectname) [7ms]
[2022-03-12T02:24:54.190Z] > git remote --verbose [2ms]
[2022-03-12T02:24:54.218Z] > git config --get commit.template [1ms]
[2022-03-12T02:24:59.244Z] > git symbolic-ref --short HEAD [1ms]
[2022-03-12T02:24:59.251Z] > git for-each-ref --format=%(refname)%00%(upstream:short)%00%(objectname)%00%(upstream:track) refs/heads/Server refs/remotes/Server [2ms]
[2022-03-12T02:24:59.262Z] > git for-each-ref --sort -committerdate --format %(refname) %(objectname) %(*objectname) [6ms]
[2022-03-12T02:24:59.262Z] > git remote --verbose [1ms]
[2022-03-12T02:24:59.287Z] > git config --get commit.template [2ms]
[2022-03-12T02:25:04.336Z] > git symbolic-ref --short HEAD [1ms]
[2022-03-12T02:25:04.341Z] > git for-each-ref --format=%(refname)%00%(upstream:short)%00%(objectname)%00%(upstream:track) refs/heads/Server refs/remotes/Server [1ms]
[2022-03-12T02:25:04.352Z] > git for-each-ref --sort -committerdate --format %(refname) %(objectname) %(*objectname) [6ms]
[2022-03-12T02:25:04.352Z] > git remote --verbose [1ms]
[2022-03-12T02:25:04.371Z] > git config --get commit.template [1ms]
[2022-03-12T02:25:09.425Z] > git symbolic-ref --short HEAD [2ms]
[2022-03-12T02:25:09.433Z] > git for-each-ref --format=%(refname)%00%(upstream:short)%00%(objectname)%00%(upstream:track) refs/heads/Server refs/remotes/Server [2ms]
[2022-03-12T02:25:09.445Z] > git for-each-ref --sort -committerdate --format %(refname) %(objectname) %(*objectname) [6ms]
[2022-03-12T02:25:09.446Z] > git remote --verbose [1ms]
[2022-03-12T02:25:09.465Z] > git config --get commit.template [1ms]
[2022-03-12T02:25:14.519Z] > git symbolic-ref --short HEAD [2ms]
[2022-03-12T02:25:14.528Z] > git for-each-ref --format=%(refname)%00%(upstream:short)%00%(objectname)%00%(upstream:track) refs/heads/Server refs/remotes/Server [2ms]
[2022-03-12T02:25:14.544Z] > git for-each-ref --sort -committerdate --format %(refname) %(objectname) %(*objectname) [8ms]
[2022-03-12T02:25:14.545Z] > git remote --verbose [2ms]
[2022-03-12T02:25:14.572Z] > git config --get commit.template [1ms]
[2022-03-12T02:25:22.498Z] > git symbolic-ref --short HEAD [1ms]
[2022-03-12T02:25:22.511Z] > git for-each-ref --format=%(refname)%00%(upstream:short)%00%(objectname)%00%(upstream:track) refs/heads/Server refs/remotes/Server [3ms]
[2022-03-12T02:25:22.531Z] > git for-each-ref --sort -committerdate --format %(refname) %(objectname) %(*objectname) [11ms]
[2022-03-12T02:25:22.532Z] > git remote --verbose [2ms]
[2022-03-12T02:25:22.563Z] > git config --get commit.template [1ms]
[2022-03-12T02:25:27.591Z] > git symbolic-ref --short HEAD [1ms]
[2022-03-12T02:25:27.599Z] > git for-each-ref --format=%(refname)%00%(upstream:short)%00%(objectname)%00%(upstream:track) refs/heads/Server refs/remotes/Server [1ms]
[2022-03-12T02:25:27.612Z] > git for-each-ref --sort -committerdate --format %(refname) %(objectname) %(*objectname) [7ms]
[2022-03-12T02:25:27.613Z] > git remote --verbose [2ms]
[2022-03-12T02:25:27.637Z] > git config --get commit.template [2ms]
[2022-03-12T02:25:32.661Z] > git symbolic-ref --short HEAD [1ms]
[2022-03-12T02:25:32.667Z] > git for-each-ref --format=%(refname)%00%(upstream:short)%00%(objectname)%00%(upstream:track) refs/heads/Server refs/remotes/Server [1ms]
[2022-03-12T02:25:32.677Z] > git for-each-ref --sort -committerdate --format %(refname) %(objectname) %(*objectname) [5ms]
[2022-03-12T02:25:32.677Z] > git remote --verbose [1ms]
[2022-03-12T02:25:32.702Z] > git config --get commit.template [3ms]
[2022-03-12T02:25:37.752Z] > git symbolic-ref --short HEAD [1ms]
[2022-03-12T02:25:37.759Z] > git for-each-ref --format=%(refname)%00%(upstream:short)%00%(objectname)%00%(upstream:track) refs/heads/Server refs/remotes/Server [2ms]
[2022-03-12T02:25:37.770Z] > git for-each-ref --sort -committerdate --format %(refname) %(objectname) %(*objectname) [6ms]
[2022-03-12T02:25:37.771Z] > git remote --verbose [2ms]
[2022-03-12T02:25:37.800Z] > git config --get commit.template [2ms]
[2022-03-12T02:25:42.853Z] > git symbolic-ref --short HEAD [2ms]
[2022-03-12T02:25:42.867Z] > git for-each-ref --format=%(refname)%00%(upstream:short)%00%(objectname)%00%(upstream:track) refs/heads/Server refs/remotes/Server [3ms]
[2022-03-12T02:25:42.890Z] > git for-each-ref --sort -committerdate --format %(refname) %(objectname) %(*objectname) [12ms]
[2022-03-12T02:25:42.891Z] > git remote --verbose [4ms]
[2022-03-12T02:25:42.924Z] > git config --get commit.template [2ms]
[2022-03-12T02:25:47.975Z] > git symbolic-ref --short HEAD [1ms]
[2022-03-12T02:25:47.982Z] > git for-each-ref --format=%(refname)%00%(upstream:short)%00%(objectname)%00%(upstream:track) refs/heads/Server refs/remotes/Server [1ms]
[2022-03-12T02:25:47.992Z] > git for-each-ref --sort -committerdate --format %(refname) %(objectname) %(*objectname) [6ms]
[2022-03-12T02:25:47.992Z] > git remote --verbose [1ms]
[2022-03-12T02:25:48.018Z] > git config --get commit.template [1ms]
[2022-03-12T02:25:53.072Z] > git symbolic-ref --short HEAD [2ms]
[2022-03-12T02:25:53.080Z] > git for-each-ref --format=%(refname)%00%(upstream:short)%00%(objectname)%00%(upstream:track) refs/heads/Server refs/remotes/Server [2ms]
[2022-03-12T02:25:53.093Z] > git for-each-ref --sort -committerdate --format %(refname) %(objectname) %(*objectname) [7ms]
[2022-03-12T02:25:53.093Z] > git remote --verbose [1ms]
[2022-03-12T02:25:53.119Z] > git config --get commit.template [0ms]
[2022-03-12T02:25:58.167Z] > git symbolic-ref --short HEAD [2ms]
[2022-03-12T02:25:58.177Z] > git for-each-ref --format=%(refname)%00%(upstream:short)%00%(objectname)%00%(upstream:track) refs/heads/Server refs/remotes/Server [2ms]
[2022-03-12T02:25:58.189Z] > git for-each-ref --sort -committerdate --format %(refname) %(objectname) %(*objectname) [6ms]
[2022-03-12T02:25:58.190Z] > git remote --verbose [2ms]
[2022-03-12T02:25:58.213Z] > git config --get commit.template [1ms]
[2022-03-12T02:26:03.265Z] > git symbolic-ref --short HEAD [2ms]
[2022-03-12T02:26:03.273Z] > git for-each-ref --format=%(refname)%00%(upstream:short)%00%(objectname)%00%(upstream:track) refs/heads/Server refs/remotes/Server [2ms]
[2022-03-12T02:26:03.287Z] > git for-each-ref --sort -committerdate --format %(refname) %(objectname) %(*objectname) [7ms]
[2022-03-12T02:26:03.287Z] > git remote --verbose [1ms]
[2022-03-12T02:26:03.316Z] > git config --get commit.template [1ms]
[2022-03-12T02:26:08.365Z] > git symbolic-ref --short HEAD [1ms]
[2022-03-12T02:26:08.372Z] > git for-each-ref --format=%(refname)%00%(upstream:short)%00%(objectname)%00%(upstream:track) refs/heads/Server refs/remotes/Server [1ms]
[2022-03-12T02:26:08.384Z] > git for-each-ref --sort -committerdate --format %(refname) %(objectname) %(*objectname) [6ms]
[2022-03-12T02:26:08.384Z] > git remote --verbose [1ms]
[2022-03-12T02:26:08.412Z] > git config --get commit.template [0ms]
[2022-03-12T02:26:13.465Z] > git symbolic-ref --short HEAD [2ms]
[2022-03-12T02:26:13.473Z] > git for-each-ref --format=%(refname)%00%(upstream:short)%00%(objectname)%00%(upstream:track) refs/heads/Server refs/remotes/Server [2ms]
[2022-03-12T02:26:13.487Z] > git for-each-ref --sort -committerdate --format %(refname) %(objectname) %(*objectname) [7ms]
[2022-03-12T02:26:13.488Z] > git remote --verbose [2ms]
[2022-03-12T02:26:13.515Z] > git config --get commit.template [1ms]
[2022-03-12T02:26:18.568Z] > git symbolic-ref --short HEAD [1ms]
[2022-03-12T02:26:18.575Z] > git for-each-ref --format=%(refname)%00%(upstream:short)%00%(objectname)%00%(upstream:track) refs/heads/Server refs/remotes/Server [1ms]
[2022-03-12T02:26:18.586Z] > git for-each-ref --sort -committerdate --format %(refname) %(objectname) %(*objectname) [6ms]
[2022-03-12T02:26:18.587Z] > git remote --verbose [2ms]
[2022-03-12T02:26:18.611Z] > git config --get commit.template [1ms]
[2022-03-12T02:26:23.633Z] > git symbolic-ref --short HEAD [1ms]
[2022-03-12T02:26:23.638Z] > git for-each-ref --format=%(refname)%00%(upstream:short)%00%(objectname)%00%(upstream:track) refs/heads/Server refs/remotes/Server [1ms]
[2022-03-12T02:26:23.647Z] > git for-each-ref --sort -committerdate --format %(refname) %(objectname) %(*objectname) [5ms]
[2022-03-12T02:26:23.647Z] > git remote --verbose [1ms]
[2022-03-12T02:26:23.665Z] > git config --get commit.template [1ms]
[2022-03-12T02:26:28.683Z] > git symbolic-ref --short HEAD [1ms]
[2022-03-12T02:26:28.688Z] > git for-each-ref --format=%(refname)%00%(upstream:short)%00%(objectname)%00%(upstream:track) refs/heads/Server refs/remotes/Server [1ms]
[2022-03-12T02:26:28.696Z] > git for-each-ref --sort -committerdate --format %(refname) %(objectname) %(*objectname) [4ms]
[2022-03-12T02:26:28.696Z] > git remote --verbose [1ms]
[2022-03-12T02:26:28.713Z] > git config --get commit.template [1ms]
[2022-03-12T02:26:33.742Z] > git symbolic-ref --short HEAD [0ms]
[2022-03-12T02:26:33.748Z] > git for-each-ref --format=%(refname)%00%(upstream:short)%00%(objectname)%00%(upstream:track) refs/heads/Server refs/remotes/Server [1ms]
[2022-03-12T02:26:33.758Z] > git for-each-ref --sort -committerdate --format %(refname) %(objectname) %(*objectname) [5ms]
[2022-03-12T02:26:33.758Z] > git remote --verbose [1ms]
[2022-03-12T02:26:33.776Z] > git config --get commit.template [1ms]
[2022-03-12T02:26:38.033Z] > git ls-files --stage -- /opt/projectcode/MightyWarriors/source.cpp [3ms]
[2022-03-12T02:26:38.800Z] > git symbolic-ref --short HEAD [1ms]
[2022-03-12T02:26:38.806Z] > git for-each-ref --format=%(refname)%00%(upstream:short)%00%(objectname)%00%(upstream:track) refs/heads/Server refs/remotes/Server [1ms]
[2022-03-12T02:26:38.817Z] > git for-each-ref --sort -committerdate --format %(refname) %(objectname) %(*objectname) [6ms]
[2022-03-12T02:26:38.817Z] > git remote --verbose [1ms]
[2022-03-12T02:26:38.836Z] > git config --get commit.template [1ms]
[2022-03-12T02:26:44.462Z] > git symbolic-ref --short HEAD [2ms]
[2022-03-12T02:26:44.470Z] > git for-each-ref --format=%(refname)%00%(upstream:short)%00%(objectname)%00%(upstream:track) refs/heads/Server refs/remotes/Server [1ms]
[2022-03-12T02:26:44.484Z] > git for-each-ref --sort -committerdate --format %(refname) %(objectname) %(*objectname) [7ms]
[2022-03-12T02:26:44.484Z] > git remote --verbose [1ms]
[2022-03-12T02:26:44.510Z] > git config --get commit.template [2ms]
[2022-03-12T02:26:49.539Z] > git symbolic-ref --short HEAD [1ms]
[2022-03-12T02:26:49.544Z] > git for-each-ref --format=%(refname)%00%(upstream:short)%00%(objectname)%00%(upstream:track) refs/heads/Server refs/remotes/Server [1ms]
[2022-03-12T02:26:49.553Z] > git for-each-ref --sort -committerdate --format %(refname) %(objectname) %(*objectname) [5ms]
[2022-03-12T02:26:49.553Z] > git remote --verbose [1ms]
[2022-03-12T02:26:49.575Z] > git config --get commit.template [3ms]
[2022-03-12T02:26:54.625Z] > git symbolic-ref --short HEAD [1ms]
[2022-03-12T02:26:54.632Z] > git for-each-ref --format=%(refname)%00%(upstream:short)%00%(objectname)%00%(upstream:track) refs/heads/Server refs/remotes/Server [1ms]
[2022-03-12T02:26:54.640Z] > git for-each-ref --sort -committerdate --format %(refname) %(objectname) %(*objectname) [4ms]
[2022-03-12T02:26:54.641Z] > git remote --verbose [1ms]
[2022-03-12T02:26:54.663Z] > git config --get commit.template [4ms]
[2022-03-12T02:26:59.686Z] > git symbolic-ref --short HEAD [0ms]
[2022-03-12T02:26:59.692Z] > git for-each-ref --format=%(refname)%00%(upstream:short)%00%(objectname)%00%(upstream:track) refs/heads/Server refs/remotes/Server [2ms]
[2022-03-12T02:26:59.700Z] > git for-each-ref --sort -committerdate --format %(refname) %(objectname) %(*objectname) [4ms]
[2022-03-12T02:26:59.701Z] > git remote --verbose [1ms]
[2022-03-12T02:26:59.724Z] > git config --get commit.template [3ms]
[2022-03-12T02:27:12.255Z] > git symbolic-ref --short HEAD [1ms]
[2022-03-12T02:27:12.259Z] > git for-each-ref --format=%(refname)%00%(upstream:short)%00%(objectname)%00%(upstream:track) refs/heads/Server refs/remotes/Server [1ms]
[2022-03-12T02:27:12.268Z] > git for-each-ref --sort -committerdate --format %(refname) %(objectname) %(*objectname) [5ms]
[2022-03-12T02:27:12.268Z] > git remote --verbose [1ms]
[2022-03-12T02:27:12.288Z] > git config --get commit.template [3ms]
[2022-03-12T02:27:17.309Z] > git symbolic-ref --short HEAD [0ms]
[2022-03-12T02:27:17.315Z] > git for-each-ref --format=%(refname)%00%(upstream:short)%00%(objectname)%00%(upstream:track) refs/heads/Server refs/remotes/Server [1ms]
[2022-03-12T02:27:17.323Z] > git for-each-ref --sort -committerdate --format %(refname) %(objectname) %(*objectname) [4ms]
[2022-03-12T02:27:17.323Z] > git remote --verbose [1ms]
[2022-03-12T02:27:17.346Z] > git config --get commit.template [3ms]
[2022-03-12T02:27:22.396Z] > git symbolic-ref --short HEAD [2ms]
[2022-03-12T02:27:22.403Z] > git for-each-ref --format=%(refname)%00%(upstream:short)%00%(objectname)%00%(upstream:track) refs/heads/Server refs/remotes/Server [1ms]
[2022-03-12T02:27:22.413Z] > git for-each-ref --sort -committerdate --format %(refname) %(objectname) %(*objectname) [6ms]
[2022-03-12T02:27:22.413Z] > git remote --verbose [1ms]
[2022-03-12T02:27:22.436Z] > git config --get commit.template [1ms]
[2022-03-12T02:27:27.458Z] > git symbolic-ref --short HEAD [0ms]
[2022-03-12T02:27:27.465Z] > git for-each-ref --format=%(refname)%00%(upstream:short)%00%(objectname)%00%(upstream:track) refs/heads/Server refs/remotes/Server [1ms]
[2022-03-12T02:27:27.472Z] > git for-each-ref --sort -committerdate --format %(refname) %(objectname) %(*objectname) [4ms]
[2022-03-12T02:27:27.473Z] > git remote --verbose [1ms]
[2022-03-12T02:27:27.490Z] > git config --get commit.template [1ms]
[2022-03-12T02:27:32.519Z] > git symbolic-ref --short HEAD [1ms]
[2022-03-12T02:27:32.524Z] > git for-each-ref --format=%(refname)%00%(upstream:short)%00%(objectname)%00%(upstream:track) refs/heads/Server refs/remotes/Server [1ms]
[2022-03-12T02:27:32.532Z] > git for-each-ref --sort -committerdate --format %(refname) %(objectname) %(*objectname) [4ms]
[2022-03-12T02:27:32.532Z] > git remote --verbose [1ms]
[2022-03-12T02:27:32.551Z] > git config --get commit.template [1ms]
[2022-03-12T02:27:37.601Z] > git symbolic-ref --short HEAD [1ms]
[2022-03-12T02:27:37.608Z] > git for-each-ref --format=%(refname)%00%(upstream:short)%00%(objectname)%00%(upstream:track) refs/heads/Server refs/remotes/Server [1ms]
[2022-03-12T02:27:37.620Z] > git for-each-ref --sort -committerdate --format %(refname) %(objectname) %(*objectname) [6ms]
[2022-03-12T02:27:37.620Z] > git remote --verbose [1ms]
[2022-03-12T02:27:37.644Z] > git config --get commit.template [0ms]
[2022-03-12T02:27:42.697Z] > git symbolic-ref --short HEAD [4ms]
[2022-03-12T02:27:42.704Z] > git for-each-ref --format=%(refname)%00%(upstream:short)%00%(objectname)%00%(upstream:track) refs/heads/Server refs/remotes/Server [2ms]
[2022-03-12T02:27:42.717Z] > git for-each-ref --sort -committerdate --format %(refname) %(objectname) %(*objectname) [7ms]
[2022-03-12T02:27:42.717Z] > git remote --verbose [2ms]
[2022-03-12T02:27:42.740Z] > git config --get commit.template [1ms]
[2022-03-12T02:27:47.766Z] > git symbolic-ref --short HEAD [1ms]
[2022-03-12T02:27:47.770Z] > git for-each-ref --format=%(refname)%00%(upstream:short)%00%(objectname)%00%(upstream:track) refs/heads/Server refs/remotes/Server [1ms]
[2022-03-12T02:27:47.778Z] > git for-each-ref --sort -committerdate --format %(refname) %(objectname) %(*objectname) [4ms]
[2022-03-12T02:27:47.779Z] > git remote --verbose [1ms]
[2022-03-12T02:27:47.797Z] > git config --get commit.template [0ms]
[2022-03-12T02:27:52.825Z] > git symbolic-ref --short HEAD [0ms]
[2022-03-12T02:27:52.831Z] > git for-each-ref --format=%(refname)%00%(upstream:short)%00%(objectname)%00%(upstream:track) refs/heads/Server refs/remotes/Server [1ms]
[2022-03-12T02:27:52.839Z] > git for-each-ref --sort -committerdate --format %(refname) %(objectname) %(*objectname) [4ms]
[2022-03-12T02:27:52.839Z] > git remote --verbose [0ms]
[2022-03-12T02:27:52.860Z] > git config --get commit.template [1ms]
[2022-03-12T02:27:57.886Z] > git symbolic-ref --short HEAD [1ms]
[2022-03-12T02:27:57.891Z] > git for-each-ref --format=%(refname)%00%(upstream:short)%00%(objectname)%00%(upstream:track) refs/heads/Server refs/remotes/Server [1ms]
[2022-03-12T02:27:57.900Z] > git for-each-ref --sort -committerdate --format %(refname) %(objectname) %(*objectname) [5ms]
[2022-03-12T02:27:57.901Z] > git remote --verbose [1ms]
[2022-03-12T02:27:57.918Z] > git config --get commit.template [0ms]
[2022-03-12T02:28:02.946Z] > git symbolic-ref --short HEAD [1ms]
[2022-03-12T02:28:02.954Z] > git for-each-ref --format=%(refname)%00%(upstream:short)%00%(objectname)%00%(upstream:track) refs/heads/Server refs/remotes/Server [2ms]
[2022-03-12T02:28:02.968Z] > git for-each-ref --sort -committerdate --format %(refname) %(objectname) %(*objectname) [8ms]
[2022-03-12T02:28:02.968Z] > git remote --verbose [2ms]
[2022-03-12T02:28:02.992Z] > git config --get commit.template [1ms]
[2022-03-12T02:28:08.046Z] > git symbolic-ref --short HEAD [2ms]
[2022-03-12T02:28:08.055Z] > git for-each-ref --format=%(refname)%00%(upstream:short)%00%(objectname)%00%(upstream:track) refs/heads/Server refs/remotes/Server [2ms]
[2022-03-12T02:28:08.071Z] > git for-each-ref --sort -committerdate --format %(refname) %(objectname) %(*objectname) [8ms]
[2022-03-12T02:28:08.071Z] > git remote --verbose [2ms]
[2022-03-12T02:28:08.097Z] > git config --get commit.template [1ms]
[2022-03-12T02:28:10.459Z] > git ls-files --stage -- /opt/projectcode/MightyWarriors/source.cpp [3ms]
[2022-03-12T02:28:16.931Z] > git symbolic-ref --short HEAD [1ms]
[2022-03-12T02:28:16.936Z] > git for-each-ref --format=%(refname)%00%(upstream:short)%00%(objectname)%00%(upstream:track) refs/heads/Server refs/remotes/Server [1ms]
[2022-03-12T02:28:16.945Z] > git for-each-ref --sort -committerdate --format %(refname) %(objectname) %(*objectname) [4ms]
[2022-03-12T02:28:16.946Z] > git remote --verbose [1ms]
[2022-03-12T02:28:16.964Z] > git config --get commit.template [1ms]
[2022-03-12T02:28:17.473Z] > git ls-files --stage -- /opt/projectcode/MightyWarriors/source.cpp [1ms]
[2022-03-12T02:28:21.989Z] > git symbolic-ref --short HEAD [1ms]
[2022-03-12T02:28:21.994Z] > git for-each-ref --format=%(refname)%00%(upstream:short)%00%(objectname)%00%(upstream:track) refs/heads/Server refs/remotes/Server [1ms]
[2022-03-12T02:28:22.004Z] > git for-each-ref --sort -committerdate --format %(refname) %(objectname) %(*objectname) [5ms]
[2022-03-12T02:28:22.005Z] > git remote --verbose [1ms]
[2022-03-12T02:28:22.024Z] > git config --get commit.template [1ms]
[2022-03-12T02:28:27.078Z] > git symbolic-ref --short HEAD [2ms]
[2022-03-12T02:28:27.086Z] > git for-each-ref --format=%(refname)%00%(upstream:short)%00%(objectname)%00%(upstream:track) refs/heads/Server refs/remotes/Server [2ms]
[2022-03-12T02:28:27.100Z] > git for-each-ref --sort -committerdate --format %(refname) %(objectname) %(*objectname) [7ms]
[2022-03-12T02:28:27.100Z] > git remote --verbose [2ms]
[2022-03-12T02:28:27.126Z] > git config --get commit.template [1ms]
[2022-03-12T02:28:32.149Z] > git symbolic-ref --short HEAD [0ms]
[2022-03-12T02:28:32.156Z] > git for-each-ref --format=%(refname)%00%(upstream:short)%00%(objectname)%00%(upstream:track) refs/heads/Server refs/remotes/Server [1ms]
[2022-03-12T02:28:32.168Z] > git for-each-ref --sort -committerdate --format %(refname) %(objectname) %(*objectname) [6ms]
[2022-03-12T02:28:32.169Z] > git remote --verbose [2ms]
[2022-03-12T02:28:32.190Z] > git config --get commit.template [0ms]
[2022-03-12T02:28:37.246Z] > git symbolic-ref --short HEAD [2ms]
[2022-03-12T02:28:37.256Z] > git for-each-ref --format=%(refname)%00%(upstream:short)%00%(objectname)%00%(upstream:track) refs/heads/Server refs/remotes/Server [4ms]
[2022-03-12T02:28:37.268Z] > git for-each-ref --sort -committerdate --format %(refname) %(objectname) %(*objectname) [6ms]
[2022-03-12T02:28:37.268Z] > git remote --verbose [1ms]
[2022-03-12T02:28:37.286Z] > git config --get commit.template [1ms]
[2022-03-12T02:28:42.334Z] > git symbolic-ref --short HEAD [1ms]
[2022-03-12T02:28:42.341Z] > git for-each-ref --format=%(refname)%00%(upstream:short)%00%(objectname)%00%(upstream:track) refs/heads/Server refs/remotes/Server [2ms]
[2022-03-12T02:28:42.352Z] > git for-each-ref --sort -committerdate --format %(refname) %(objectname) %(*objectname) [6ms]
[2022-03-12T02:28:42.353Z] > git remote --verbose [2ms]
[2022-03-12T02:28:42.378Z] > git config --get commit.template [0ms]
[2022-03-12T02:28:46.292Z] > git ls-files --stage -- /opt/projectcode/MightyWarriors/source.cpp [3ms]
[2022-03-12T02:28:49.034Z] > git symbolic-ref --short HEAD [1ms]
[2022-03-12T02:28:49.041Z] > git for-each-ref --format=%(refname)%00%(upstream:short)%00%(objectname)%00%(upstream:track) refs/heads/Server refs/remotes/Server [2ms]
[2022-03-12T02:28:49.053Z] > git for-each-ref --sort -committerdate --format %(refname) %(objectname) %(*objectname) [7ms]
[2022-03-12T02:28:49.053Z] > git remote --verbose [1ms]
[2022-03-12T02:28:49.078Z] > git config --get commit.template [1ms]
[2022-03-12T02:28:54.101Z] > git symbolic-ref --short HEAD [1ms]
[2022-03-12T02:28:54.106Z] > git for-each-ref --format=%(refname)%00%(upstream:short)%00%(objectname)%00%(upstream:track) refs/heads/Server refs/remotes/Server [1ms]
[2022-03-12T02:28:54.115Z] > git for-each-ref --sort -committerdate --format %(refname) %(objectname) %(*objectname) [5ms]
[2022-03-12T02:28:54.115Z] > git remote --verbose [1ms]
[2022-03-12T02:28:54.134Z] > git config --get commit.template [1ms]
[2022-03-12T02:28:59.184Z] > git symbolic-ref --short HEAD [1ms]
[2022-03-12T02:28:59.191Z] > git for-each-ref --format=%(refname)%00%(upstream:short)%00%(objectname)%00%(upstream:track) refs/heads/Server refs/remotes/Server [1ms]
[2022-03-12T02:28:59.203Z] > git for-each-ref --sort -committerdate --format %(refname) %(objectname) %(*objectname) [6ms]
[2022-03-12T02:28:59.203Z] > git remote --verbose [1ms]
[2022-03-12T02:28:59.227Z] > git config --get commit.template [1ms]
[2022-03-12T02:29:04.279Z] > git symbolic-ref --short HEAD [1ms]
[2022-03-12T02:29:04.286Z] > git for-each-ref --format=%(refname)%00%(upstream:short)%00%(objectname)%00%(upstream:track) refs/heads/Server refs/remotes/Server [1ms]
[2022-03-12T02:29:04.298Z] > git for-each-ref --sort -committerdate --format %(refname) %(objectname) %(*objectname) [6ms]
[2022-03-12T02:29:04.299Z] > git remote --verbose [1ms]
[2022-03-12T02:29:04.323Z] > git config --get commit.template [1ms]
[2022-03-12T02:29:09.345Z] > git symbolic-ref --short HEAD [1ms]
[2022-03-12T02:29:09.351Z] > git for-each-ref --format=%(refname)%00%(upstream:short)%00%(objectname)%00%(upstream:track) refs/heads/Server refs/remotes/Server [1ms]
[2022-03-12T02:29:09.360Z] > git for-each-ref --sort -committerdate --format %(refname) %(objectname) %(*objectname) [5ms]
[2022-03-12T02:29:09.361Z] > git remote --verbose [1ms]
[2022-03-12T02:29:09.380Z] > git config --get commit.template [1ms]
[2022-03-12T02:29:09.854Z] > git ls-files --stage -- /opt/projectcode/MightyWarriors/source.cpp [1ms]
[2022-03-12T02:29:14.402Z] > git symbolic-ref --short HEAD [1ms]
[2022-03-12T02:29:14.407Z] > git for-each-ref --format=%(refname)%00%(upstream:short)%00%(objectname)%00%(upstream:track) refs/heads/Server refs/remotes/Server [1ms]
[2022-03-12T02:29:14.417Z] > git for-each-ref --sort -committerdate --format %(refname) %(objectname) %(*objectname) [5ms]
[2022-03-12T02:29:14.417Z] > git remote --verbose [1ms]
[2022-03-12T02:29:14.436Z] > git config --get commit.template [1ms]
[2022-03-12T02:29:19.460Z] > git symbolic-ref --short HEAD [1ms]
[2022-03-12T02:29:19.466Z] > git for-each-ref --format=%(refname)%00%(upstream:short)%00%(objectname)%00%(upstream:track) refs/heads/Server refs/remotes/Server [1ms]
[2022-03-12T02:29:19.477Z] > git for-each-ref --sort -committerdate --format %(refname) %(objectname) %(*objectname) [6ms]
[2022-03-12T02:29:19.477Z] > git remote --verbose [1ms]
[2022-03-12T02:29:19.498Z] > git config --get commit.template [1ms]
[2022-03-12T02:29:24.524Z] > git symbolic-ref --short HEAD [1ms]
[2022-03-12T02:29:24.530Z] > git for-each-ref --format=%(refname)%00%(upstream:short)%00%(objectname)%00%(upstream:track) refs/heads/Server refs/remotes/Server [1ms]
[2022-03-12T02:29:24.540Z] > git for-each-ref --sort -committerdate --format %(refname) %(objectname) %(*objectname) [5ms]
[2022-03-12T02:29:24.540Z] > git remote --verbose [1ms]
[2022-03-12T02:29:24.560Z] > git config --get commit.template [2ms]
[2022-03-12T02:29:29.583Z] > git symbolic-ref --short HEAD [0ms]
[2022-03-12T02:29:29.591Z] > git for-each-ref --format=%(refname)%00%(upstream:short)%00%(objectname)%00%(upstream:track) refs/heads/Server refs/remotes/Server [1ms]
[2022-03-12T02:29:29.605Z] > git for-each-ref --sort -committerdate --format %(refname) %(objectname) %(*objectname) [8ms]
[2022-03-12T02:29:29.605Z] > git remote --verbose [2ms]
[2022-03-12T02:29:29.632Z] > git config --get commit.template [1ms]
[2022-03-12T02:29:30.463Z] > git ls-files --stage -- /opt/projectcode/MightyWarriors/source.cpp [3ms]
[2022-03-12T02:29:34.664Z] > git symbolic-ref --short HEAD [1ms]
[2022-03-12T02:29:34.670Z] > git for-each-ref --format=%(refname)%00%(upstream:short)%00%(objectname)%00%(upstream:track) refs/heads/Server refs/remotes/Server [1ms]
[2022-03-12T02:29:34.682Z] > git for-each-ref --sort -committerdate --format %(refname) %(objectname) %(*objectname) [7ms]
[2022-03-12T02:29:34.682Z] > git remote --verbose [1ms]
[2022-03-12T02:29:34.701Z] > git config --get commit.template [1ms]
[2022-03-12T02:29:39.734Z] > git symbolic-ref --short HEAD [1ms]
[2022-03-12T02:29:39.740Z] > git for-each-ref --format=%(refname)%00%(upstream:short)%00%(objectname)%00%(upstream:track) refs/heads/Server refs/remotes/Server [1ms]
[2022-03-12T02:29:39.753Z] > git for-each-ref --sort -committerdate --format %(refname) %(objectname) %(*objectname) [6ms]
[2022-03-12T02:29:39.754Z] > git remote --verbose [2ms]
[2022-03-12T02:29:39.774Z] > git config --get commit.template [1ms]
[2022-03-12T02:29:44.802Z] > git symbolic-ref --short HEAD [1ms]
[2022-03-12T02:29:44.808Z] > git for-each-ref --format=%(refname)%00%(upstream:short)%00%(objectname)%00%(upstream:track) refs/heads/Server refs/remotes/Server [1ms]
[2022-03-12T02:29:44.818Z] > git for-each-ref --sort -committerdate --format %(refname) %(objectname) %(*objectname) [5ms]
[2022-03-12T02:29:44.818Z] > git remote --verbose [1ms]
[2022-03-12T02:29:44.838Z] > git config --get commit.template [1ms]
[2022-03-12T02:30:00.858Z] > git symbolic-ref --short HEAD [1ms]
[2022-03-12T02:30:00.864Z] > git for-each-ref --format=%(refname)%00%(upstream:short)%00%(objectname)%00%(upstream:track) refs/heads/Server refs/remotes/Server [1ms]
[2022-03-12T02:30:00.873Z] > git for-each-ref --sort -committerdate --format %(refname) %(objectname) %(*objectname) [5ms]
[2022-03-12T02:30:00.874Z] > git remote --verbose [1ms]
[2022-03-12T02:30:00.892Z] > git config --get commit.template [1ms]
[2022-03-12T02:30:07.408Z] > git symbolic-ref --short HEAD [1ms]
[2022-03-12T02:30:07.418Z] > git for-each-ref --format=%(refname)%00%(upstream:short)%00%(objectname)%00%(upstream:track) refs/heads/Server refs/remotes/Server [4ms]
[2022-03-12T02:30:07.427Z] > git for-each-ref --sort -committerdate --format %(refname) %(objectname) %(*objectname) [4ms]
[2022-03-12T02:30:07.428Z] > git remote --verbose [0ms]
[2022-03-12T02:30:07.446Z] > git config --get commit.template [0ms]
[2022-03-12T02:30:12.495Z] > git symbolic-ref --short HEAD [2ms]
[2022-03-12T02:30:12.504Z] > git for-each-ref --format=%(refname)%00%(upstream:short)%00%(objectname)%00%(upstream:track) refs/heads/Server refs/remotes/Server [2ms]
[2022-03-12T02:30:12.516Z] > git for-each-ref --sort -committerdate --format %(refname) %(objectname) %(*objectname) [6ms]
[2022-03-12T02:30:12.517Z] > git remote --verbose [2ms]
[2022-03-12T02:30:12.543Z] > git config --get commit.template [3ms]
[2022-03-12T02:30:17.758Z] > git symbolic-ref --short HEAD [1ms]
[2022-03-12T02:30:17.765Z] > git for-each-ref --format=%(refname)%00%(upstream:short)%00%(objectname)%00%(upstream:track) refs/heads/Server refs/remotes/Server [2ms]
[2022-03-12T02:30:17.775Z] > git for-each-ref --sort -committerdate --format %(refname) %(objectname) %(*objectname) [5ms]
[2022-03-12T02:30:17.775Z] > git remote --verbose [1ms]
[2022-03-12T02:30:17.799Z] > git config --get commit.template [1ms]
[2022-03-12T02:30:22.847Z] > git symbolic-ref --short HEAD [1ms]
[2022-03-12T02:30:22.854Z] > git for-each-ref --format=%(refname)%00%(upstream:short)%00%(objectname)%00%(upstream:track) refs/heads/Server refs/remotes/Server [2ms]
[2022-03-12T02:30:22.864Z] > git for-each-ref --sort -committerdate --format %(refname) %(objectname) %(*objectname) [6ms]
[2022-03-12T02:30:22.864Z] > git remote --verbose [1ms]
[2022-03-12T02:30:22.885Z] > git config --get commit.template [1ms]
[2022-03-12T02:30:27.937Z] > git symbolic-ref --short HEAD [2ms]
[2022-03-12T02:30:27.945Z] > git for-each-ref --format=%(refname)%00%(upstream:short)%00%(objectname)%00%(upstream:track) refs/heads/Server refs/remotes/Server [2ms]
[2022-03-12T02:30:27.957Z] > git for-each-ref --sort -committerdate --format %(refname) %(objectname) %(*objectname) [6ms]
[2022-03-12T02:30:27.957Z] > git remote --verbose [1ms]
[2022-03-12T02:30:27.981Z] > git config --get commit.template [1ms]
[2022-03-12T02:30:31.209Z] > git ls-files --stage -- /opt/projectcode/MightyWarriors/source.cpp [3ms]
[2022-03-12T02:30:33.566Z] > git symbolic-ref --short HEAD [1ms]
[2022-03-12T02:30:33.571Z] > git for-each-ref --format=%(refname)%00%(upstream:short)%00%(objectname)%00%(upstream:track) refs/heads/Server refs/remotes/Server [1ms]
[2022-03-12T02:30:33.580Z] > git for-each-ref --sort -committerdate --format %(refname) %(objectname) %(*objectname) [5ms]
[2022-03-12T02:30:33.580Z] > git remote --verbose [1ms]
[2022-03-12T02:30:33.599Z] > git config --get commit.template [1ms]
[2022-03-12T02:30:38.625Z] > git symbolic-ref --short HEAD [1ms]
[2022-03-12T02:30:38.631Z] > git for-each-ref --format=%(refname)%00%(upstream:short)%00%(objectname)%00%(upstream:track) refs/heads/Server refs/remotes/Server [2ms]
[2022-03-12T02:30:38.640Z] > git for-each-ref --sort -committerdate --format %(refname) %(objectname) %(*objectname) [5ms]
[2022-03-12T02:30:38.641Z] > git remote --verbose [1ms]
[2022-03-12T02:30:38.662Z] > git config --get commit.template [1ms]
[2022-03-12T02:30:43.715Z] > git symbolic-ref --short HEAD [2ms]
[2022-03-12T02:30:43.724Z] > git for-each-ref --format=%(refname)%00%(upstream:short)%00%(objectname)%00%(upstream:track) refs/heads/Server refs/remotes/Server [2ms]
[2022-03-12T02:30:43.740Z] > git for-each-ref --sort -committerdate --format %(refname) %(objectname) %(*objectname) [8ms]
[2022-03-12T02:30:43.741Z] > git remote --verbose [2ms]
[2022-03-12T02:30:43.767Z] > git config --get commit.template [1ms]
[2022-03-12T02:30:47.551Z] > git ls-files --stage -- /opt/projectcode/MightyWarriors/source.cpp [1ms]
[2022-03-12T02:30:48.791Z] > git symbolic-ref --short HEAD [1ms]
[2022-03-12T02:30:48.797Z] > git for-each-ref --format=%(refname)%00%(upstream:short)%00%(objectname)%00%(upstream:track) refs/heads/Server refs/remotes/Server [1ms]
[2022-03-12T02:30:48.807Z] > git for-each-ref --sort -committerdate --format %(refname) %(objectname) %(*objectname) [5ms]
[2022-03-12T02:30:48.807Z] > git remote --verbose [1ms]
[2022-03-12T02:30:48.827Z] > git config --get commit.template [1ms]
[2022-03-12T02:31:00.487Z] > git symbolic-ref --short HEAD [1ms]
[2022-03-12T02:31:00.493Z] > git for-each-ref --format=%(refname)%00%(upstream:short)%00%(objectname)%00%(upstream:track) refs/heads/Server refs/remotes/Server [1ms]
[2022-03-12T02:31:00.504Z] > git for-each-ref --sort -committerdate --format %(refname) %(objectname) %(*objectname) [5ms]
[2022-03-12T02:31:00.504Z] > git remote --verbose [0ms]
[2022-03-12T02:31:00.523Z] > git config --get commit.template [1ms]
[2022-03-12T02:31:05.560Z] > git symbolic-ref --short HEAD [1ms]
[2022-03-12T02:31:05.569Z] > git for-each-ref --format=%(refname)%00%(upstream:short)%00%(objectname)%00%(upstream:track) refs/heads/Server refs/remotes/Server [1ms]
[2022-03-12T02:31:05.584Z] > git for-each-ref --sort -committerdate --format %(refname) %(objectname) %(*objectname) [8ms]
[2022-03-12T02:31:05.584Z] > git remote --verbose [1ms]
[2022-03-12T02:31:05.608Z] > git config --get commit.template [1ms]
[2022-03-12T02:31:10.632Z] > git symbolic-ref --short HEAD [1ms]
[2022-03-12T02:31:10.637Z] > git for-each-ref --format=%(refname)%00%(upstream:short)%00%(objectname)%00%(upstream:track) refs/heads/Server refs/remotes/Server [1ms]
[2022-03-12T02:31:10.647Z] > git for-each-ref --sort -committerdate --format %(refname) %(objectname) %(*objectname) [5ms]
[2022-03-12T02:31:10.647Z] > git remote --verbose [1ms]
[2022-03-12T02:31:10.670Z] > git config --get commit.template [4ms]
[2022-03-12T02:31:15.692Z] > git symbolic-ref --short HEAD [1ms]
[2022-03-12T02:31:15.697Z] > git for-each-ref --format=%(refname)%00%(upstream:short)%00%(objectname)%00%(upstream:track) refs/heads/Server refs/remotes/Server [1ms]
[2022-03-12T02:31:15.706Z] > git for-each-ref --sort -committerdate --format %(refname) %(objectname) %(*objectname) [4ms]
[2022-03-12T02:31:15.706Z] > git remote --verbose [1ms]
[2022-03-12T02:31:15.729Z] > git config --get commit.template [2ms]
[2022-03-12T02:31:20.778Z] > git symbolic-ref --short HEAD [2ms]
[2022-03-12T02:31:20.783Z] > git for-each-ref --format=%(refname)%00%(upstream:short)%00%(objectname)%00%(upstream:track) refs/heads/Server refs/remotes/Server [1ms]
[2022-03-12T02:31:20.793Z] > git for-each-ref --sort -committerdate --format %(refname) %(objectname) %(*objectname) [5ms]
[2022-03-12T02:31:20.793Z] > git remote --verbose [1ms]
[2022-03-12T02:31:20.819Z] > git config --get commit.template [1ms]
[2022-03-12T02:31:24.886Z] > git ls-files --stage -- /opt/projectcode/MightyWarriors/source.cpp [1ms]
[2022-03-12T02:31:25.873Z] > git symbolic-ref --short HEAD [2ms]
[2022-03-12T02:31:25.884Z] > git for-each-ref --format=%(refname)%00%(upstream:short)%00%(objectname)%00%(upstream:track) refs/heads/Server refs/remotes/Server [2ms]
[2022-03-12T02:31:25.897Z] > git for-each-ref --sort -committerdate --format %(refname) %(objectname) %(*objectname) [7ms]
[2022-03-12T02:31:25.898Z] > git remote --verbose [2ms]
[2022-03-12T02:31:25.923Z] > git config --get commit.template [1ms]
