[2022-03-11 20:44:32.068] [exthost] [info] Extension host with pid 241353 started
[2022-03-11 20:44:32.082] [exthost] [info] Lock '/opt/projectcode/MightyWarriors/.vscode-server/data/User/workspaceStorage/34374b986d6c75f0046fb3f4b330f69e/vscode.lock': Lock acquired.
[2022-03-11 20:44:33.326] [exthost] [info] ExtensionService#_doActivateExtension vscode.debug-auto-launch, startup: true, activationEvent: '*'
[2022-03-11 20:44:33.331] [exthost] [info] ExtensionService#_doActivateExtension vscode.git-base, startup: true, activationEvent: '*', root cause: vscode.github
[2022-03-11 20:44:33.335] [exthost] [info] ExtensionService#_doActivateExtension vscode.ipynb, startup: true, activationEvent: '*'
[2022-03-11 20:44:36.333] [exthost] [info] ExtensionService#_doActivateExtension vscode.git, startup: true, activationEvent: '*'
[2022-03-11 20:44:36.406] [exthost] [info] ExtensionService#_doActivateExtension vscode.github, startup: true, activationEvent: '*'
[2022-03-11 20:44:36.929] [exthost] [info] ExtensionService#_doActivateExtension vscode.emmet, startup: false, activationEvent: 'onStartupFinished'
[2022-03-11 20:44:36.942] [exthost] [info] ExtensionService#_doActivateExtension vscode.merge-conflict, startup: false, activationEvent: 'onStartupFinished'
[2022-03-11 20:44:36.945] [exthost] [info] Eager extensions activated
[2022-03-11 20:44:37.025] [exthost] [warning] [Decorations] CAPPING events from decorations provider vscode.git 1225
[2022-03-11 20:44:41.559] [exthost] [warning] [Decorations] CAPPING events from decorations provider vscode.git 1226
[2022-03-11 20:44:46.658] [exthost] [warning] [Decorations] CAPPING events from decorations provider vscode.git 1227
[2022-03-11 20:44:51.780] [exthost] [warning] [Decorations] CAPPING events from decorations provider vscode.git 1227
[2022-03-11 20:44:56.844] [exthost] [warning] [Decorations] CAPPING events from decorations provider vscode.git 1227
[2022-03-11 20:45:01.937] [exthost] [warning] [Decorations] CAPPING events from decorations provider vscode.git 1227
[2022-03-11 20:45:07.001] [exthost] [warning] [Decorations] CAPPING events from decorations provider vscode.git 1227
[2022-03-11 20:45:12.089] [exthost] [warning] [Decorations] CAPPING events from decorations provider vscode.git 1226
[2022-03-11 20:45:17.155] [exthost] [warning] [Decorations] CAPPING events from decorations provider vscode.git 1226
[2022-03-11 20:45:22.264] [exthost] [warning] [Decorations] CAPPING events from decorations provider vscode.git 1226
[2022-03-11 20:45:27.364] [exthost] [warning] [Decorations] CAPPING events from decorations provider vscode.git 1226
[2022-03-11 20:45:32.471] [exthost] [warning] [Decorations] CAPPING events from decorations provider vscode.git 1226
[2022-03-11 20:45:37.541] [exthost] [warning] [Decorations] CAPPING events from decorations provider vscode.git 1226
[2022-03-11 20:45:42.631] [exthost] [warning] [Decorations] CAPPING events from decorations provider vscode.git 1226
[2022-03-11 20:45:47.698] [exthost] [warning] [Decorations] CAPPING events from decorations provider vscode.git 1226
[2022-03-11 20:45:52.761] [exthost] [warning] [Decorations] CAPPING events from decorations provider vscode.git 1226
[2022-03-11 20:45:57.822] [exthost] [warning] [Decorations] CAPPING events from decorations provider vscode.git 1226
[2022-03-11 20:46:02.919] [exthost] [warning] [Decorations] CAPPING events from decorations provider vscode.git 1226
[2022-03-11 20:46:07.977] [exthost] [warning] [Decorations] CAPPING events from decorations provider vscode.git 1226
[2022-03-11 20:46:13.082] [exthost] [warning] [Decorations] CAPPING events from decorations provider vscode.git 1226
[2022-03-11 20:46:18.207] [exthost] [warning] [Decorations] CAPPING events from decorations provider vscode.git 1226
[2022-03-11 20:46:23.269] [exthost] [warning] [Decorations] CAPPING events from decorations provider vscode.git 1226
[2022-03-11 20:46:28.334] [exthost] [warning] [Decorations] CAPPING events from decorations provider vscode.git 1226
[2022-03-11 20:46:33.394] [exthost] [warning] [Decorations] CAPPING events from decorations provider vscode.git 1226
[2022-03-11 20:46:38.488] [exthost] [warning] [Decorations] CAPPING events from decorations provider vscode.git 1226
[2022-03-11 20:46:43.553] [exthost] [warning] [Decorations] CAPPING events from decorations provider vscode.git 1226
[2022-03-11 20:46:48.622] [exthost] [warning] [Decorations] CAPPING events from decorations provider vscode.git 1227
[2022-03-11 20:46:53.718] [exthost] [warning] [Decorations] CAPPING events from decorations provider vscode.git 1227
[2022-03-11 20:46:58.788] [exthost] [warning] [Decorations] CAPPING events from decorations provider vscode.git 1227
[2022-03-11 20:47:03.861] [exthost] [warning] [Decorations] CAPPING events from decorations provider vscode.git 1227
[2022-03-11 20:47:08.963] [exthost] [warning] [Decorations] CAPPING events from decorations provider vscode.git 1227
[2022-03-11 20:47:14.025] [exthost] [warning] [Decorations] CAPPING events from decorations provider vscode.git 1227
[2022-03-11 20:47:19.085] [exthost] [warning] [Decorations] CAPPING events from decorations provider vscode.git 1227
[2022-03-11 20:47:24.147] [exthost] [warning] [Decorations] CAPPING events from decorations provider vscode.git 1227
[2022-03-11 20:47:29.209] [exthost] [warning] [Decorations] CAPPING events from decorations provider vscode.git 1227
[2022-03-11 20:47:34.299] [exthost] [warning] [Decorations] CAPPING events from decorations provider vscode.git 1227
[2022-03-11 20:47:39.361] [exthost] [warning] [Decorations] CAPPING events from decorations provider vscode.git 1227
[2022-03-11 20:47:44.427] [exthost] [warning] [Decorations] CAPPING events from decorations provider vscode.git 1227
[2022-03-11 20:47:49.488] [exthost] [warning] [Decorations] CAPPING events from decorations provider vscode.git 1227
[2022-03-11 20:47:54.549] [exthost] [warning] [Decorations] CAPPING events from decorations provider vscode.git 1227
[2022-03-11 20:47:59.656] [exthost] [warning] [Decorations] CAPPING events from decorations provider vscode.git 1227
[2022-03-11 20:48:04.750] [exthost] [warning] [Decorations] CAPPING events from decorations provider vscode.git 1227
[2022-03-11 20:48:09.817] [exthost] [warning] [Decorations] CAPPING events from decorations provider vscode.git 1227
[2022-03-11 20:48:14.916] [exthost] [warning] [Decorations] CAPPING events from decorations provider vscode.git 1227
[2022-03-11 20:48:19.976] [exthost] [warning] [Decorations] CAPPING events from decorations provider vscode.git 1227
[2022-03-11 20:48:25.042] [exthost] [warning] [Decorations] CAPPING events from decorations provider vscode.git 1227
[2022-03-11 20:48:30.134] [exthost] [warning] [Decorations] CAPPING events from decorations provider vscode.git 1227
[2022-03-11 20:48:35.194] [exthost] [warning] [Decorations] CAPPING events from decorations provider vscode.git 1227
[2022-03-11 20:48:40.250] [exthost] [warning] [Decorations] CAPPING events from decorations provider vscode.git 1227
[2022-03-11 20:48:45.335] [exthost] [warning] [Decorations] CAPPING events from decorations provider vscode.git 1227
[2022-03-11 20:48:50.423] [exthost] [warning] [Decorations] CAPPING events from decorations provider vscode.git 1227
[2022-03-11 20:48:55.483] [exthost] [warning] [Decorations] CAPPING events from decorations provider vscode.git 1227
[2022-03-11 20:49:00.597] [exthost] [warning] [Decorations] CAPPING events from decorations provider vscode.git 1227
[2022-03-11 20:49:05.683] [exthost] [warning] [Decorations] CAPPING events from decorations provider vscode.git 1227
[2022-03-11 20:49:10.778] [exthost] [warning] [Decorations] CAPPING events from decorations provider vscode.git 1227
[2022-03-11 20:49:15.846] [exthost] [warning] [Decorations] CAPPING events from decorations provider vscode.git 1227
[2022-03-11 20:49:20.950] [exthost] [warning] [Decorations] CAPPING events from decorations provider vscode.git 1227
[2022-03-11 20:49:26.017] [exthost] [warning] [Decorations] CAPPING events from decorations provider vscode.git 1227
[2022-03-11 20:49:31.122] [exthost] [warning] [Decorations] CAPPING events from decorations provider vscode.git 1227
[2022-03-11 20:49:36.228] [exthost] [warning] [Decorations] CAPPING events from decorations provider vscode.git 1227
[2022-03-11 20:49:41.292] [exthost] [warning] [Decorations] CAPPING events from decorations provider vscode.git 1227
[2022-03-11 20:49:46.351] [exthost] [warning] [Decorations] CAPPING events from decorations provider vscode.git 1227
[2022-03-11 20:49:51.435] [exthost] [warning] [Decorations] CAPPING events from decorations provider vscode.git 1227
[2022-03-11 20:49:56.540] [exthost] [warning] [Decorations] CAPPING events from decorations provider vscode.git 1227
[2022-03-11 20:50:01.606] [exthost] [warning] [Decorations] CAPPING events from decorations provider vscode.git 1227
[2022-03-11 20:50:06.672] [exthost] [warning] [Decorations] CAPPING events from decorations provider vscode.git 1227
[2022-03-11 20:50:11.735] [exthost] [warning] [Decorations] CAPPING events from decorations provider vscode.git 1227
[2022-03-11 20:50:16.833] [exthost] [warning] [Decorations] CAPPING events from decorations provider vscode.git 1226
[2022-03-11 20:50:21.945] [exthost] [warning] [Decorations] CAPPING events from decorations provider vscode.git 1226
[2022-03-11 20:50:27.039] [exthost] [warning] [Decorations] CAPPING events from decorations provider vscode.git 1226
[2022-03-11 20:50:32.145] [exthost] [warning] [Decorations] CAPPING events from decorations provider vscode.git 1226
[2022-03-11 20:50:37.220] [exthost] [warning] [Decorations] CAPPING events from decorations provider vscode.git 1226
[2022-03-11 20:50:42.318] [exthost] [warning] [Decorations] CAPPING events from decorations provider vscode.git 1226
[2022-03-11 20:50:47.379] [exthost] [warning] [Decorations] CAPPING events from decorations provider vscode.git 1226
[2022-03-11 20:50:52.441] [exthost] [warning] [Decorations] CAPPING events from decorations provider vscode.git 1226
[2022-03-11 20:50:57.535] [exthost] [warning] [Decorations] CAPPING events from decorations provider vscode.git 1226
[2022-03-11 20:51:02.587] [exthost] [warning] [Decorations] CAPPING events from decorations provider vscode.git 1226
[2022-03-11 20:51:07.654] [exthost] [warning] [Decorations] CAPPING events from decorations provider vscode.git 1226
[2022-03-11 20:51:12.723] [exthost] [warning] [Decorations] CAPPING events from decorations provider vscode.git 1226
[2022-03-11 20:51:17.801] [exthost] [warning] [Decorations] CAPPING events from decorations provider vscode.git 1226
[2022-03-11 20:51:22.872] [exthost] [warning] [Decorations] CAPPING events from decorations provider vscode.git 1226
[2022-03-11 20:51:27.951] [exthost] [warning] [Decorations] CAPPING events from decorations provider vscode.git 1226
[2022-03-11 20:51:33.055] [exthost] [warning] [Decorations] CAPPING events from decorations provider vscode.git 1226
[2022-03-11 20:51:38.131] [exthost] [warning] [Decorations] CAPPING events from decorations provider vscode.git 1226
[2022-03-11 20:51:43.240] [exthost] [warning] [Decorations] CAPPING events from decorations provider vscode.git 1226
[2022-03-11 20:51:48.329] [exthost] [warning] [Decorations] CAPPING events from decorations provider vscode.git 1226
[2022-03-11 20:51:53.438] [exthost] [warning] [Decorations] CAPPING events from decorations provider vscode.git 1226
[2022-03-11 20:51:58.498] [exthost] [warning] [Decorations] CAPPING events from decorations provider vscode.git 1226
[2022-03-11 20:52:03.555] [exthost] [warning] [Decorations] CAPPING events from decorations provider vscode.git 1226
[2022-03-11 20:52:08.620] [exthost] [warning] [Decorations] CAPPING events from decorations provider vscode.git 1226
[2022-03-11 20:52:13.711] [exthost] [warning] [Decorations] CAPPING events from decorations provider vscode.git 1226
[2022-03-11 20:52:18.773] [exthost] [warning] [Decorations] CAPPING events from decorations provider vscode.git 1226
[2022-03-11 20:52:23.841] [exthost] [warning] [Decorations] CAPPING events from decorations provider vscode.git 1226
[2022-03-11 20:52:30.523] [exthost] [warning] [Decorations] CAPPING events from decorations provider vscode.git 1226
[2022-03-11 20:52:35.627] [exthost] [warning] [Decorations] CAPPING events from decorations provider vscode.git 1226
[2022-03-11 20:52:39.635] [exthost] [info] ExtensionService#_doActivateExtension vscode.configuration-editing, startup: false, activationEvent: 'onLanguage:jsonc'
[2022-03-11 20:52:39.665] [exthost] [info] ExtensionService#_doActivateExtension vscode.json-language-features, startup: false, activationEvent: 'onLanguage:jsonc'
[2022-03-11 20:52:39.718] [exthost] [info] ExtensionService#_doActivateExtension vscode.typescript-language-features, startup: false, activationEvent: 'onLanguage:jsonc'
[2022-03-11 20:52:40.730] [exthost] [warning] [Decorations] CAPPING events from decorations provider vscode.git 1227
[2022-03-11 20:52:45.797] [exthost] [warning] [Decorations] CAPPING events from decorations provider vscode.git 1227
[2022-03-11 20:52:50.869] [exthost] [warning] [Decorations] CAPPING events from decorations provider vscode.git 1227
[2022-03-11 20:52:55.963] [exthost] [warning] [Decorations] CAPPING events from decorations provider vscode.git 1227
[2022-03-11 20:53:01.063] [exthost] [warning] [Decorations] CAPPING events from decorations provider vscode.git 1227
[2022-03-11 20:53:06.133] [exthost] [warning] [Decorations] CAPPING events from decorations provider vscode.git 1227
[2022-03-11 20:53:11.230] [exthost] [warning] [Decorations] CAPPING events from decorations provider vscode.git 1227
[2022-03-11 20:53:16.336] [exthost] [warning] [Decorations] CAPPING events from decorations provider vscode.git 1227
[2022-03-11 20:53:21.404] [exthost] [warning] [Decorations] CAPPING events from decorations provider vscode.git 1227
[2022-03-11 20:53:26.472] [exthost] [warning] [Decorations] CAPPING events from decorations provider vscode.git 1227
[2022-03-11 20:53:31.532] [exthost] [warning] [Decorations] CAPPING events from decorations provider vscode.git 1227
[2022-03-11 20:53:36.591] [exthost] [warning] [Decorations] CAPPING events from decorations provider vscode.git 1227
[2022-03-11 20:53:41.689] [exthost] [warning] [Decorations] CAPPING events from decorations provider vscode.git 1227
[2022-03-11 20:53:46.802] [exthost] [warning] [Decorations] CAPPING events from decorations provider vscode.git 1227
[2022-03-11 20:53:51.899] [exthost] [warning] [Decorations] CAPPING events from decorations provider vscode.git 1227
[2022-03-11 20:53:56.955] [exthost] [warning] [Decorations] CAPPING events from decorations provider vscode.git 1227
[2022-03-11 20:58:54.208] [exthost] [info] extension host terminating: received terminate message from renderer
[2022-03-11 20:58:54.209] [exthost] [info] Lock '/opt/projectcode/MightyWarriors/.vscode-server/data/User/workspaceStorage/34374b986d6c75f0046fb3f4b330f69e/vscode.lock': Marking the lockfile as scheduled to be released in 6000 ms.
[2022-03-11 20:58:54.243] [exthost] [info] Extension host with pid 241353 exiting with code 0
