[2022-03-12T02:44:36.889Z] Validating found git in: git
[2022-03-12T02:44:36.920Z] Using git 2.25.1 from git
[2022-03-12T02:44:36.954Z] > git rev-parse --git-dir [2ms]
[2022-03-12T02:44:36.959Z] Open repository: /opt/projectcode/MightyWarriors
[2022-03-12T02:44:36.988Z] > git symbolic-ref --short HEAD [4ms]
[2022-03-12T02:44:36.992Z] > git for-each-ref --format=%(refname)%00%(upstream:short)%00%(objectname)%00%(upstream:track) refs/heads/Server refs/remotes/Server [1ms]
[2022-03-12T02:44:36.999Z] > git remote --verbose [1ms]
[2022-03-12T02:44:37.000Z] > git for-each-ref --sort -committerdate --format %(refname) %(objectname) %(*objectname) [5ms]
[2022-03-12T02:44:37.036Z] > git config --get commit.template [1ms]
[2022-03-12T02:44:38.598Z] > git ls-files --stage -- /opt/projectcode/MightyWarriors/source.cpp [7ms]
[2022-03-12T02:44:41.513Z] > git symbolic-ref --short HEAD [2ms]
[2022-03-12T02:44:41.521Z] > git for-each-ref --format=%(refname)%00%(upstream:short)%00%(objectname)%00%(upstream:track) refs/heads/Server refs/remotes/Server [2ms]
[2022-03-12T02:44:41.534Z] > git for-each-ref --sort -committerdate --format %(refname) %(objectname) %(*objectname) [7ms]
[2022-03-12T02:44:41.535Z] > git remote --verbose [3ms]
[2022-03-12T02:44:41.567Z] > git config --get commit.template [1ms]
[2022-03-12T02:44:46.621Z] > git symbolic-ref --short HEAD [2ms]
[2022-03-12T02:44:46.628Z] > git for-each-ref --format=%(refname)%00%(upstream:short)%00%(objectname)%00%(upstream:track) refs/heads/Server refs/remotes/Server [2ms]
[2022-03-12T02:44:46.639Z] > git for-each-ref --sort -committerdate --format %(refname) %(objectname) %(*objectname) [6ms]
[2022-03-12T02:44:46.639Z] > git remote --verbose [2ms]
[2022-03-12T02:44:46.668Z] > git config --get commit.template [2ms]
[2022-03-12T02:44:51.727Z] > git symbolic-ref --short HEAD [3ms]
[2022-03-12T02:44:51.741Z] > git for-each-ref --format=%(refname)%00%(upstream:short)%00%(objectname)%00%(upstream:track) refs/heads/Server refs/remotes/Server [3ms]
[2022-03-12T02:44:51.764Z] > git for-each-ref --sort -committerdate --format %(refname) %(objectname) %(*objectname) [12ms]
[2022-03-12T02:44:51.765Z] > git remote --verbose [4ms]
[2022-03-12T02:44:51.789Z] > git config --get commit.template [1ms]
[2022-03-12T02:44:56.819Z] > git symbolic-ref --short HEAD [1ms]
[2022-03-12T02:44:56.823Z] > git for-each-ref --format=%(refname)%00%(upstream:short)%00%(objectname)%00%(upstream:track) refs/heads/Server refs/remotes/Server [1ms]
[2022-03-12T02:44:56.831Z] > git for-each-ref --sort -committerdate --format %(refname) %(objectname) %(*objectname) [4ms]
[2022-03-12T02:44:56.832Z] > git remote --verbose [1ms]
[2022-03-12T02:44:56.852Z] > git config --get commit.template [1ms]
[2022-03-12T02:45:01.902Z] > git symbolic-ref --short HEAD [1ms]
[2022-03-12T02:45:01.909Z] > git for-each-ref --format=%(refname)%00%(upstream:short)%00%(objectname)%00%(upstream:track) refs/heads/Server refs/remotes/Server [1ms]
[2022-03-12T02:45:01.920Z] > git for-each-ref --sort -committerdate --format %(refname) %(objectname) %(*objectname) [5ms]
[2022-03-12T02:45:01.921Z] > git remote --verbose [2ms]
[2022-03-12T02:45:01.947Z] > git config --get commit.template [1ms]
[2022-03-12T02:45:06.976Z] > git symbolic-ref --short HEAD [1ms]
[2022-03-12T02:45:06.981Z] > git for-each-ref --format=%(refname)%00%(upstream:short)%00%(objectname)%00%(upstream:track) refs/heads/Server refs/remotes/Server [1ms]
[2022-03-12T02:45:06.989Z] > git for-each-ref --sort -committerdate --format %(refname) %(objectname) %(*objectname) [4ms]
[2022-03-12T02:45:06.990Z] > git remote --verbose [1ms]
[2022-03-12T02:45:07.011Z] > git config --get commit.template [1ms]
[2022-03-12T02:45:12.060Z] > git symbolic-ref --short HEAD [2ms]
[2022-03-12T02:45:12.066Z] > git for-each-ref --format=%(refname)%00%(upstream:short)%00%(objectname)%00%(upstream:track) refs/heads/Server refs/remotes/Server [1ms]
[2022-03-12T02:45:12.076Z] > git for-each-ref --sort -committerdate --format %(refname) %(objectname) %(*objectname) [5ms]
[2022-03-12T02:45:12.077Z] > git remote --verbose [2ms]
[2022-03-12T02:45:12.101Z] > git config --get commit.template [3ms]
[2022-03-12T02:45:17.129Z] > git symbolic-ref --short HEAD [1ms]
[2022-03-12T02:45:17.134Z] > git for-each-ref --format=%(refname)%00%(upstream:short)%00%(objectname)%00%(upstream:track) refs/heads/Server refs/remotes/Server [1ms]
[2022-03-12T02:45:17.142Z] > git for-each-ref --sort -committerdate --format %(refname) %(objectname) %(*objectname) [4ms]
[2022-03-12T02:45:17.143Z] > git remote --verbose [1ms]
[2022-03-12T02:45:17.164Z] > git config --get commit.template [1ms]
[2022-03-12T02:45:22.220Z] > git symbolic-ref --short HEAD [2ms]
[2022-03-12T02:45:22.229Z] > git for-each-ref --format=%(refname)%00%(upstream:short)%00%(objectname)%00%(upstream:track) refs/heads/Server refs/remotes/Server [2ms]
[2022-03-12T02:45:22.245Z] > git for-each-ref --sort -committerdate --format %(refname) %(objectname) %(*objectname) [8ms]
[2022-03-12T02:45:22.246Z] > git remote --verbose [2ms]
[2022-03-12T02:45:22.272Z] > git config --get commit.template [0ms]
[2022-03-12T02:45:27.323Z] > git symbolic-ref --short HEAD [1ms]
[2022-03-12T02:45:27.332Z] > git for-each-ref --format=%(refname)%00%(upstream:short)%00%(objectname)%00%(upstream:track) refs/heads/Server refs/remotes/Server [2ms]
[2022-03-12T02:45:27.347Z] > git for-each-ref --sort -committerdate --format %(refname) %(objectname) %(*objectname) [8ms]
[2022-03-12T02:45:27.348Z] > git remote --verbose [2ms]
[2022-03-12T02:45:27.374Z] > git config --get commit.template [1ms]
[2022-03-12T02:45:32.438Z] > git symbolic-ref --short HEAD [2ms]
[2022-03-12T02:45:32.450Z] > git for-each-ref --format=%(refname)%00%(upstream:short)%00%(objectname)%00%(upstream:track) refs/heads/Server refs/remotes/Server [7ms]
[2022-03-12T02:45:32.461Z] > git for-each-ref --sort -committerdate --format %(refname) %(objectname) %(*objectname) [6ms]
[2022-03-12T02:45:32.461Z] > git remote --verbose [2ms]
[2022-03-12T02:45:32.479Z] > git config --get commit.template [1ms]
[2022-03-12T02:45:37.505Z] > git symbolic-ref --short HEAD [1ms]
[2022-03-12T02:45:37.513Z] > git for-each-ref --format=%(refname)%00%(upstream:short)%00%(objectname)%00%(upstream:track) refs/heads/Server refs/remotes/Server [2ms]
[2022-03-12T02:45:37.528Z] > git for-each-ref --sort -committerdate --format %(refname) %(objectname) %(*objectname) [10ms]
[2022-03-12T02:45:37.528Z] > git remote --verbose [6ms]
[2022-03-12T02:45:37.549Z] > git config --get commit.template [1ms]
[2022-03-12T02:45:42.602Z] > git symbolic-ref --short HEAD [4ms]
[2022-03-12T02:45:42.611Z] > git for-each-ref --format=%(refname)%00%(upstream:short)%00%(objectname)%00%(upstream:track) refs/heads/Server refs/remotes/Server [4ms]
[2022-03-12T02:45:42.620Z] > git for-each-ref --sort -committerdate --format %(refname) %(objectname) %(*objectname) [4ms]
[2022-03-12T02:45:42.620Z] > git remote --verbose [1ms]
[2022-03-12T02:45:42.640Z] > git config --get commit.template [1ms]
[2022-03-12T02:45:47.668Z] > git symbolic-ref --short HEAD [1ms]
[2022-03-12T02:45:47.677Z] > git for-each-ref --format=%(refname)%00%(upstream:short)%00%(objectname)%00%(upstream:track) refs/heads/Server refs/remotes/Server [4ms]
[2022-03-12T02:45:47.686Z] > git for-each-ref --sort -committerdate --format %(refname) %(objectname) %(*objectname) [4ms]
[2022-03-12T02:45:47.687Z] > git remote --verbose [1ms]
[2022-03-12T02:45:47.706Z] > git config --get commit.template [1ms]
[2022-03-12T02:45:52.731Z] > git symbolic-ref --short HEAD [1ms]
[2022-03-12T02:45:52.740Z] > git for-each-ref --format=%(refname)%00%(upstream:short)%00%(objectname)%00%(upstream:track) refs/heads/Server refs/remotes/Server [4ms]
[2022-03-12T02:45:52.749Z] > git for-each-ref --sort -committerdate --format %(refname) %(objectname) %(*objectname) [4ms]
[2022-03-12T02:45:52.750Z] > git remote --verbose [1ms]
[2022-03-12T02:45:52.769Z] > git config --get commit.template [1ms]
[2022-03-12T02:45:57.797Z] > git symbolic-ref --short HEAD [1ms]
[2022-03-12T02:45:57.802Z] > git for-each-ref --format=%(refname)%00%(upstream:short)%00%(objectname)%00%(upstream:track) refs/heads/Server refs/remotes/Server [1ms]
[2022-03-12T02:45:57.810Z] > git for-each-ref --sort -committerdate --format %(refname) %(objectname) %(*objectname) [4ms]
[2022-03-12T02:45:57.810Z] > git remote --verbose [1ms]
[2022-03-12T02:45:57.830Z] > git config --get commit.template [1ms]
[2022-03-12T02:46:02.875Z] > git symbolic-ref --short HEAD [2ms]
[2022-03-12T02:46:02.884Z] > git for-each-ref --format=%(refname)%00%(upstream:short)%00%(objectname)%00%(upstream:track) refs/heads/Server refs/remotes/Server [2ms]
[2022-03-12T02:46:02.900Z] > git for-each-ref --sort -committerdate --format %(refname) %(objectname) %(*objectname) [8ms]
[2022-03-12T02:46:02.901Z] > git remote --verbose [2ms]
[2022-03-12T02:46:02.928Z] > git config --get commit.template [1ms]
[2022-03-12T02:46:07.951Z] > git symbolic-ref --short HEAD [1ms]
[2022-03-12T02:46:07.956Z] > git for-each-ref --format=%(refname)%00%(upstream:short)%00%(objectname)%00%(upstream:track) refs/heads/Server refs/remotes/Server [1ms]
[2022-03-12T02:46:07.965Z] > git for-each-ref --sort -committerdate --format %(refname) %(objectname) %(*objectname) [5ms]
[2022-03-12T02:46:07.965Z] > git remote --verbose [1ms]
[2022-03-12T02:46:07.986Z] > git config --get commit.template [1ms]
[2022-03-12T02:46:13.040Z] > git symbolic-ref --short HEAD [2ms]
[2022-03-12T02:46:13.051Z] > git for-each-ref --format=%(refname)%00%(upstream:short)%00%(objectname)%00%(upstream:track) refs/heads/Server refs/remotes/Server [2ms]
[2022-03-12T02:46:13.066Z] > git for-each-ref --sort -committerdate --format %(refname) %(objectname) %(*objectname) [8ms]
[2022-03-12T02:46:13.066Z] > git remote --verbose [2ms]
[2022-03-12T02:46:13.090Z] > git config --get commit.template [1ms]
[2022-03-12T02:46:18.144Z] > git symbolic-ref --short HEAD [2ms]
[2022-03-12T02:46:18.159Z] > git for-each-ref --format=%(refname)%00%(upstream:short)%00%(objectname)%00%(upstream:track) refs/heads/Server refs/remotes/Server [3ms]
[2022-03-12T02:46:18.185Z] > git for-each-ref --sort -committerdate --format %(refname) %(objectname) %(*objectname) [14ms]
[2022-03-12T02:46:18.186Z] > git remote --verbose [4ms]
[2022-03-12T02:46:18.217Z] > git config --get commit.template [1ms]
[2022-03-12T02:46:23.240Z] > git symbolic-ref --short HEAD [1ms]
[2022-03-12T02:46:23.246Z] > git for-each-ref --format=%(refname)%00%(upstream:short)%00%(objectname)%00%(upstream:track) refs/heads/Server refs/remotes/Server [1ms]
[2022-03-12T02:46:23.255Z] > git for-each-ref --sort -committerdate --format %(refname) %(objectname) %(*objectname) [5ms]
[2022-03-12T02:46:23.255Z] > git remote --verbose [1ms]
[2022-03-12T02:46:23.277Z] > git config --get commit.template [0ms]
[2022-03-12T02:46:28.310Z] > git symbolic-ref --short HEAD [1ms]
[2022-03-12T02:46:28.316Z] > git for-each-ref --format=%(refname)%00%(upstream:short)%00%(objectname)%00%(upstream:track) refs/heads/Server refs/remotes/Server [1ms]
[2022-03-12T02:46:28.324Z] > git for-each-ref --sort -committerdate --format %(refname) %(objectname) %(*objectname) [5ms]
[2022-03-12T02:46:28.324Z] > git remote --verbose [1ms]
[2022-03-12T02:46:28.342Z] > git config --get commit.template [1ms]
[2022-03-12T02:46:33.369Z] > git symbolic-ref --short HEAD [0ms]
[2022-03-12T02:46:33.375Z] > git for-each-ref --format=%(refname)%00%(upstream:short)%00%(objectname)%00%(upstream:track) refs/heads/Server refs/remotes/Server [1ms]
[2022-03-12T02:46:33.384Z] > git for-each-ref --sort -committerdate --format %(refname) %(objectname) %(*objectname) [5ms]
[2022-03-12T02:46:33.384Z] > git remote --verbose [1ms]
[2022-03-12T02:46:33.404Z] > git config --get commit.template [2ms]
[2022-03-12T02:46:38.458Z] > git symbolic-ref --short HEAD [1ms]
[2022-03-12T02:46:38.466Z] > git for-each-ref --format=%(refname)%00%(upstream:short)%00%(objectname)%00%(upstream:track) refs/heads/Server refs/remotes/Server [1ms]
[2022-03-12T02:46:38.477Z] > git for-each-ref --sort -committerdate --format %(refname) %(objectname) %(*objectname) [6ms]
[2022-03-12T02:46:38.477Z] > git remote --verbose [1ms]
[2022-03-12T02:46:38.496Z] > git config --get commit.template [1ms]
[2022-03-12T02:46:43.519Z] > git symbolic-ref --short HEAD [1ms]
[2022-03-12T02:46:43.526Z] > git for-each-ref --format=%(refname)%00%(upstream:short)%00%(objectname)%00%(upstream:track) refs/heads/Server refs/remotes/Server [1ms]
[2022-03-12T02:46:43.537Z] > git for-each-ref --sort -committerdate --format %(refname) %(objectname) %(*objectname) [6ms]
[2022-03-12T02:46:43.538Z] > git remote --verbose [1ms]
[2022-03-12T02:46:43.563Z] > git config --get commit.template [1ms]
[2022-03-12T02:46:48.590Z] > git symbolic-ref --short HEAD [1ms]
[2022-03-12T02:46:48.597Z] > git for-each-ref --format=%(refname)%00%(upstream:short)%00%(objectname)%00%(upstream:track) refs/heads/Server refs/remotes/Server [2ms]
[2022-03-12T02:46:48.608Z] > git for-each-ref --sort -committerdate --format %(refname) %(objectname) %(*objectname) [6ms]
[2022-03-12T02:46:48.609Z] > git remote --verbose [1ms]
[2022-03-12T02:46:48.632Z] > git config --get commit.template [1ms]
[2022-03-12T02:46:53.684Z] > git symbolic-ref --short HEAD [1ms]
[2022-03-12T02:46:53.691Z] > git for-each-ref --format=%(refname)%00%(upstream:short)%00%(objectname)%00%(upstream:track) refs/heads/Server refs/remotes/Server [1ms]
[2022-03-12T02:46:53.704Z] > git for-each-ref --sort -committerdate --format %(refname) %(objectname) %(*objectname) [6ms]
[2022-03-12T02:46:53.705Z] > git remote --verbose [2ms]
[2022-03-12T02:46:53.728Z] > git config --get commit.template [1ms]
[2022-03-12T02:46:58.757Z] > git symbolic-ref --short HEAD [1ms]
[2022-03-12T02:46:58.764Z] > git for-each-ref --format=%(refname)%00%(upstream:short)%00%(objectname)%00%(upstream:track) refs/heads/Server refs/remotes/Server [1ms]
[2022-03-12T02:46:58.776Z] > git for-each-ref --sort -committerdate --format %(refname) %(objectname) %(*objectname) [6ms]
[2022-03-12T02:46:58.777Z] > git remote --verbose [2ms]
[2022-03-12T02:46:58.800Z] > git config --get commit.template [3ms]
[2022-03-12T02:47:03.828Z] > git symbolic-ref --short HEAD [1ms]
[2022-03-12T02:47:03.836Z] > git for-each-ref --format=%(refname)%00%(upstream:short)%00%(objectname)%00%(upstream:track) refs/heads/Server refs/remotes/Server [2ms]
[2022-03-12T02:47:03.848Z] > git for-each-ref --sort -committerdate --format %(refname) %(objectname) %(*objectname) [6ms]
[2022-03-12T02:47:03.849Z] > git remote --verbose [1ms]
[2022-03-12T02:47:03.870Z] > git config --get commit.template [1ms]
[2022-03-12T02:47:08.928Z] > git symbolic-ref --short HEAD [2ms]
[2022-03-12T02:47:08.937Z] > git for-each-ref --format=%(refname)%00%(upstream:short)%00%(objectname)%00%(upstream:track) refs/heads/Server refs/remotes/Server [1ms]
[2022-03-12T02:47:08.951Z] > git for-each-ref --sort -committerdate --format %(refname) %(objectname) %(*objectname) [7ms]
[2022-03-12T02:47:08.951Z] > git remote --verbose [1ms]
[2022-03-12T02:47:08.974Z] > git config --get commit.template [2ms]
[2022-03-12T02:47:14.001Z] > git symbolic-ref --short HEAD [1ms]
[2022-03-12T02:47:14.006Z] > git for-each-ref --format=%(refname)%00%(upstream:short)%00%(objectname)%00%(upstream:track) refs/heads/Server refs/remotes/Server [1ms]
[2022-03-12T02:47:14.014Z] > git for-each-ref --sort -committerdate --format %(refname) %(objectname) %(*objectname) [5ms]
[2022-03-12T02:47:14.015Z] > git remote --verbose [1ms]
[2022-03-12T02:47:14.033Z] > git config --get commit.template [1ms]
[2022-03-12T02:47:19.060Z] > git symbolic-ref --short HEAD [0ms]
[2022-03-12T02:47:19.066Z] > git for-each-ref --format=%(refname)%00%(upstream:short)%00%(objectname)%00%(upstream:track) refs/heads/Server refs/remotes/Server [2ms]
[2022-03-12T02:47:19.074Z] > git for-each-ref --sort -committerdate --format %(refname) %(objectname) %(*objectname) [5ms]
[2022-03-12T02:47:19.074Z] > git remote --verbose [1ms]
[2022-03-12T02:47:19.093Z] > git config --get commit.template [1ms]
[2022-03-12T02:47:24.118Z] > git symbolic-ref --short HEAD [1ms]
[2022-03-12T02:47:24.124Z] > git for-each-ref --format=%(refname)%00%(upstream:short)%00%(objectname)%00%(upstream:track) refs/heads/Server refs/remotes/Server [2ms]
[2022-03-12T02:47:24.133Z] > git for-each-ref --sort -committerdate --format %(refname) %(objectname) %(*objectname) [5ms]
[2022-03-12T02:47:24.133Z] > git remote --verbose [1ms]
[2022-03-12T02:47:24.155Z] > git config --get commit.template [0ms]
[2022-03-12T02:47:29.184Z] > git symbolic-ref --short HEAD [1ms]
[2022-03-12T02:47:29.189Z] > git for-each-ref --format=%(refname)%00%(upstream:short)%00%(objectname)%00%(upstream:track) refs/heads/Server refs/remotes/Server [1ms]
[2022-03-12T02:47:29.198Z] > git for-each-ref --sort -committerdate --format %(refname) %(objectname) %(*objectname) [5ms]
[2022-03-12T02:47:29.198Z] > git remote --verbose [1ms]
[2022-03-12T02:47:29.217Z] > git config --get commit.template [1ms]
[2022-03-12T02:47:34.268Z] > git symbolic-ref --short HEAD [1ms]
[2022-03-12T02:47:34.275Z] > git for-each-ref --format=%(refname)%00%(upstream:short)%00%(objectname)%00%(upstream:track) refs/heads/Server refs/remotes/Server [2ms]
[2022-03-12T02:47:34.286Z] > git for-each-ref --sort -committerdate --format %(refname) %(objectname) %(*objectname) [6ms]
[2022-03-12T02:47:34.286Z] > git remote --verbose [1ms]
[2022-03-12T02:47:34.308Z] > git config --get commit.template [1ms]
[2022-03-12T02:47:39.332Z] > git symbolic-ref --short HEAD [1ms]
[2022-03-12T02:47:39.338Z] > git for-each-ref --format=%(refname)%00%(upstream:short)%00%(objectname)%00%(upstream:track) refs/heads/Server refs/remotes/Server [2ms]
[2022-03-12T02:47:39.349Z] > git for-each-ref --sort -committerdate --format %(refname) %(objectname) %(*objectname) [7ms]
[2022-03-12T02:47:39.349Z] > git remote --verbose [1ms]
[2022-03-12T02:47:39.372Z] > git config --get commit.template [3ms]
[2022-03-12T02:47:44.401Z] > git symbolic-ref --short HEAD [0ms]
[2022-03-12T02:47:44.406Z] > git for-each-ref --format=%(refname)%00%(upstream:short)%00%(objectname)%00%(upstream:track) refs/heads/Server refs/remotes/Server [1ms]
[2022-03-12T02:47:44.416Z] > git for-each-ref --sort -committerdate --format %(refname) %(objectname) %(*objectname) [5ms]
[2022-03-12T02:47:44.417Z] > git remote --verbose [1ms]
[2022-03-12T02:47:44.435Z] > git config --get commit.template [1ms]
[2022-03-12T02:47:49.462Z] > git symbolic-ref --short HEAD [0ms]
[2022-03-12T02:47:49.468Z] > git for-each-ref --format=%(refname)%00%(upstream:short)%00%(objectname)%00%(upstream:track) refs/heads/Server refs/remotes/Server [1ms]
[2022-03-12T02:47:49.478Z] > git for-each-ref --sort -committerdate --format %(refname) %(objectname) %(*objectname) [5ms]
[2022-03-12T02:47:49.478Z] > git remote --verbose [1ms]
[2022-03-12T02:47:49.498Z] > git config --get commit.template [1ms]
[2022-03-12T02:47:54.522Z] > git symbolic-ref --short HEAD [1ms]
[2022-03-12T02:47:54.528Z] > git for-each-ref --format=%(refname)%00%(upstream:short)%00%(objectname)%00%(upstream:track) refs/heads/Server refs/remotes/Server [1ms]
[2022-03-12T02:47:54.538Z] > git for-each-ref --sort -committerdate --format %(refname) %(objectname) %(*objectname) [6ms]
[2022-03-12T02:47:54.538Z] > git remote --verbose [1ms]
[2022-03-12T02:47:54.557Z] > git config --get commit.template [1ms]
[2022-03-12T02:47:59.612Z] > git symbolic-ref --short HEAD [1ms]
[2022-03-12T02:47:59.622Z] > git for-each-ref --format=%(refname)%00%(upstream:short)%00%(objectname)%00%(upstream:track) refs/heads/Server refs/remotes/Server [2ms]
[2022-03-12T02:47:59.639Z] > git for-each-ref --sort -committerdate --format %(refname) %(objectname) %(*objectname) [9ms]
[2022-03-12T02:47:59.639Z] > git remote --verbose [2ms]
[2022-03-12T02:47:59.666Z] > git config --get commit.template [1ms]
[2022-03-12T02:48:04.718Z] > git symbolic-ref --short HEAD [1ms]
[2022-03-12T02:48:04.725Z] > git for-each-ref --format=%(refname)%00%(upstream:short)%00%(objectname)%00%(upstream:track) refs/heads/Server refs/remotes/Server [1ms]
[2022-03-12T02:48:04.738Z] > git for-each-ref --sort -committerdate --format %(refname) %(objectname) %(*objectname) [7ms]
[2022-03-12T02:48:04.738Z] > git remote --verbose [1ms]
[2022-03-12T02:48:04.763Z] > git config --get commit.template [4ms]
[2022-03-12T02:48:09.788Z] > git symbolic-ref --short HEAD [1ms]
[2022-03-12T02:48:09.794Z] > git for-each-ref --format=%(refname)%00%(upstream:short)%00%(objectname)%00%(upstream:track) refs/heads/Server refs/remotes/Server [1ms]
[2022-03-12T02:48:09.805Z] > git for-each-ref --sort -committerdate --format %(refname) %(objectname) %(*objectname) [6ms]
[2022-03-12T02:48:09.805Z] > git remote --verbose [1ms]
[2022-03-12T02:48:09.826Z] > git config --get commit.template [1ms]
[2022-03-12T02:48:14.876Z] > git symbolic-ref --short HEAD [1ms]
[2022-03-12T02:48:14.884Z] > git for-each-ref --format=%(refname)%00%(upstream:short)%00%(objectname)%00%(upstream:track) refs/heads/Server refs/remotes/Server [2ms]
[2022-03-12T02:48:14.897Z] > git for-each-ref --sort -committerdate --format %(refname) %(objectname) %(*objectname) [7ms]
[2022-03-12T02:48:14.898Z] > git remote --verbose [2ms]
[2022-03-12T02:48:14.926Z] > git config --get commit.template [1ms]
[2022-03-12T02:48:19.949Z] > git symbolic-ref --short HEAD [1ms]
[2022-03-12T02:48:19.954Z] > git for-each-ref --format=%(refname)%00%(upstream:short)%00%(objectname)%00%(upstream:track) refs/heads/Server refs/remotes/Server [1ms]
[2022-03-12T02:48:19.963Z] > git for-each-ref --sort -committerdate --format %(refname) %(objectname) %(*objectname) [5ms]
[2022-03-12T02:48:19.963Z] > git remote --verbose [1ms]
[2022-03-12T02:48:19.983Z] > git config --get commit.template [0ms]
[2022-03-12T02:48:25.013Z] > git symbolic-ref --short HEAD [2ms]
[2022-03-12T02:48:25.022Z] > git for-each-ref --format=%(refname)%00%(upstream:short)%00%(objectname)%00%(upstream:track) refs/heads/Server refs/remotes/Server [4ms]
[2022-03-12T02:48:25.032Z] > git for-each-ref --sort -committerdate --format %(refname) %(objectname) %(*objectname) [4ms]
[2022-03-12T02:48:25.032Z] > git remote --verbose [1ms]
[2022-03-12T02:48:25.050Z] > git config --get commit.template [1ms]
[2022-03-12T02:48:30.104Z] > git symbolic-ref --short HEAD [2ms]
[2022-03-12T02:48:30.114Z] > git for-each-ref --format=%(refname)%00%(upstream:short)%00%(objectname)%00%(upstream:track) refs/heads/Server refs/remotes/Server [4ms]
[2022-03-12T02:48:30.124Z] > git for-each-ref --sort -committerdate --format %(refname) %(objectname) %(*objectname) [4ms]
[2022-03-12T02:48:30.124Z] > git remote --verbose [1ms]
[2022-03-12T02:48:30.141Z] > git config --get commit.template [1ms]
[2022-03-12T02:48:35.164Z] > git symbolic-ref --short HEAD [1ms]
[2022-03-12T02:48:35.170Z] > git for-each-ref --format=%(refname)%00%(upstream:short)%00%(objectname)%00%(upstream:track) refs/heads/Server refs/remotes/Server [2ms]
[2022-03-12T02:48:35.178Z] > git for-each-ref --sort -committerdate --format %(refname) %(objectname) %(*objectname) [5ms]
[2022-03-12T02:48:35.178Z] > git remote --verbose [1ms]
[2022-03-12T02:48:35.203Z] > git config --get commit.template [0ms]
[2022-03-12T02:48:40.226Z] > git symbolic-ref --short HEAD [1ms]
[2022-03-12T02:48:40.231Z] > git for-each-ref --format=%(refname)%00%(upstream:short)%00%(objectname)%00%(upstream:track) refs/heads/Server refs/remotes/Server [1ms]
[2022-03-12T02:48:40.239Z] > git for-each-ref --sort -committerdate --format %(refname) %(objectname) %(*objectname) [4ms]
[2022-03-12T02:48:40.240Z] > git remote --verbose [1ms]
[2022-03-12T02:48:40.258Z] > git config --get commit.template [1ms]
[2022-03-12T02:48:45.309Z] > git symbolic-ref --short HEAD [1ms]
[2022-03-12T02:48:45.316Z] > git for-each-ref --format=%(refname)%00%(upstream:short)%00%(objectname)%00%(upstream:track) refs/heads/Server refs/remotes/Server [2ms]
[2022-03-12T02:48:45.324Z] > git for-each-ref --sort -committerdate --format %(refname) %(objectname) %(*objectname) [4ms]
[2022-03-12T02:48:45.324Z] > git remote --verbose [1ms]
[2022-03-12T02:48:45.343Z] > git config --get commit.template [1ms]
[2022-03-12T02:48:50.394Z] > git symbolic-ref --short HEAD [1ms]
[2022-03-12T02:48:50.401Z] > git for-each-ref --format=%(refname)%00%(upstream:short)%00%(objectname)%00%(upstream:track) refs/heads/Server refs/remotes/Server [1ms]
[2022-03-12T02:48:50.411Z] > git for-each-ref --sort -committerdate --format %(refname) %(objectname) %(*objectname) [6ms]
[2022-03-12T02:48:50.411Z] > git remote --verbose [1ms]
[2022-03-12T02:48:50.433Z] > git config --get commit.template [1ms]
[2022-03-12T02:48:55.457Z] > git symbolic-ref --short HEAD [1ms]
[2022-03-12T02:48:55.463Z] > git for-each-ref --format=%(refname)%00%(upstream:short)%00%(objectname)%00%(upstream:track) refs/heads/Server refs/remotes/Server [1ms]
[2022-03-12T02:48:55.474Z] > git for-each-ref --sort -committerdate --format %(refname) %(objectname) %(*objectname) [6ms]
[2022-03-12T02:48:55.474Z] > git remote --verbose [2ms]
[2022-03-12T02:48:55.493Z] > git config --get commit.template [3ms]
[2022-03-12T02:49:00.545Z] > git symbolic-ref --short HEAD [2ms]
[2022-03-12T02:49:00.557Z] > git for-each-ref --format=%(refname)%00%(upstream:short)%00%(objectname)%00%(upstream:track) refs/heads/Server refs/remotes/Server [2ms]
[2022-03-12T02:49:00.576Z] > git for-each-ref --sort -committerdate --format %(refname) %(objectname) %(*objectname) [9ms]
[2022-03-12T02:49:00.577Z] > git remote --verbose [2ms]
[2022-03-12T02:49:00.606Z] > git config --get commit.template [1ms]
[2022-03-12T02:49:05.654Z] > git symbolic-ref --short HEAD [1ms]
[2022-03-12T02:49:05.661Z] > git for-each-ref --format=%(refname)%00%(upstream:short)%00%(objectname)%00%(upstream:track) refs/heads/Server refs/remotes/Server [1ms]
[2022-03-12T02:49:05.672Z] > git for-each-ref --sort -committerdate --format %(refname) %(objectname) %(*objectname) [6ms]
[2022-03-12T02:49:05.672Z] > git remote --verbose [1ms]
[2022-03-12T02:49:05.691Z] > git config --get commit.template [1ms]
[2022-03-12T02:49:10.744Z] > git symbolic-ref --short HEAD [2ms]
[2022-03-12T02:49:10.752Z] > git for-each-ref --format=%(refname)%00%(upstream:short)%00%(objectname)%00%(upstream:track) refs/heads/Server refs/remotes/Server [2ms]
[2022-03-12T02:49:10.765Z] > git for-each-ref --sort -committerdate --format %(refname) %(objectname) %(*objectname) [7ms]
[2022-03-12T02:49:10.766Z] > git remote --verbose [1ms]
[2022-03-12T02:49:10.788Z] > git config --get commit.template [1ms]
[2022-03-12T02:49:15.818Z] > git symbolic-ref --short HEAD [0ms]
[2022-03-12T02:49:15.825Z] > git for-each-ref --format=%(refname)%00%(upstream:short)%00%(objectname)%00%(upstream:track) refs/heads/Server refs/remotes/Server [1ms]
[2022-03-12T02:49:15.835Z] > git for-each-ref --sort -committerdate --format %(refname) %(objectname) %(*objectname) [5ms]
[2022-03-12T02:49:15.836Z] > git remote --verbose [1ms]
[2022-03-12T02:49:15.855Z] > git config --get commit.template [0ms]
[2022-03-12T02:49:20.913Z] > git symbolic-ref --short HEAD [1ms]
[2022-03-12T02:49:20.921Z] > git for-each-ref --format=%(refname)%00%(upstream:short)%00%(objectname)%00%(upstream:track) refs/heads/Server refs/remotes/Server [1ms]
[2022-03-12T02:49:20.936Z] > git for-each-ref --sort -committerdate --format %(refname) %(objectname) %(*objectname) [8ms]
[2022-03-12T02:49:20.936Z] > git remote --verbose [1ms]
[2022-03-12T02:49:20.962Z] > git config --get commit.template [2ms]
[2022-03-12T02:49:25.987Z] > git symbolic-ref --short HEAD [1ms]
[2022-03-12T02:49:25.994Z] > git for-each-ref --format=%(refname)%00%(upstream:short)%00%(objectname)%00%(upstream:track) refs/heads/Server refs/remotes/Server [1ms]
[2022-03-12T02:49:26.006Z] > git for-each-ref --sort -committerdate --format %(refname) %(objectname) %(*objectname) [6ms]
[2022-03-12T02:49:26.006Z] > git remote --verbose [1ms]
[2022-03-12T02:49:26.026Z] > git config --get commit.template [1ms]
[2022-03-12T02:49:31.087Z] > git symbolic-ref --short HEAD [2ms]
[2022-03-12T02:49:31.100Z] > git for-each-ref --format=%(refname)%00%(upstream:short)%00%(objectname)%00%(upstream:track) refs/heads/Server refs/remotes/Server [6ms]
[2022-03-12T02:49:31.111Z] > git for-each-ref --sort -committerdate --format %(refname) %(objectname) %(*objectname) [5ms]
[2022-03-12T02:49:31.112Z] > git remote --verbose [1ms]
[2022-03-12T02:49:31.129Z] > git config --get commit.template [0ms]
[2022-03-12T02:49:36.178Z] > git symbolic-ref --short HEAD [3ms]
[2022-03-12T02:49:36.190Z] > git for-each-ref --format=%(refname)%00%(upstream:short)%00%(objectname)%00%(upstream:track) refs/heads/Server refs/remotes/Server [3ms]
[2022-03-12T02:49:36.210Z] > git for-each-ref --sort -committerdate --format %(refname) %(objectname) %(*objectname) [11ms]
[2022-03-12T02:49:36.210Z] > git remote --verbose [2ms]
[2022-03-12T02:49:36.236Z] > git config --get commit.template [0ms]
[2022-03-12T02:49:41.264Z] > git symbolic-ref --short HEAD [1ms]
[2022-03-12T02:49:41.269Z] > git for-each-ref --format=%(refname)%00%(upstream:short)%00%(objectname)%00%(upstream:track) refs/heads/Server refs/remotes/Server [1ms]
[2022-03-12T02:49:41.277Z] > git for-each-ref --sort -committerdate --format %(refname) %(objectname) %(*objectname) [5ms]
[2022-03-12T02:49:41.277Z] > git remote --verbose [1ms]
[2022-03-12T02:49:41.299Z] > git config --get commit.template [1ms]
[2022-03-12T02:49:46.327Z] > git symbolic-ref --short HEAD [1ms]
[2022-03-12T02:49:46.332Z] > git for-each-ref --format=%(refname)%00%(upstream:short)%00%(objectname)%00%(upstream:track) refs/heads/Server refs/remotes/Server [1ms]
[2022-03-12T02:49:46.340Z] > git for-each-ref --sort -committerdate --format %(refname) %(objectname) %(*objectname) [4ms]
[2022-03-12T02:49:46.341Z] > git remote --verbose [1ms]
[2022-03-12T02:49:46.359Z] > git config --get commit.template [1ms]
[2022-03-12T02:49:51.408Z] > git symbolic-ref --short HEAD [2ms]
[2022-03-12T02:49:51.415Z] > git for-each-ref --format=%(refname)%00%(upstream:short)%00%(objectname)%00%(upstream:track) refs/heads/Server refs/remotes/Server [1ms]
[2022-03-12T02:49:51.424Z] > git for-each-ref --sort -committerdate --format %(refname) %(objectname) %(*objectname) [4ms]
[2022-03-12T02:49:51.425Z] > git remote --verbose [1ms]
[2022-03-12T02:49:51.443Z] > git config --get commit.template [1ms]
[2022-03-12T02:49:56.498Z] > git symbolic-ref --short HEAD [3ms]
[2022-03-12T02:49:56.508Z] > git for-each-ref --format=%(refname)%00%(upstream:short)%00%(objectname)%00%(upstream:track) refs/heads/Server refs/remotes/Server [2ms]
[2022-03-12T02:49:56.524Z] > git for-each-ref --sort -committerdate --format %(refname) %(objectname) %(*objectname) [8ms]
[2022-03-12T02:49:56.525Z] > git remote --verbose [1ms]
[2022-03-12T02:49:56.550Z] > git config --get commit.template [2ms]
[2022-03-12T02:49:59.984Z] > git ls-files --stage -- /opt/projectcode/MightyWarriors/source.cpp [3ms]
[2022-03-12T02:50:00.001Z] > git cat-file -s e349ded7132d24143fd416dcbab4f77d7e73b473 [3ms]
[2022-03-12T02:50:01.578Z] > git symbolic-ref --short HEAD [1ms]
[2022-03-12T02:50:01.583Z] > git for-each-ref --format=%(refname)%00%(upstream:short)%00%(objectname)%00%(upstream:track) refs/heads/Server refs/remotes/Server [1ms]
[2022-03-12T02:50:01.593Z] > git for-each-ref --sort -committerdate --format %(refname) %(objectname) %(*objectname) [5ms]
[2022-03-12T02:50:01.593Z] > git remote --verbose [1ms]
[2022-03-12T02:50:01.615Z] > git config --get commit.template [1ms]
[2022-03-12T02:50:06.642Z] > git symbolic-ref --short HEAD [1ms]
[2022-03-12T02:50:06.648Z] > git for-each-ref --format=%(refname)%00%(upstream:short)%00%(objectname)%00%(upstream:track) refs/heads/Server refs/remotes/Server [1ms]
[2022-03-12T02:50:06.658Z] > git for-each-ref --sort -committerdate --format %(refname) %(objectname) %(*objectname) [5ms]
[2022-03-12T02:50:06.659Z] > git remote --verbose [1ms]
[2022-03-12T02:50:06.680Z] > git config --get commit.template [0ms]
[2022-03-12T02:50:10.027Z] > git ls-files --stage -- /opt/projectcode/MightyWarriors/source.cpp [1ms]
[2022-03-12T02:50:10.033Z] > git cat-file -s e349ded7132d24143fd416dcbab4f77d7e73b473 [1ms]
[2022-03-12T02:50:11.705Z] > git symbolic-ref --short HEAD [1ms]
[2022-03-12T02:50:11.712Z] > git for-each-ref --format=%(refname)%00%(upstream:short)%00%(objectname)%00%(upstream:track) refs/heads/Server refs/remotes/Server [1ms]
[2022-03-12T02:50:11.723Z] > git for-each-ref --sort -committerdate --format %(refname) %(objectname) %(*objectname) [6ms]
[2022-03-12T02:50:11.723Z] > git remote --verbose [1ms]
[2022-03-12T02:50:11.744Z] > git config --get commit.template [1ms]
[2022-03-12T02:50:16.799Z] > git symbolic-ref --short HEAD [1ms]
[2022-03-12T02:50:16.806Z] > git for-each-ref --format=%(refname)%00%(upstream:short)%00%(objectname)%00%(upstream:track) refs/heads/Server refs/remotes/Server [1ms]
[2022-03-12T02:50:16.819Z] > git for-each-ref --sort -committerdate --format %(refname) %(objectname) %(*objectname) [7ms]
[2022-03-12T02:50:16.819Z] > git remote --verbose [1ms]
[2022-03-12T02:50:16.843Z] > git config --get commit.template [2ms]
[2022-03-12T02:50:20.302Z] > git ls-files --stage -- /opt/projectcode/MightyWarriors/source.cpp [1ms]
[2022-03-12T02:50:20.312Z] > git cat-file -s e349ded7132d24143fd416dcbab4f77d7e73b473 [1ms]
[2022-03-12T02:50:21.903Z] > git symbolic-ref --short HEAD [9ms]
[2022-03-12T02:50:21.910Z] > git ls-files --stage -- /opt/projectcode/MightyWarriors/source.cpp [8ms]
[2022-03-12T02:50:21.917Z] > git for-each-ref --format=%(refname)%00%(upstream:short)%00%(objectname)%00%(upstream:track) refs/heads/Server refs/remotes/Server [8ms]
[2022-03-12T02:50:21.931Z] > git for-each-ref --sort -committerdate --format %(refname) %(objectname) %(*objectname) [7ms]
[2022-03-12T02:50:21.931Z] > git cat-file -s e349ded7132d24143fd416dcbab4f77d7e73b473 [15ms]
[2022-03-12T02:50:21.932Z] > git remote --verbose [2ms]
[2022-03-12T02:50:21.954Z] > git config --get commit.template [0ms]
[2022-03-12T02:50:27.007Z] > git symbolic-ref --short HEAD [1ms]
[2022-03-12T02:50:27.015Z] > git for-each-ref --format=%(refname)%00%(upstream:short)%00%(objectname)%00%(upstream:track) refs/heads/Server refs/remotes/Server [2ms]
[2022-03-12T02:50:27.028Z] > git for-each-ref --sort -committerdate --format %(refname) %(objectname) %(*objectname) [7ms]
[2022-03-12T02:50:27.028Z] > git remote --verbose [1ms]
[2022-03-12T02:50:27.048Z] > git config --get commit.template [1ms]
[2022-03-12T02:50:32.109Z] > git symbolic-ref --short HEAD [1ms]
[2022-03-12T02:50:32.121Z] > git for-each-ref --format=%(refname)%00%(upstream:short)%00%(objectname)%00%(upstream:track) refs/heads/Server refs/remotes/Server [4ms]
[2022-03-12T02:50:32.134Z] > git for-each-ref --sort -committerdate --format %(refname) %(objectname) %(*objectname) [6ms]
[2022-03-12T02:50:32.135Z] > git remote --verbose [2ms]
[2022-03-12T02:50:32.153Z] > git config --get commit.template [0ms]
[2022-03-12T02:50:37.187Z] > git symbolic-ref --short HEAD [2ms]
[2022-03-12T02:50:37.198Z] > git for-each-ref --format=%(refname)%00%(upstream:short)%00%(objectname)%00%(upstream:track) refs/heads/Server refs/remotes/Server [5ms]
[2022-03-12T02:50:37.210Z] > git for-each-ref --sort -committerdate --format %(refname) %(objectname) %(*objectname) [6ms]
[2022-03-12T02:50:37.210Z] > git remote --verbose [2ms]
[2022-03-12T02:50:37.228Z] > git config --get commit.template [1ms]
[2022-03-12T02:50:42.281Z] > git symbolic-ref --short HEAD [2ms]
[2022-03-12T02:50:42.289Z] > git for-each-ref --format=%(refname)%00%(upstream:short)%00%(objectname)%00%(upstream:track) refs/heads/Server refs/remotes/Server [2ms]
[2022-03-12T02:50:42.300Z] > git for-each-ref --sort -committerdate --format %(refname) %(objectname) %(*objectname) [6ms]
[2022-03-12T02:50:42.301Z] > git remote --verbose [2ms]
[2022-03-12T02:50:42.328Z] > git config --get commit.template [1ms]
[2022-03-12T02:50:44.836Z] > git ls-files --stage -- /opt/projectcode/MightyWarriors/source.cpp [3ms]
[2022-03-12T02:50:44.853Z] > git cat-file -s e349ded7132d24143fd416dcbab4f77d7e73b473 [3ms]
[2022-03-12T02:50:47.355Z] > git symbolic-ref --short HEAD [1ms]
[2022-03-12T02:50:47.360Z] > git for-each-ref --format=%(refname)%00%(upstream:short)%00%(objectname)%00%(upstream:track) refs/heads/Server refs/remotes/Server [2ms]
[2022-03-12T02:50:47.368Z] > git for-each-ref --sort -committerdate --format %(refname) %(objectname) %(*objectname) [4ms]
[2022-03-12T02:50:47.369Z] > git remote --verbose [1ms]
[2022-03-12T02:50:47.387Z] > git config --get commit.template [1ms]
[2022-03-12T02:50:52.416Z] > git symbolic-ref --short HEAD [1ms]
[2022-03-12T02:50:52.421Z] > git for-each-ref --format=%(refname)%00%(upstream:short)%00%(objectname)%00%(upstream:track) refs/heads/Server refs/remotes/Server [1ms]
[2022-03-12T02:50:52.430Z] > git for-each-ref --sort -committerdate --format %(refname) %(objectname) %(*objectname) [5ms]
[2022-03-12T02:50:52.430Z] > git remote --verbose [1ms]
[2022-03-12T02:50:52.450Z] > git config --get commit.template [1ms]
[2022-03-12T02:50:57.501Z] > git symbolic-ref --short HEAD [2ms]
[2022-03-12T02:50:57.507Z] > git for-each-ref --format=%(refname)%00%(upstream:short)%00%(objectname)%00%(upstream:track) refs/heads/Server refs/remotes/Server [1ms]
[2022-03-12T02:50:57.520Z] > git for-each-ref --sort -committerdate --format %(refname) %(objectname) %(*objectname) [6ms]
[2022-03-12T02:50:57.520Z] > git remote --verbose [1ms]
[2022-03-12T02:50:57.544Z] > git config --get commit.template [1ms]
[2022-03-12T02:51:02.563Z] > git symbolic-ref --short HEAD [1ms]
[2022-03-12T02:51:02.568Z] > git for-each-ref --format=%(refname)%00%(upstream:short)%00%(objectname)%00%(upstream:track) refs/heads/Server refs/remotes/Server [1ms]
[2022-03-12T02:51:02.576Z] > git for-each-ref --sort -committerdate --format %(refname) %(objectname) %(*objectname) [4ms]
[2022-03-12T02:51:02.577Z] > git remote --verbose [1ms]
[2022-03-12T02:51:02.596Z] > git config --get commit.template [3ms]
[2022-03-12T02:51:07.622Z] > git symbolic-ref --short HEAD [1ms]
[2022-03-12T02:51:07.629Z] > git for-each-ref --format=%(refname)%00%(upstream:short)%00%(objectname)%00%(upstream:track) refs/heads/Server refs/remotes/Server [2ms]
[2022-03-12T02:51:07.640Z] > git for-each-ref --sort -committerdate --format %(refname) %(objectname) %(*objectname) [6ms]
[2022-03-12T02:51:07.640Z] > git remote --verbose [1ms]
[2022-03-12T02:51:07.663Z] > git config --get commit.template [0ms]
[2022-03-12T02:51:09.437Z] > git ls-files --stage -- /opt/projectcode/MightyWarriors/source.cpp [1ms]
[2022-03-12T02:51:09.442Z] > git cat-file -s e349ded7132d24143fd416dcbab4f77d7e73b473 [0ms]
[2022-03-12T02:51:12.694Z] > git symbolic-ref --short HEAD [1ms]
[2022-03-12T02:51:12.700Z] > git for-each-ref --format=%(refname)%00%(upstream:short)%00%(objectname)%00%(upstream:track) refs/heads/Server refs/remotes/Server [1ms]
[2022-03-12T02:51:12.712Z] > git for-each-ref --sort -committerdate --format %(refname) %(objectname) %(*objectname) [7ms]
[2022-03-12T02:51:12.712Z] > git remote --verbose [1ms]
[2022-03-12T02:51:12.731Z] > git config --get commit.template [1ms]
[2022-03-12T02:51:17.761Z] > git symbolic-ref --short HEAD [2ms]
[2022-03-12T02:51:17.770Z] > git for-each-ref --format=%(refname)%00%(upstream:short)%00%(objectname)%00%(upstream:track) refs/heads/Server refs/remotes/Server [2ms]
[2022-03-12T02:51:17.786Z] > git for-each-ref --sort -committerdate --format %(refname) %(objectname) %(*objectname) [8ms]
[2022-03-12T02:51:17.787Z] > git remote --verbose [2ms]
[2022-03-12T02:51:17.812Z] > git config --get commit.template [1ms]
[2022-03-12T02:51:22.842Z] > git symbolic-ref --short HEAD [2ms]
[2022-03-12T02:51:22.849Z] > git for-each-ref --format=%(refname)%00%(upstream:short)%00%(objectname)%00%(upstream:track) refs/heads/Server refs/remotes/Server [1ms]
[2022-03-12T02:51:22.861Z] > git for-each-ref --sort -committerdate --format %(refname) %(objectname) %(*objectname) [6ms]
[2022-03-12T02:51:22.861Z] > git remote --verbose [1ms]
[2022-03-12T02:51:22.881Z] > git config --get commit.template [1ms]
[2022-03-12T02:51:27.915Z] > git symbolic-ref --short HEAD [1ms]
[2022-03-12T02:51:27.923Z] > git for-each-ref --format=%(refname)%00%(upstream:short)%00%(objectname)%00%(upstream:track) refs/heads/Server refs/remotes/Server [1ms]
[2022-03-12T02:51:27.938Z] > git for-each-ref --sort -committerdate --format %(refname) %(objectname) %(*objectname) [8ms]
[2022-03-12T02:51:27.938Z] > git remote --verbose [1ms]
[2022-03-12T02:51:27.963Z] > git config --get commit.template [3ms]
[2022-03-12T02:51:33.020Z] > git symbolic-ref --short HEAD [1ms]
[2022-03-12T02:51:33.029Z] > git for-each-ref --format=%(refname)%00%(upstream:short)%00%(objectname)%00%(upstream:track) refs/heads/Server refs/remotes/Server [2ms]
[2022-03-12T02:51:33.042Z] > git for-each-ref --sort -committerdate --format %(refname) %(objectname) %(*objectname) [7ms]
[2022-03-12T02:51:33.043Z] > git remote --verbose [1ms]
[2022-03-12T02:51:33.065Z] > git config --get commit.template [1ms]
[2022-03-12T02:51:38.099Z] > git symbolic-ref --short HEAD [1ms]
[2022-03-12T02:51:38.106Z] > git for-each-ref --format=%(refname)%00%(upstream:short)%00%(objectname)%00%(upstream:track) refs/heads/Server refs/remotes/Server [1ms]
[2022-03-12T02:51:38.120Z] > git for-each-ref --sort -committerdate --format %(refname) %(objectname) %(*objectname) [7ms]
[2022-03-12T02:51:38.120Z] > git remote --verbose [1ms]
[2022-03-12T02:51:38.142Z] > git config --get commit.template [2ms]
[2022-03-12T02:51:43.198Z] > git symbolic-ref --short HEAD [2ms]
[2022-03-12T02:51:43.210Z] > git for-each-ref --format=%(refname)%00%(upstream:short)%00%(objectname)%00%(upstream:track) refs/heads/Server refs/remotes/Server [3ms]
[2022-03-12T02:51:43.225Z] > git for-each-ref --sort -committerdate --format %(refname) %(objectname) %(*objectname) [7ms]
[2022-03-12T02:51:43.226Z] > git remote --verbose [2ms]
[2022-03-12T02:51:43.250Z] > git config --get commit.template [1ms]
[2022-03-12T02:51:48.302Z] > git symbolic-ref --short HEAD [1ms]
[2022-03-12T02:51:48.308Z] > git for-each-ref --format=%(refname)%00%(upstream:short)%00%(objectname)%00%(upstream:track) refs/heads/Server refs/remotes/Server [1ms]
[2022-03-12T02:51:48.317Z] > git for-each-ref --sort -committerdate --format %(refname) %(objectname) %(*objectname) [4ms]
[2022-03-12T02:51:48.318Z] > git remote --verbose [1ms]
[2022-03-12T02:51:48.337Z] > git config --get commit.template [1ms]
[2022-03-12T02:51:53.386Z] > git symbolic-ref --short HEAD [2ms]
[2022-03-12T02:51:53.396Z] > git for-each-ref --format=%(refname)%00%(upstream:short)%00%(objectname)%00%(upstream:track) refs/heads/Server refs/remotes/Server [2ms]
[2022-03-12T02:51:53.416Z] > git for-each-ref --sort -committerdate --format %(refname) %(objectname) %(*objectname) [11ms]
[2022-03-12T02:51:53.416Z] > git remote --verbose [2ms]
[2022-03-12T02:51:53.447Z] > git config --get commit.template [0ms]
[2022-03-12T02:51:58.471Z] > git symbolic-ref --short HEAD [1ms]
[2022-03-12T02:51:58.477Z] > git for-each-ref --format=%(refname)%00%(upstream:short)%00%(objectname)%00%(upstream:track) refs/heads/Server refs/remotes/Server [1ms]
[2022-03-12T02:51:58.486Z] > git for-each-ref --sort -committerdate --format %(refname) %(objectname) %(*objectname) [5ms]
[2022-03-12T02:51:58.486Z] > git remote --verbose [1ms]
[2022-03-12T02:51:58.506Z] > git config --get commit.template [1ms]
[2022-03-12T02:52:03.530Z] > git symbolic-ref --short HEAD [1ms]
[2022-03-12T02:52:03.535Z] > git for-each-ref --format=%(refname)%00%(upstream:short)%00%(objectname)%00%(upstream:track) refs/heads/Server refs/remotes/Server [1ms]
[2022-03-12T02:52:03.544Z] > git for-each-ref --sort -committerdate --format %(refname) %(objectname) %(*objectname) [4ms]
[2022-03-12T02:52:03.545Z] > git remote --verbose [1ms]
[2022-03-12T02:52:03.563Z] > git config --get commit.template [1ms]
[2022-03-12T02:52:08.593Z] > git symbolic-ref --short HEAD [1ms]
[2022-03-12T02:52:08.599Z] > git for-each-ref --format=%(refname)%00%(upstream:short)%00%(objectname)%00%(upstream:track) refs/heads/Server refs/remotes/Server [1ms]
[2022-03-12T02:52:08.609Z] > git for-each-ref --sort -committerdate --format %(refname) %(objectname) %(*objectname) [5ms]
[2022-03-12T02:52:08.609Z] > git remote --verbose [1ms]
[2022-03-12T02:52:08.629Z] > git config --get commit.template [2ms]
[2022-03-12T02:52:13.683Z] > git symbolic-ref --short HEAD [1ms]
[2022-03-12T02:52:13.690Z] > git for-each-ref --format=%(refname)%00%(upstream:short)%00%(objectname)%00%(upstream:track) refs/heads/Server refs/remotes/Server [2ms]
[2022-03-12T02:52:13.700Z] > git for-each-ref --sort -committerdate --format %(refname) %(objectname) %(*objectname) [6ms]
[2022-03-12T02:52:13.700Z] > git remote --verbose [1ms]
[2022-03-12T02:52:13.720Z] > git config --get commit.template [1ms]
[2022-03-12T02:52:18.745Z] > git symbolic-ref --short HEAD [1ms]
[2022-03-12T02:52:18.751Z] > git for-each-ref --format=%(refname)%00%(upstream:short)%00%(objectname)%00%(upstream:track) refs/heads/Server refs/remotes/Server [1ms]
[2022-03-12T02:52:18.762Z] > git for-each-ref --sort -committerdate --format %(refname) %(objectname) %(*objectname) [6ms]
[2022-03-12T02:52:18.762Z] > git remote --verbose [1ms]
[2022-03-12T02:52:18.782Z] > git config --get commit.template [1ms]
[2022-03-12T02:52:23.812Z] > git symbolic-ref --short HEAD [0ms]
[2022-03-12T02:52:23.819Z] > git for-each-ref --format=%(refname)%00%(upstream:short)%00%(objectname)%00%(upstream:track) refs/heads/Server refs/remotes/Server [1ms]
[2022-03-12T02:52:23.830Z] > git for-each-ref --sort -committerdate --format %(refname) %(objectname) %(*objectname) [6ms]
[2022-03-12T02:52:23.830Z] > git remote --verbose [1ms]
[2022-03-12T02:52:23.850Z] > git config --get commit.template [1ms]
[2022-03-12T02:52:30.485Z] > git symbolic-ref --short HEAD [1ms]
[2022-03-12T02:52:30.494Z] > git for-each-ref --format=%(refname)%00%(upstream:short)%00%(objectname)%00%(upstream:track) refs/heads/Server refs/remotes/Server [2ms]
[2022-03-12T02:52:30.509Z] > git for-each-ref --sort -committerdate --format %(refname) %(objectname) %(*objectname) [8ms]
[2022-03-12T02:52:30.509Z] > git remote --verbose [1ms]
[2022-03-12T02:52:30.532Z] > git config --get commit.template [1ms]
[2022-03-12T02:52:35.588Z] > git symbolic-ref --short HEAD [1ms]
[2022-03-12T02:52:35.599Z] > git for-each-ref --format=%(refname)%00%(upstream:short)%00%(objectname)%00%(upstream:track) refs/heads/Server refs/remotes/Server [1ms]
[2022-03-12T02:52:35.615Z] > git for-each-ref --sort -committerdate --format %(refname) %(objectname) %(*objectname) [8ms]
[2022-03-12T02:52:35.615Z] > git remote --verbose [1ms]
[2022-03-12T02:52:35.639Z] > git config --get commit.template [3ms]
[2022-03-12T02:52:40.202Z] > git ls-files --stage -- /opt/projectcode/MightyWarriors/.vscode/launch.json [15ms]
[2022-03-12T02:52:40.693Z] > git symbolic-ref --short HEAD [1ms]
[2022-03-12T02:52:40.703Z] > git for-each-ref --format=%(refname)%00%(upstream:short)%00%(objectname)%00%(upstream:track) refs/heads/Server refs/remotes/Server [2ms]
[2022-03-12T02:52:40.718Z] > git for-each-ref --sort -committerdate --format %(refname) %(objectname) %(*objectname) [7ms]
[2022-03-12T02:52:40.718Z] > git remote --verbose [1ms]
[2022-03-12T02:52:40.739Z] > git config --get commit.template [1ms]
[2022-03-12T02:52:45.765Z] > git symbolic-ref --short HEAD [1ms]
[2022-03-12T02:52:45.772Z] > git for-each-ref --format=%(refname)%00%(upstream:short)%00%(objectname)%00%(upstream:track) refs/heads/Server refs/remotes/Server [2ms]
[2022-03-12T02:52:45.782Z] > git for-each-ref --sort -committerdate --format %(refname) %(objectname) %(*objectname) [5ms]
[2022-03-12T02:52:45.783Z] > git remote --verbose [1ms]
[2022-03-12T02:52:45.807Z] > git config --get commit.template [1ms]
[2022-03-12T02:52:50.839Z] > git symbolic-ref --short HEAD [1ms]
[2022-03-12T02:52:50.844Z] > git for-each-ref --format=%(refname)%00%(upstream:short)%00%(objectname)%00%(upstream:track) refs/heads/Server refs/remotes/Server [1ms]
[2022-03-12T02:52:50.854Z] > git for-each-ref --sort -committerdate --format %(refname) %(objectname) %(*objectname) [5ms]
[2022-03-12T02:52:50.855Z] > git remote --verbose [1ms]
[2022-03-12T02:52:50.877Z] > git config --get commit.template [0ms]
[2022-03-12T02:52:55.928Z] > git symbolic-ref --short HEAD [1ms]
[2022-03-12T02:52:55.935Z] > git for-each-ref --format=%(refname)%00%(upstream:short)%00%(objectname)%00%(upstream:track) refs/heads/Server refs/remotes/Server [1ms]
[2022-03-12T02:52:55.948Z] > git for-each-ref --sort -committerdate --format %(refname) %(objectname) %(*objectname) [7ms]
[2022-03-12T02:52:55.949Z] > git remote --verbose [2ms]
[2022-03-12T02:52:55.973Z] > git config --get commit.template [1ms]
[2022-03-12T02:53:01.027Z] > git symbolic-ref --short HEAD [1ms]
[2022-03-12T02:53:01.035Z] > git for-each-ref --format=%(refname)%00%(upstream:short)%00%(objectname)%00%(upstream:track) refs/heads/Server refs/remotes/Server [1ms]
[2022-03-12T02:53:01.049Z] > git for-each-ref --sort -committerdate --format %(refname) %(objectname) %(*objectname) [8ms]
[2022-03-12T02:53:01.049Z] > git remote --verbose [1ms]
[2022-03-12T02:53:01.076Z] > git config --get commit.template [3ms]
[2022-03-12T02:53:06.105Z] > git symbolic-ref --short HEAD [1ms]
[2022-03-12T02:53:06.111Z] > git for-each-ref --format=%(refname)%00%(upstream:short)%00%(objectname)%00%(upstream:track) refs/heads/Server refs/remotes/Server [1ms]
[2022-03-12T02:53:06.121Z] > git for-each-ref --sort -committerdate --format %(refname) %(objectname) %(*objectname) [5ms]
[2022-03-12T02:53:06.122Z] > git remote --verbose [1ms]
[2022-03-12T02:53:06.141Z] > git config --get commit.template [0ms]
[2022-03-12T02:53:11.195Z] > git symbolic-ref --short HEAD [1ms]
[2022-03-12T02:53:11.203Z] > git for-each-ref --format=%(refname)%00%(upstream:short)%00%(objectname)%00%(upstream:track) refs/heads/Server refs/remotes/Server [1ms]
[2022-03-12T02:53:11.217Z] > git for-each-ref --sort -committerdate --format %(refname) %(objectname) %(*objectname) [7ms]
[2022-03-12T02:53:11.218Z] > git remote --verbose [1ms]
[2022-03-12T02:53:11.238Z] > git config --get commit.template [0ms]
[2022-03-12T02:53:16.290Z] > git symbolic-ref --short HEAD [1ms]
[2022-03-12T02:53:16.300Z] > git for-each-ref --format=%(refname)%00%(upstream:short)%00%(objectname)%00%(upstream:track) refs/heads/Server refs/remotes/Server [2ms]
[2022-03-12T02:53:16.317Z] > git for-each-ref --sort -committerdate --format %(refname) %(objectname) %(*objectname) [9ms]
[2022-03-12T02:53:16.318Z] > git remote --verbose [2ms]
[2022-03-12T02:53:16.346Z] > git config --get commit.template [1ms]
[2022-03-12T02:53:21.377Z] > git symbolic-ref --short HEAD [1ms]
[2022-03-12T02:53:21.383Z] > git for-each-ref --format=%(refname)%00%(upstream:short)%00%(objectname)%00%(upstream:track) refs/heads/Server refs/remotes/Server [1ms]
[2022-03-12T02:53:21.393Z] > git for-each-ref --sort -committerdate --format %(refname) %(objectname) %(*objectname) [6ms]
[2022-03-12T02:53:21.393Z] > git remote --verbose [1ms]
[2022-03-12T02:53:21.413Z] > git config --get commit.template [1ms]
[2022-03-12T02:53:26.442Z] > git symbolic-ref --short HEAD [1ms]
[2022-03-12T02:53:26.448Z] > git for-each-ref --format=%(refname)%00%(upstream:short)%00%(objectname)%00%(upstream:track) refs/heads/Server refs/remotes/Server [1ms]
[2022-03-12T02:53:26.458Z] > git for-each-ref --sort -committerdate --format %(refname) %(objectname) %(*objectname) [5ms]
[2022-03-12T02:53:26.459Z] > git remote --verbose [2ms]
[2022-03-12T02:53:26.481Z] > git config --get commit.template [1ms]
[2022-03-12T02:53:31.505Z] > git symbolic-ref --short HEAD [1ms]
[2022-03-12T02:53:31.511Z] > git for-each-ref --format=%(refname)%00%(upstream:short)%00%(objectname)%00%(upstream:track) refs/heads/Server refs/remotes/Server [1ms]
[2022-03-12T02:53:31.521Z] > git for-each-ref --sort -committerdate --format %(refname) %(objectname) %(*objectname) [6ms]
[2022-03-12T02:53:31.521Z] > git remote --verbose [1ms]
[2022-03-12T02:53:31.541Z] > git config --get commit.template [1ms]
[2022-03-12T02:53:36.565Z] > git symbolic-ref --short HEAD [2ms]
[2022-03-12T02:53:36.570Z] > git for-each-ref --format=%(refname)%00%(upstream:short)%00%(objectname)%00%(upstream:track) refs/heads/Server refs/remotes/Server [1ms]
[2022-03-12T02:53:36.580Z] > git for-each-ref --sort -committerdate --format %(refname) %(objectname) %(*objectname) [5ms]
[2022-03-12T02:53:36.580Z] > git remote --verbose [1ms]
[2022-03-12T02:53:36.600Z] > git config --get commit.template [1ms]
[2022-03-12T02:53:38.108Z] > git ls-files --stage -- /opt/projectcode/MightyWarriors/.vscode/tasks.json [1ms]
[2022-03-12T02:53:40.111Z] > git ls-files --stage -- /opt/projectcode/MightyWarriors/.vscode/launch.json [4ms]
[2022-03-12T02:53:41.654Z] > git symbolic-ref --short HEAD [2ms]
[2022-03-12T02:53:41.661Z] > git for-each-ref --format=%(refname)%00%(upstream:short)%00%(objectname)%00%(upstream:track) refs/heads/Server refs/remotes/Server [1ms]
[2022-03-12T02:53:41.675Z] > git for-each-ref --sort -committerdate --format %(refname) %(objectname) %(*objectname) [7ms]
[2022-03-12T02:53:41.675Z] > git remote --verbose [1ms]
[2022-03-12T02:53:41.703Z] > git config --get commit.template [4ms]
[2022-03-12T02:53:45.135Z] > git ls-files --stage -- /opt/projectcode/MightyWarriors/.vscode/tasks.json [4ms]
[2022-03-12T02:53:46.405Z] > git ls-files --stage -- /opt/projectcode/MightyWarriors/source.cpp [4ms]
[2022-03-12T02:53:46.423Z] > git cat-file -s e349ded7132d24143fd416dcbab4f77d7e73b473 [3ms]
[2022-03-12T02:53:46.758Z] > git symbolic-ref --short HEAD [1ms]
[2022-03-12T02:53:46.769Z] > git for-each-ref --format=%(refname)%00%(upstream:short)%00%(objectname)%00%(upstream:track) refs/heads/Server refs/remotes/Server [2ms]
[2022-03-12T02:53:46.784Z] > git for-each-ref --sort -committerdate --format %(refname) %(objectname) %(*objectname) [8ms]
[2022-03-12T02:53:46.785Z] > git remote --verbose [2ms]
[2022-03-12T02:53:46.812Z] > git config --get commit.template [0ms]
[2022-03-12T02:53:51.864Z] > git symbolic-ref --short HEAD [1ms]
[2022-03-12T02:53:51.871Z] > git for-each-ref --format=%(refname)%00%(upstream:short)%00%(objectname)%00%(upstream:track) refs/heads/Server refs/remotes/Server [1ms]
[2022-03-12T02:53:51.883Z] > git for-each-ref --sort -committerdate --format %(refname) %(objectname) %(*objectname) [6ms]
[2022-03-12T02:53:51.884Z] > git remote --verbose [2ms]
[2022-03-12T02:53:51.909Z] > git config --get commit.template [1ms]
[2022-03-12T02:53:56.928Z] > git symbolic-ref --short HEAD [1ms]
[2022-03-12T02:53:56.934Z] > git for-each-ref --format=%(refname)%00%(upstream:short)%00%(objectname)%00%(upstream:track) refs/heads/Server refs/remotes/Server [1ms]
[2022-03-12T02:53:56.944Z] > git for-each-ref --sort -committerdate --format %(refname) %(objectname) %(*objectname) [5ms]
[2022-03-12T02:53:56.944Z] > git remote --verbose [1ms]
[2022-03-12T02:53:56.963Z] > git config --get commit.template [0ms]
